/usr/bin/java -Xmx64G -XX:MaxDirectMemorySize=64G -classpath /root/YCSB/conf:/root/YCSB/core/target/core-0.18.0-SNAPSHOT.jar:/root/YCSB/rocksdb/target/rocksdb-binding-0.18.0-SNAPSHOT.jar:/root/YCSB/rocksdb/target/dependency/HdrHistogram-2.1.4.jar:/root/YCSB/rocksdb/target/dependency/animal-sniffer-annotations-1.19.jar:/root/YCSB/rocksdb/target/dependency/annotations-4.1.1.4.jar:/root/YCSB/rocksdb/target/dependency/checker-compat-qual-2.5.5.jar:/root/YCSB/rocksdb/target/dependency/error_prone_annotations-2.4.0.jar:/root/YCSB/rocksdb/target/dependency/failureaccess-1.0.1.jar:/root/YCSB/rocksdb/target/dependency/grpc-api-1.37.1.jar:/root/YCSB/rocksdb/target/dependency/grpc-context-1.37.1.jar:/root/YCSB/rocksdb/target/dependency/grpc-core-1.37.1.jar:/root/YCSB/rocksdb/target/dependency/grpc-netty-shaded-1.37.1.jar:/root/YCSB/rocksdb/target/dependency/grpc-protobuf-1.37.1.jar:/root/YCSB/rocksdb/target/dependency/grpc-protobuf-lite-1.37.1.jar:/root/YCSB/rocksdb/target/dependency/grpc-stub-1.37.1.jar:/root/YCSB/rocksdb/target/dependency/gson-2.8.6.jar:/root/YCSB/rocksdb/target/dependency/guava-30.0-android.jar:/root/YCSB/rocksdb/target/dependency/htrace-core4-4.1.0-incubating.jar:/root/YCSB/rocksdb/target/dependency/j2objc-annotations-1.3.jar:/root/YCSB/rocksdb/target/dependency/jcip-annotations-1.0.jar:/root/YCSB/rocksdb/target/dependency/jsr305-3.0.2.jar:/root/YCSB/rocksdb/target/dependency/listenablefuture-9999.0-empty-to-avoid-conflict-with-guava.jar:/root/YCSB/rocksdb/target/dependency/perfmark-api-0.23.0.jar:/root/YCSB/rocksdb/target/dependency/proto-google-common-protos-2.0.1.jar:/root/YCSB/rocksdb/target/dependency/protobuf-java-3.12.0.jar:/root/YCSB/rocksdb/target/dependency/rocksdbjni-6.14.0.jar:/root/YCSB/rocksdb/target/dependency/slf4j-api-1.7.25.jar:/root/YCSB/rocksdb/target/dependency/slf4j-simple-1.7.25.jar site.ycsb.db.rocksdb.Replicator  -db site.ycsb.db.rocksdb.RocksDBClient -s -P workloads/workloada -p port=50040 -p shard=8 -p client=4 -p head0=10.10.1.2:50050 -p tail0=10.10.1.5:50050 -p head1=10.10.1.3:50051 -p tail1=10.10.1.2:50051 -p head2=10.10.1.4:50052 -p tail2=10.10.1.3:50052 -p head3=10.10.1.5:50053 -p tail3=10.10.1.4:50053 -p head4=10.10.1.2:50054 -p tail4=10.10.1.5:50054 -p head5=10.10.1.3:50055 -p tail5=10.10.1.2:50055 -p head6=10.10.1.4:50056 -p tail6=10.10.1.3:50056 -p head7=10.10.1.5:50057 -p tail7=10.10.1.4:50057 -p replica=4
Command line: -db site.ycsb.db.rocksdb.RocksDBClient -s -P workloads/workloada -p port=50040 -p shard=8 -p client=4 -p head0=10.10.1.2:50050 -p tail0=10.10.1.5:50050 -p head1=10.10.1.3:50051 -p tail1=10.10.1.2:50051 -p head2=10.10.1.4:50052 -p tail2=10.10.1.3:50052 -p head3=10.10.1.5:50053 -p tail3=10.10.1.4:50053 -p head4=10.10.1.2:50054 -p tail4=10.10.1.5:50054 -p head5=10.10.1.3:50055 -p tail5=10.10.1.2:50055 -p head6=10.10.1.4:50056 -p tail6=10.10.1.3:50056 -p head7=10.10.1.5:50057 -p tail7=10.10.1.4:50057 -p replica=4
[main] INFO site.ycsb.db.rocksdb.Replicator - Server started, listening on 50040
observerMap[2] [1] [1] changes from null to io.grpc.stub.ServerCalls$ServerCallStreamObserverImpl@56abf61e
observerAccumulator 1 shard 2
observerMap[6] [2] [1] changes from null to io.grpc.stub.ServerCalls$ServerCallStreamObserverImpl@44c12b34
observerAccumulator 2 shard 6
observerMap[2] [2] [1] changes from null to io.grpc.stub.ServerCalls$ServerCallStreamObserverImpl@3a63ae53
observerAccumulator 3 shard 2
observerMap[1] [2] [1] changes from null to io.grpc.stub.ServerCalls$ServerCallStreamObserverImpl@727281b8
observerMap[6] [1] [1] changes from null to io.grpc.stub.ServerCalls$ServerCallStreamObserverImpl@11f6de2d
observerAccumulator 4 shard 1
observerAccumulator 5 shard 6
observerMap[6] [3] [1] changes from null to io.grpc.stub.ServerCalls$ServerCallStreamObserverImpl@4ea6d41d
observerMap[3] [2] [1] changes from null to io.grpc.stub.ServerCalls$ServerCallStreamObserverImpl@11915db2
observerAccumulator 6 shard 6
observerMap[0] [2] [1] changes from null to io.grpc.stub.ServerCalls$ServerCallStreamObserverImpl@72353e5e
observerMap[3] [3] [1] changes from null to io.grpc.stub.ServerCalls$ServerCallStreamObserverImpl@6ad712b6
observerMap[1] [1] [1] changes from null to io.grpc.stub.ServerCalls$ServerCallStreamObserverImpl@66022a2b
observerAccumulator 7 shard 3
observerMap[6] [0] [1] changes from null to io.grpc.stub.ServerCalls$ServerCallStreamObserverImpl@1abc976b
observerAccumulator 9 shard 3
observerAccumulator 11 shard 0
observerMap[0] [3] [1] changes from null to io.grpc.stub.ServerCalls$ServerCallStreamObserverImpl@935df41
observerAccumulator 9 shard 1
observerMap[4] [3] [1] changes from null to io.grpc.stub.ServerCalls$ServerCallStreamObserverImpl@21831b8f
observerMap[5] [1] [1] changes from null to io.grpc.stub.ServerCalls$ServerCallStreamObserverImpl@40ba03f5
observerMap[1] [0] [1] changes from null to io.grpc.stub.ServerCalls$ServerCallStreamObserverImpl@4f8dc4bc
observerMap[5] [2] [1] changes from null to io.grpc.stub.ServerCalls$ServerCallStreamObserverImpl@1b1c05ab
observerMap[7] [0] [1] changes from null to io.grpc.stub.ServerCalls$ServerCallStreamObserverImpl@33716ccf
observerMap[0] [0] [1] changes from null to io.grpc.stub.ServerCalls$ServerCallStreamObserverImpl@2ee177f
observerAccumulator 10 shard 6
observerMap[4] [1] [1] changes from null to io.grpc.stub.ServerCalls$ServerCallStreamObserverImpl@403cb2b7
observerAccumulator 16 shard 1
observerAccumulator 14 shard 4
observerMap[1] [3] [1] changes from null to io.grpc.stub.ServerCalls$ServerCallStreamObserverImpl@4c8a7dad
observerAccumulator 13 shard 5
observerMap[3] [1] [1] changes from null to io.grpc.stub.ServerCalls$ServerCallStreamObserverImpl@7a510fb
observerMap[4] [2] [1] changes from null to io.grpc.stub.ServerCalls$ServerCallStreamObserverImpl@65a144e2
observerMap[4] [0] [1] changes from null to io.grpc.stub.ServerCalls$ServerCallStreamObserverImpl@1d154b22
observerAccumulator 21 shard 3
observerMap[0] [1] [1] changes from null to io.grpc.stub.ServerCalls$ServerCallStreamObserverImpl@2e6d2bff
observerAccumulator 22 shard 4
observerMap[5] [0] [1] changes from null to io.grpc.stub.ServerCalls$ServerCallStreamObserverImpl@64cd993a
observerMap[7] [3] [1] changes from null to io.grpc.stub.ServerCalls$ServerCallStreamObserverImpl@433b135e
observerMap[7] [2] [1] changes from null to io.grpc.stub.ServerCalls$ServerCallStreamObserverImpl@6825a416
observerMap[5] [3] [1] changes from null to io.grpc.stub.ServerCalls$ServerCallStreamObserverImpl@179748a7
observerMap[7] [1] [1] changes from null to io.grpc.stub.ServerCalls$ServerCallStreamObserverImpl@6567ccd
observerMap[2] [3] [1] changes from null to io.grpc.stub.ServerCalls$ServerCallStreamObserverImpl@13edb241
observerMap[2] [0] [1] changes from null to io.grpc.stub.ServerCalls$ServerCallStreamObserverImpl@398ebd4f
observerMap[3] [0] [1] changes from null to io.grpc.stub.ServerCalls$ServerCallStreamObserverImpl@33ca35c4
observerAccumulator 12 shard 0
observerAccumulator 30 shard 2
observerAccumulator 31 shard 3
observerAccumulator 29 shard 2
observerAccumulator 28 shard 7
observerAccumulator 27 shard 5
observerAccumulator 26 shard 7
observerAccumulator 25 shard 7
observerAccumulator 24 shard 5
observerAccumulator 23 shard 0
observerAccumulator 20 shard 7
observerAccumulator 19 shard 4
observerAccumulator 18 shard 1
observerAccumulator 17 shard 4
observerAccumulator 15 shard 0
observerAccumulator 32 shard 5
observerMap[0] [2] [1] changes from io.grpc.stub.ServerCalls$ServerCallStreamObserverImpl@72353e5e to io.grpc.stub.ServerCalls$ServerCallStreamObserverImpl@8516a4f
observerAccumulator 33 shard 0
observerMap[1] [2] [1] changes from io.grpc.stub.ServerCalls$ServerCallStreamObserverImpl@727281b8 to io.grpc.stub.ServerCalls$ServerCallStreamObserverImpl@6f77376d
observerMap[1] [2] [1] changes from io.grpc.stub.ServerCalls$ServerCallStreamObserverImpl@6f77376d to io.grpc.stub.ServerCalls$ServerCallStreamObserverImpl@727281b8
observerAccumulator 34 shard 1
observerMap[2] [2] [1] changes from io.grpc.stub.ServerCalls$ServerCallStreamObserverImpl@3a63ae53 to io.grpc.stub.ServerCalls$ServerCallStreamObserverImpl@3553c812
observerMap[3] [2] [1] changes from io.grpc.stub.ServerCalls$ServerCallStreamObserverImpl@11915db2 to io.grpc.stub.ServerCalls$ServerCallStreamObserverImpl@9828555
observerAccumulator 35 shard 2
observerAccumulator 36 shard 3
observerMap[4] [2] [1] changes from io.grpc.stub.ServerCalls$ServerCallStreamObserverImpl@65a144e2 to io.grpc.stub.ServerCalls$ServerCallStreamObserverImpl@188666aa
observerAccumulator 37 shard 4
observerMap[6] [2] [1] changes from io.grpc.stub.ServerCalls$ServerCallStreamObserverImpl@44c12b34 to io.grpc.stub.ServerCalls$ServerCallStreamObserverImpl@61223d39
observerMap[5] [2] [1] changes from io.grpc.stub.ServerCalls$ServerCallStreamObserverImpl@1b1c05ab to io.grpc.stub.ServerCalls$ServerCallStreamObserverImpl@2bacd67c
observerAccumulator 38 shard 6
observerAccumulator 39 shard 5
observerMap[7] [2] [1] changes from io.grpc.stub.ServerCalls$ServerCallStreamObserverImpl@6825a416 to io.grpc.stub.ServerCalls$ServerCallStreamObserverImpl@7d8716ca
observerMap[6] [2] [1] changes from io.grpc.stub.ServerCalls$ServerCallStreamObserverImpl@61223d39 to io.grpc.stub.ServerCalls$ServerCallStreamObserverImpl@44c12b34
observerAccumulator 40 shard 7
observerMap[7] [2] [1] changes from io.grpc.stub.ServerCalls$ServerCallStreamObserverImpl@7d8716ca to io.grpc.stub.ServerCalls$ServerCallStreamObserverImpl@6825a416
observerMap[0] [1] [1] changes from io.grpc.stub.ServerCalls$ServerCallStreamObserverImpl@2e6d2bff to io.grpc.stub.ServerCalls$ServerCallStreamObserverImpl@211e6725
observerMap[0] [1] [1] changes from io.grpc.stub.ServerCalls$ServerCallStreamObserverImpl@211e6725 to io.grpc.stub.ServerCalls$ServerCallStreamObserverImpl@2e6d2bff
observerMap[1] [1] [1] changes from io.grpc.stub.ServerCalls$ServerCallStreamObserverImpl@66022a2b to io.grpc.stub.ServerCalls$ServerCallStreamObserverImpl@3582187d
observerAccumulator 41 shard 0
observerAccumulator 42 shard 1
observerMap[1] [1] [1] changes from io.grpc.stub.ServerCalls$ServerCallStreamObserverImpl@3582187d to io.grpc.stub.ServerCalls$ServerCallStreamObserverImpl@66022a2b
observerMap[2] [1] [1] changes from io.grpc.stub.ServerCalls$ServerCallStreamObserverImpl@56abf61e to io.grpc.stub.ServerCalls$ServerCallStreamObserverImpl@66b4d9da
observerAccumulator 43 shard 2
observerMap[2] [1] [1] changes from io.grpc.stub.ServerCalls$ServerCallStreamObserverImpl@66b4d9da to io.grpc.stub.ServerCalls$ServerCallStreamObserverImpl@56abf61e
observerMap[3] [1] [1] changes from io.grpc.stub.ServerCalls$ServerCallStreamObserverImpl@7a510fb to io.grpc.stub.ServerCalls$ServerCallStreamObserverImpl@777f7dba
observerAccumulator 44 shard 3
observerMap[4] [1] [1] changes from io.grpc.stub.ServerCalls$ServerCallStreamObserverImpl@403cb2b7 to io.grpc.stub.ServerCalls$ServerCallStreamObserverImpl@264d93aa
observerAccumulator 45 shard 4
observerMap[3] [1] [1] changes from io.grpc.stub.ServerCalls$ServerCallStreamObserverImpl@777f7dba to io.grpc.stub.ServerCalls$ServerCallStreamObserverImpl@7a510fb
observerMap[4] [1] [1] changes from io.grpc.stub.ServerCalls$ServerCallStreamObserverImpl@264d93aa to io.grpc.stub.ServerCalls$ServerCallStreamObserverImpl@403cb2b7
observerMap[5] [1] [1] changes from io.grpc.stub.ServerCalls$ServerCallStreamObserverImpl@40ba03f5 to io.grpc.stub.ServerCalls$ServerCallStreamObserverImpl@1e5bee2d
observerMap[5] [1] [1] changes from io.grpc.stub.ServerCalls$ServerCallStreamObserverImpl@1e5bee2d to io.grpc.stub.ServerCalls$ServerCallStreamObserverImpl@40ba03f5
observerAccumulator 46 shard 5
observerMap[6] [1] [1] changes from io.grpc.stub.ServerCalls$ServerCallStreamObserverImpl@11f6de2d to io.grpc.stub.ServerCalls$ServerCallStreamObserverImpl@112a8bab
observerMap[6] [1] [1] changes from io.grpc.stub.ServerCalls$ServerCallStreamObserverImpl@112a8bab to io.grpc.stub.ServerCalls$ServerCallStreamObserverImpl@11f6de2d
observerAccumulator 47 shard 6
observerMap[7] [1] [1] changes from io.grpc.stub.ServerCalls$ServerCallStreamObserverImpl@6567ccd to io.grpc.stub.ServerCalls$ServerCallStreamObserverImpl@7eac2a2c
observerMap[7] [1] [1] changes from io.grpc.stub.ServerCalls$ServerCallStreamObserverImpl@7eac2a2c to io.grpc.stub.ServerCalls$ServerCallStreamObserverImpl@6567ccd
observerAccumulator 48 shard 7
observerMap[0] [3] [1] changes from io.grpc.stub.ServerCalls$ServerCallStreamObserverImpl@935df41 to io.grpc.stub.ServerCalls$ServerCallStreamObserverImpl@1ad7f11
observerAccumulator 49 shard 0
observerMap[1] [3] [1] changes from io.grpc.stub.ServerCalls$ServerCallStreamObserverImpl@4c8a7dad to io.grpc.stub.ServerCalls$ServerCallStreamObserverImpl@40f960f6
observerAccumulator 50 shard 1
observerMap[1] [0] [1] changes from io.grpc.stub.ServerCalls$ServerCallStreamObserverImpl@4f8dc4bc to io.grpc.stub.ServerCalls$ServerCallStreamObserverImpl@6a458b2d
observerAccumulator 51 shard 1
observerMap[1] [0] [1] changes from io.grpc.stub.ServerCalls$ServerCallStreamObserverImpl@6a458b2d to io.grpc.stub.ServerCalls$ServerCallStreamObserverImpl@4f8dc4bc
observerMap[0] [0] [1] changes from io.grpc.stub.ServerCalls$ServerCallStreamObserverImpl@2ee177f to io.grpc.stub.ServerCalls$ServerCallStreamObserverImpl@16730fe9
observerAccumulator 52 shard 0
observerMap[3] [3] [1] changes from io.grpc.stub.ServerCalls$ServerCallStreamObserverImpl@6ad712b6 to io.grpc.stub.ServerCalls$ServerCallStreamObserverImpl@3c0785a2
observerMap[2] [3] [1] changes from io.grpc.stub.ServerCalls$ServerCallStreamObserverImpl@13edb241 to io.grpc.stub.ServerCalls$ServerCallStreamObserverImpl@76fe38d0
observerAccumulator 53 shard 3
observerAccumulator 54 shard 2
observerMap[2] [3] [1] changes from io.grpc.stub.ServerCalls$ServerCallStreamObserverImpl@76fe38d0 to io.grpc.stub.ServerCalls$ServerCallStreamObserverImpl@13edb241
observerMap[2] [0] [1] changes from io.grpc.stub.ServerCalls$ServerCallStreamObserverImpl@398ebd4f to io.grpc.stub.ServerCalls$ServerCallStreamObserverImpl@21bdaa90
observerMap[5] [0] [1] changes from io.grpc.stub.ServerCalls$ServerCallStreamObserverImpl@64cd993a to io.grpc.stub.ServerCalls$ServerCallStreamObserverImpl@127e0dda
observerAccumulator 55 shard 2
observerMap[4] [0] [1] changes from io.grpc.stub.ServerCalls$ServerCallStreamObserverImpl@1d154b22 to io.grpc.stub.ServerCalls$ServerCallStreamObserverImpl@20feaad4
observerAccumulator 56 shard 5
observerAccumulator 57 shard 4
observerMap[6] [0] [1] changes from io.grpc.stub.ServerCalls$ServerCallStreamObserverImpl@1abc976b to io.grpc.stub.ServerCalls$ServerCallStreamObserverImpl@2be60c55
observerMap[7] [0] [1] changes from io.grpc.stub.ServerCalls$ServerCallStreamObserverImpl@33716ccf to io.grpc.stub.ServerCalls$ServerCallStreamObserverImpl@18fcd361
observerAccumulator 58 shard 6
observerMap[3] [0] [1] changes from io.grpc.stub.ServerCalls$ServerCallStreamObserverImpl@33ca35c4 to io.grpc.stub.ServerCalls$ServerCallStreamObserverImpl@4124be61
observerAccumulator 59 shard 7
observerMap[3] [0] [1] changes from io.grpc.stub.ServerCalls$ServerCallStreamObserverImpl@4124be61 to io.grpc.stub.ServerCalls$ServerCallStreamObserverImpl@33ca35c4
observerMap[4] [0] [1] changes from io.grpc.stub.ServerCalls$ServerCallStreamObserverImpl@20feaad4 to io.grpc.stub.ServerCalls$ServerCallStreamObserverImpl@1d154b22
observerAccumulator 60 shard 3
observerMap[2] [0] [1] changes from io.grpc.stub.ServerCalls$ServerCallStreamObserverImpl@21bdaa90 to io.grpc.stub.ServerCalls$ServerCallStreamObserverImpl@398ebd4f
observerMap[7] [0] [1] changes from io.grpc.stub.ServerCalls$ServerCallStreamObserverImpl@18fcd361 to io.grpc.stub.ServerCalls$ServerCallStreamObserverImpl@33716ccf
observerMap[5] [0] [1] changes from io.grpc.stub.ServerCalls$ServerCallStreamObserverImpl@127e0dda to io.grpc.stub.ServerCalls$ServerCallStreamObserverImpl@64cd993a
observerMap[5] [3] [1] changes from io.grpc.stub.ServerCalls$ServerCallStreamObserverImpl@179748a7 to io.grpc.stub.ServerCalls$ServerCallStreamObserverImpl@430dca42
observerAccumulator 61 shard 5
observerMap[4] [3] [1] changes from io.grpc.stub.ServerCalls$ServerCallStreamObserverImpl@21831b8f to io.grpc.stub.ServerCalls$ServerCallStreamObserverImpl@b30b02e
observerAccumulator 62 shard 4
observerMap[6] [0] [1] changes from io.grpc.stub.ServerCalls$ServerCallStreamObserverImpl@2be60c55 to io.grpc.stub.ServerCalls$ServerCallStreamObserverImpl@1abc976b
observerMap[4] [3] [1] changes from io.grpc.stub.ServerCalls$ServerCallStreamObserverImpl@b30b02e to io.grpc.stub.ServerCalls$ServerCallStreamObserverImpl@21831b8f
observerMap[5] [3] [1] changes from io.grpc.stub.ServerCalls$ServerCallStreamObserverImpl@430dca42 to io.grpc.stub.ServerCalls$ServerCallStreamObserverImpl@179748a7
observerMap[6] [3] [1] changes from io.grpc.stub.ServerCalls$ServerCallStreamObserverImpl@4ea6d41d to io.grpc.stub.ServerCalls$ServerCallStreamObserverImpl@36ffeed2
observerAccumulator 63 shard 6
observerMap[6] [3] [1] changes from io.grpc.stub.ServerCalls$ServerCallStreamObserverImpl@36ffeed2 to io.grpc.stub.ServerCalls$ServerCallStreamObserverImpl@4ea6d41d
observerMap[7] [3] [1] changes from io.grpc.stub.ServerCalls$ServerCallStreamObserverImpl@433b135e to io.grpc.stub.ServerCalls$ServerCallStreamObserverImpl@7ce40e82
observerAccumulator 64 shard 7
dumbObserver.onCompleted shard: 5 client: 3 write:true 2022-11-27 06:03:37.237
dumbObserver.onCompleted shard: 0 client: 1 write:true 2022-11-27 06:03:37.249
dumbObserver.onCompleted shard: 0 client: 2 write:true 2022-11-27 06:03:37.249
sendReply.onError shard: -1 client: -1 write:false 2022-11-27 06:03:37.25
sendReply.onError shard: -1 client: -1 write:false 2022-11-27 06:03:37.25
dumbObserver.onCompleted shard: 1 client: 2 write:true 2022-11-27 06:03:37.25[grpc-default-executor-107] ERROR site.ycsb.db.rocksdb.Replicator - Encountered error in sendReply

[grpc-default-executor-116] ERROR site.ycsb.db.rocksdb.Replicator - Encountered error in sendReply
dumbObserver.onCompleted shard: 6 client: 1 write:true 2022-11-27 06:03:37.251
sendReply.onError shard: 7 client: 3 write:true 2022-11-27 06:03:37.249
sendReply.onError shard: -1 client: -1 write:false 2022-11-27 06:03:37.251
[grpc-default-executor-118] ERROR site.ycsb.db.rocksdb.Replicator - Encountered error in sendReply
headObserver.onCompleted shard: 0 client: 1 write:true 2022-11-27 06:03:37.23[grpc-default-executor-161] ERROR site.ycsb.db.rocksdb.Replicator - Encountered error in sendReply

sendReply.onError shard: 0 client: 3 write:true 2022-11-27 06:03:37.265
io.grpc.StatusRuntimeException: CANCELLED: client cancelled
sendReply.onError shard: 0 client: 1 write:true 2022-11-27 06:03:37.262
sendReply.onError shard: -1 client: -1 write:false 2022-11-27 06:03:37.255
headObserver.onCompleted shard: 0 client: 2 write:true 2022-11-27 06:03:37.229
sendReply.onError shard: 3 client: 3 write:true 2022-11-27 06:03:37.252
sendReply.onError shard: 5 client: 2 write:true 2022-11-27 06:03:37.252
dumbObserver.onCompleted shard: 4 client: 2 write:true 2022-11-27 06:03:37.253
dumbObserver.onCompleted shard: 5 client: 2 write:true 2022-11-27 06:03:37.26
headObserver.onCompleted shard: 6 client: 3 write:true 2022-11-27 06:03:37.229
sendReply.onError shard: 1 client: 1 write:true 2022-11-27 06:03:37.254
sendReply.onError shard: -1 client: -1 write:false 2022-11-27 06:03:37.235
sendReply.onError shard: -1 client: -1 write:false 2022-11-27 06:03:37.25
dumbObserver.onCompleted shard: 2 client: 2 write:true 2022-11-27 06:03:37.249
sendReply.onError shard: 3 client: 2 write:true 2022-11-27 06:03:37.236
dumbObserver.onCompleted shard: 5 client: 1 write:true 2022-11-27 06:03:37.249
dumbObserver.onCompleted shard: 5 client: 2 write:true 2022-11-27 06:03:37.249
sendReply.onError shard: -1 client: -1 write:false 2022-11-27 06:03:37.249	at io.grpc.Status.asRuntimeException(Status.java:526)

	at io.grpc.stub.ServerCalls$StreamingServerCallHandler$StreamingServerCallListener.onCancel(ServerCalls.java:284)
	at io.grpc.internal.ServerCallImpl$ServerStreamListenerImpl.closedInternal(ServerCallImpl.java:353)
	at io.grpc.internal.ServerCallImpl$ServerStreamListenerImpl.closed(ServerCallImpl.java:341)
	at io.grpc.internal.ServerImpl$JumpToApplicationThreadServerStreamListener$1Closed.runInContext(ServerImpl.java:844)
	at io.grpc.internal.ContextRunnable.run(ContextRunnable.java:37)
	at io.grpc.internal.SerializingExecutor.run(SerializingExecutor.java:123)
	at java.base/java.util.concurrent.ThreadPoolExecutor.runWorker(ThreadPoolExecutor.java:1128)headObserver.onCompleted shard: 1 client: 3 write:true 2022-11-27 06:03:37.236

	at java.base/java.util.concurrent.ThreadPoolExecutor$Worker.run(ThreadPoolExecutor.java:628)
headObserver.onCompleted shard: 5 client: 2 write:true 2022-11-27 06:03:37.249	at java.base/java.lang.Thread.run(Thread.java:829)

dumbObserver.onError shard: 2 client: 3 write:true 2022-11-27 06:03:37.249
[grpc-default-executor-132] ERROR site.ycsb.db.rocksdb.Replicator - Encountered error in sendReply
headObserver.onCompleted shard: 1 client: 3 write:true 2022-11-27 06:03:37.236[grpc-default-executor-113] ERROR site.ycsb.db.rocksdb.Replicator - Encountered error in sendReply

io.grpc.StatusRuntimeException: CANCELLED: client cancelleddumbObserver.onCompleted shard: 2 client: 1 write:true 2022-11-27 06:03:37.249

headObserver.onCompleted shard: 7 client: 1 write:true 2022-11-27 06:03:37.229
dumbObserver.onCompleted shard: 5 client: 3 write:true 2022-11-27 06:03:37.249
	at io.grpc.Status.asRuntimeException(Status.java:526)dumbObserver.onCompleted shard: 1 client: 1 write:true 2022-11-27 06:03:37.249

	at io.grpc.stub.ServerCalls$StreamingServerCallHandler$StreamingServerCallListener.onCancel(ServerCalls.java:284)
	at io.grpc.internal.ServerCallImpl$ServerStreamListenerImpl.closedInternal(ServerCallImpl.java:353)
	at io.grpc.internal.ServerCallImpl$ServerStreamListenerImpl.closed(ServerCallImpl.java:341)
	at io.grpc.internal.ServerImpl$JumpToApplicationThreadServerStreamListener$1Closed.runInContext(ServerImpl.java:844)headObserver.onCompleted shard: 6 client: 1 write:true 2022-11-27 06:03:37.229

	at io.grpc.internal.ContextRunnable.run(ContextRunnable.java:37)
headObserver.onCompleted shard: 6 client: 2 write:true 2022-11-27 06:03:37.237	at io.grpc.internal.SerializingExecutor.run(SerializingExecutor.java:123)

	at java.base/java.util.concurrent.ThreadPoolExecutor.runWorker(ThreadPoolExecutor.java:1128)sendReply.onError shard: 1 client: 2 write:true 2022-11-27 06:03:37.237

	at java.base/java.util.concurrent.ThreadPoolExecutor$Worker.run(ThreadPoolExecutor.java:628)sendReply.onError shard: 5 client: 3 write:true 2022-11-27 06:03:37.244

	at java.base/java.lang.Thread.run(Thread.java:829)
[grpc-default-executor-99] ERROR site.ycsb.db.rocksdb.Replicator - Encountered error in sendReply
[grpc-default-executor-117] ERROR site.ycsb.db.rocksdb.Replicator - Encountered error in sendReply
io.grpc.StatusRuntimeException: CANCELLED: client cancelled
dumbObserver.onCompleted shard: 5 client: 1 write:true 2022-11-27 06:03:37.248
dumbObserver.onCompleted shard: 0 client: 3 write:true 2022-11-27 06:03:37.237
	at io.grpc.Status.asRuntimeException(Status.java:526)dumbObserver.onCompleted shard: 2 client: 2 write:true 2022-11-27 06:03:37.242

	at io.grpc.stub.ServerCalls$StreamingServerCallHandler$StreamingServerCallListener.onCancel(ServerCalls.java:284)sendReply.onError shard: -1 client: -1 write:false 2022-11-27 06:03:37.244

	at io.grpc.internal.ServerCallImpl$ServerStreamListenerImpl.closedInternal(ServerCallImpl.java:353)dumbObserver.onCompleted shard: 2 client: 1 write:true 2022-11-27 06:03:37.244

	at io.grpc.internal.ServerCallImpl$ServerStreamListenerImpl.closed(ServerCallImpl.java:341)
sendReply.onError shard: -1 client: -1 write:false 2022-11-27 06:03:37.237
	at io.grpc.internal.ServerImpl$JumpToApplicationThreadServerStreamListener$1Closed.runInContext(ServerImpl.java:844)
sendReply.onError shard: 7 client: 1 write:true 2022-11-27 06:03:37.244	at io.grpc.internal.ContextRunnable.run(ContextRunnable.java:37)

	at io.grpc.internal.SerializingExecutor.run(SerializingExecutor.java:123)
sendReply.onError shard: 6 client: 3 write:true 2022-11-27 06:03:37.243	at java.base/java.util.concurrent.ThreadPoolExecutor.runWorker(ThreadPoolExecutor.java:1128)

	at java.base/java.util.concurrent.ThreadPoolExecutor$Worker.run(ThreadPoolExecutor.java:628)
headObserver.onCompleted shard: 0 client: 3 write:true 2022-11-27 06:03:37.237	at java.base/java.lang.Thread.run(Thread.java:829)

dumbObserver.onCompleted shard: 1 client: 2 write:true 2022-11-27 06:03:37.237[grpc-default-executor-104] ERROR site.ycsb.db.rocksdb.Replicator - Encountered error in sendReply

[grpc-default-executor-169] ERROR site.ycsb.db.rocksdb.Replicator - Encountered error in sendReplyheadObserver.onCompleted shard: 2 client: 2 write:true 2022-11-27 06:03:37.229

io.grpc.StatusRuntimeException: CANCELLED: client cancelled
headObserver.onCompleted shard: 1 client: 2 write:true 2022-11-27 06:03:37.229
headObserver.onCompleted shard: 5 client: 1 write:true 2022-11-27 06:03:37.229
headObserver.onCompleted shard: 5 client: 3 write:true 2022-11-27 06:03:37.229
	at io.grpc.Status.asRuntimeException(Status.java:526)
	at io.grpc.stub.ServerCalls$StreamingServerCallHandler$StreamingServerCallListener.onCancel(ServerCalls.java:284)headObserver.onCompleted shard: 2 client: 1 write:true 2022-11-27 06:03:37.229

	at io.grpc.internal.ServerCallImpl$ServerStreamListenerImpl.closedInternal(ServerCallImpl.java:353)
	at io.grpc.internal.ServerCallImpl$ServerStreamListenerImpl.closed(ServerCallImpl.java:341)
	at io.grpc.internal.ServerImpl$JumpToApplicationThreadServerStreamListener$1Closed.runInContext(ServerImpl.java:844)headObserver.onCompleted shard: 3 client: 1 write:true 2022-11-27 06:03:37.229
	at io.grpc.internal.ContextRunnable.run(ContextRunnable.java:37)

	at io.grpc.internal.SerializingExecutor.run(SerializingExecutor.java:123)
	at java.base/java.util.concurrent.ThreadPoolExecutor.runWorker(ThreadPoolExecutor.java:1128)
headObserver.onCompleted shard: 2 client: 1 write:true 2022-11-27 06:03:37.229	at java.base/java.util.concurrent.ThreadPoolExecutor$Worker.run(ThreadPoolExecutor.java:628)

	at java.base/java.lang.Thread.run(Thread.java:829)
headObserver.onCompleted shard: 5 client: 3 write:true 2022-11-27 06:03:37.229
[grpc-default-executor-160] ERROR site.ycsb.db.rocksdb.Replicator - Encountered error in sendReply
headObserver.onCompleted shard: 7 client: 3 write:true 2022-11-27 06:03:37.229
[grpc-default-executor-158] ERROR site.ycsb.db.rocksdb.Replicator - Encountered error in sendReply
headObserver.onCompleted shard: 4 client: 1 write:true 2022-11-27 06:03:37.229
[grpc-default-executor-179] ERROR site.ycsb.db.rocksdb.Replicator - Encountered error in sendReply
headObserver.onCompleted shard: 3 client: 2 write:true 2022-11-27 06:03:37.229[grpc-default-executor-195] ERROR site.ycsb.db.rocksdb.Replicator - Encountered error in sendReply

io.grpc.StatusRuntimeException: CANCELLED: client cancelledheadObserver.onCompleted shard: 4 client: 3 write:true 2022-11-27 06:03:37.229

headObserver.onCompleted shard: 4 client: 2 write:true 2022-11-27 06:03:37.229
	at io.grpc.Status.asRuntimeException(Status.java:526)headObserver.onCompleted shard: 4 client: 1 write:true 2022-11-27 06:03:37.229
	at io.grpc.stub.ServerCalls$StreamingServerCallHandler$StreamingServerCallListener.onCancel(ServerCalls.java:284)

	at io.grpc.internal.ServerCallImpl$ServerStreamListenerImpl.closedInternal(ServerCallImpl.java:353)
	at io.grpc.internal.ServerCallImpl$ServerStreamListenerImpl.closed(ServerCallImpl.java:341)headObserver.onCompleted shard: 3 client: 2 write:true 2022-11-27 06:03:37.229

	at io.grpc.internal.ServerImpl$JumpToApplicationThreadServerStreamListener$1Closed.runInContext(ServerImpl.java:844)
	at io.grpc.internal.ContextRunnable.run(ContextRunnable.java:37)
	at io.grpc.internal.SerializingExecutor.run(SerializingExecutor.java:123)headObserver.onCompleted shard: 7 client: 1 write:true 2022-11-27 06:03:37.229

	at java.base/java.util.concurrent.ThreadPoolExecutor.runWorker(ThreadPoolExecutor.java:1128)
	at java.base/java.util.concurrent.ThreadPoolExecutor$Worker.run(ThreadPoolExecutor.java:628)
headObserver.onCompleted shard: 4 client: 3 write:true 2022-11-27 06:03:37.229	at java.base/java.lang.Thread.run(Thread.java:829)

headObserver.onCompleted shard: 5 client: 1 write:true 2022-11-27 06:03:37.229[grpc-default-executor-197] ERROR site.ycsb.db.rocksdb.Replicator - Encountered error in sendReply

headObserver.onCompleted shard: 0 client: 2 write:true 2022-11-27 06:03:37.229io.grpc.StatusRuntimeException: CANCELLED: client cancelled

headObserver.onCompleted shard: 3 client: 3 write:true 2022-11-27 06:03:37.229
	at io.grpc.Status.asRuntimeException(Status.java:526)
	at io.grpc.stub.ServerCalls$StreamingServerCallHandler$StreamingServerCallListener.onCancel(ServerCalls.java:284)
dumbObserver.onCompleted shard: 0 client: 2 write:true 2022-11-27 06:03:37.253	at io.grpc.internal.ServerCallImpl$ServerStreamListenerImpl.closedInternal(ServerCallImpl.java:353)

	at io.grpc.internal.ServerCallImpl$ServerStreamListenerImpl.closed(ServerCallImpl.java:341)
	at io.grpc.internal.ServerImpl$JumpToApplicationThreadServerStreamListener$1Closed.runInContext(ServerImpl.java:844)
headObserver.onCompleted shard: 5 client: 2 write:true 2022-11-27 06:03:37.229	at io.grpc.internal.ContextRunnable.run(ContextRunnable.java:37)

	at io.grpc.internal.SerializingExecutor.run(SerializingExecutor.java:123)
sendReply.onError shard: 2 client: 1 write:true 2022-11-27 06:03:37.252	at java.base/java.util.concurrent.ThreadPoolExecutor.runWorker(ThreadPoolExecutor.java:1128)

	at java.base/java.util.concurrent.ThreadPoolExecutor$Worker.run(ThreadPoolExecutor.java:628)
	at java.base/java.lang.Thread.run(Thread.java:829)dumbObserver.onCompleted shard: 3 client: 2 write:true 2022-11-27 06:03:37.253

io.grpc.StatusRuntimeException: CANCELLED: client cancelleddumbObserver.onCompleted shard: 4 client: 1 write:true 2022-11-27 06:03:37.26

sendReply.onError shard: 4 client: 1 write:true 2022-11-27 06:03:37.253
headObserver.onCompleted shard: 6 client: 3 write:true 2022-11-27 06:03:37.229	at io.grpc.Status.asRuntimeException(Status.java:526)

	at io.grpc.stub.ServerCalls$StreamingServerCallHandler$StreamingServerCallListener.onCancel(ServerCalls.java:284)
	at io.grpc.internal.ServerCallImpl$ServerStreamListenerImpl.closedInternal(ServerCallImpl.java:353)dumbObserver.onError shard: 0 client: 3 write:true 2022-11-27 06:03:37.262

	at io.grpc.internal.ServerCallImpl$ServerStreamListenerImpl.closed(ServerCallImpl.java:341)
	at io.grpc.internal.ServerImpl$JumpToApplicationThreadServerStreamListener$1Closed.runInContext(ServerImpl.java:844)sendReply.onError shard: -1 client: -1 write:false 2022-11-27 06:03:37.254

	at io.grpc.internal.ContextRunnable.run(ContextRunnable.java:37)sendReply.onError shard: -1 client: -1 write:false 2022-11-27 06:03:37.262

	at io.grpc.internal.SerializingExecutor.run(SerializingExecutor.java:123)
sendReply.onError shard: 2 client: 3 write:true 2022-11-27 06:03:37.253
headObserver.onCompleted shard: 7 client: 3 write:true 2022-11-27 06:03:37.229	at java.base/java.util.concurrent.ThreadPoolExecutor.runWorker(ThreadPoolExecutor.java:1128)

	at java.base/java.util.concurrent.ThreadPoolExecutor$Worker.run(ThreadPoolExecutor.java:628)
headObserver.onCompleted shard: 0 client: 1 write:true 2022-11-27 06:03:37.229	at java.base/java.lang.Thread.run(Thread.java:829)

dumbObserver.onError shard: 1 client: 3 write:true 2022-11-27 06:03:37.253
io.grpc.StatusRuntimeException: CANCELLED: client cancelled
dumbObserver.onCompleted shard: 0 client: 1 write:true 2022-11-27 06:03:37.255
dumbObserver.onCompleted shard: 7 client: 3 write:true 2022-11-27 06:03:37.262
sendReply.onError shard: -1 client: -1 write:false 2022-11-27 06:03:37.252
	at io.grpc.Status.asRuntimeException(Status.java:526)
sendReply.onError shard: 0 client: 2 write:true 2022-11-27 06:03:37.26	at io.grpc.stub.ServerCalls$StreamingServerCallHandler$StreamingServerCallListener.onCancel(ServerCalls.java:284)

	at io.grpc.internal.ServerCallImpl$ServerStreamListenerImpl.closedInternal(ServerCallImpl.java:353)
	at io.grpc.internal.ServerCallImpl$ServerStreamListenerImpl.closed(ServerCallImpl.java:341)
	at io.grpc.internal.ServerImpl$JumpToApplicationThreadServerStreamListener$1Closed.runInContext(ServerImpl.java:844)headObserver.onCompleted shard: 2 client: 2 write:true 2022-11-27 06:03:37.229

	at io.grpc.internal.ContextRunnable.run(ContextRunnable.java:37)dumbObserver.onCompleted shard: 3 client: 1 write:true 2022-11-27 06:03:37.261

	at io.grpc.internal.SerializingExecutor.run(SerializingExecutor.java:123)headObserver.onCompleted shard: 0 client: 3 write:true 2022-11-27 06:03:37.229

	at java.base/java.util.concurrent.ThreadPoolExecutor.runWorker(ThreadPoolExecutor.java:1128)
sendReply.onError shard: 1 client: 3 write:true 2022-11-27 06:03:37.262	at java.base/java.util.concurrent.ThreadPoolExecutor$Worker.run(ThreadPoolExecutor.java:628)

	at java.base/java.lang.Thread.run(Thread.java:829)sendReply.onError shard: 4 client: 3 write:true 2022-11-27 06:03:37.262

[grpc-default-executor-186] ERROR site.ycsb.db.rocksdb.Replicator - Encountered error in sendReplydumbObserver.onCompleted shard: 3 client: 3 write:true 2022-11-27 06:03:37.264

[grpc-default-executor-181] ERROR site.ycsb.db.rocksdb.Replicator - Encountered error in sendReplyheadObserver.onCompleted shard: 7 client: 2 write:true 2022-11-27 06:03:37.229

[grpc-default-executor-164] ERROR site.ycsb.db.rocksdb.Replicator - Encountered error in sendReplydumbObserver.onCompleted shard: 7 client: 1 write:true 2022-11-27 06:03:37.26

io.grpc.StatusRuntimeException: CANCELLED: client cancelleddumbObserver.onCompleted shard: 7 client: 2 write:true 2022-11-27 06:03:37.262

headObserver.onCompleted shard: 1 client: 2 write:true 2022-11-27 06:03:37.229
dumbObserver.onCompleted shard: 7 client: 2 write:true 2022-11-27 06:03:37.26	at io.grpc.Status.asRuntimeException(Status.java:526)

sendReply.onError shard: -1 client: -1 write:false 2022-11-27 06:03:37.252
	at io.grpc.stub.ServerCalls$StreamingServerCallHandler$StreamingServerCallListener.onCancel(ServerCalls.java:284)dumbObserver.onError shard: 6 client: 2 write:true 2022-11-27 06:03:37.262

	at io.grpc.internal.ServerCallImpl$ServerStreamListenerImpl.closedInternal(ServerCallImpl.java:353)
sendReply.onError shard: -1 client: -1 write:false 2022-11-27 06:03:37.252	at io.grpc.internal.ServerCallImpl$ServerStreamListenerImpl.closed(ServerCallImpl.java:341)

	at io.grpc.internal.ServerImpl$JumpToApplicationThreadServerStreamListener$1Closed.runInContext(ServerImpl.java:844)
	at io.grpc.internal.ContextRunnable.run(ContextRunnable.java:37)dumbObserver.onCompleted shard: 4 client: 3 write:true 2022-11-27 06:03:37.262

	at io.grpc.internal.SerializingExecutor.run(SerializingExecutor.java:123)
	at java.base/java.util.concurrent.ThreadPoolExecutor.runWorker(ThreadPoolExecutor.java:1128)headObserver.onCompleted shard: 6 client: 1 write:true 2022-11-27 06:03:37.229

	at java.base/java.util.concurrent.ThreadPoolExecutor$Worker.run(ThreadPoolExecutor.java:628)
	at java.base/java.lang.Thread.run(Thread.java:829)sendReply.onError shard: 3 client: 1 write:true 2022-11-27 06:03:37.252

dumbObserver.onCompleted shard: 4 client: 1 write:true 2022-11-27 06:03:37.254
[grpc-default-executor-155] ERROR site.ycsb.db.rocksdb.Replicator - Encountered error in sendReply
sendReply.onError shard: -1 client: -1 write:false 2022-11-27 06:03:37.264
[grpc-default-executor-172] ERROR site.ycsb.db.rocksdb.Replicator - Encountered error in sendReplysendReply.onError shard: -1 client: -1 write:false 2022-11-27 06:03:37.252

dumbObserver.onCompleted shard: 6 client: 1 write:true 2022-11-27 06:03:37.255[grpc-default-executor-193] ERROR site.ycsb.db.rocksdb.Replicator - Encountered error in sendReply

[grpc-default-executor-180] ERROR site.ycsb.db.rocksdb.Replicator - Encountered error in sendReplydumbObserver.onCompleted shard: 6 client: 2 write:true 2022-11-27 06:03:37.264

headObserver.onCompleted shard: 3 client: 1 write:true 2022-11-27 06:03:37.229[grpc-default-executor-162] ERROR site.ycsb.db.rocksdb.Replicator - Encountered error in sendReply

dumbObserver.onCompleted shard: 7 client: 1 write:true 2022-11-27 06:03:37.257
[grpc-default-executor-163] ERROR site.ycsb.db.rocksdb.Replicator - Encountered error in sendReply
headObserver.onCompleted shard: 4 client: 2 write:true 2022-11-27 06:03:37.229io.grpc.StatusRuntimeException: CANCELLED: client cancelled

sendReply.onError shard: -1 client: -1 write:false 2022-11-27 06:03:37.251
dumbObserver.onError shard: 1 client: 3 write:true 2022-11-27 06:03:37.255
	at io.grpc.Status.asRuntimeException(Status.java:526)sendReply.onError shard: 2 client: 2 write:true 2022-11-27 06:03:37.251

	at io.grpc.stub.ServerCalls$StreamingServerCallHandler$StreamingServerCallListener.onCancel(ServerCalls.java:284)
sendReply.onError shard: -1 client: -1 write:false 2022-11-27 06:03:37.251	at io.grpc.internal.ServerCallImpl$ServerStreamListenerImpl.closedInternal(ServerCallImpl.java:353)

	at io.grpc.internal.ServerCallImpl$ServerStreamListenerImpl.closed(ServerCallImpl.java:341)
	at io.grpc.internal.ServerImpl$JumpToApplicationThreadServerStreamListener$1Closed.runInContext(ServerImpl.java:844)
headObserver.onCompleted shard: 1 client: 1 write:true 2022-11-27 06:03:37.229
	at io.grpc.internal.ContextRunnable.run(ContextRunnable.java:37)
	at io.grpc.internal.SerializingExecutor.run(SerializingExecutor.java:123)
	at java.base/java.util.concurrent.ThreadPoolExecutor.runWorker(ThreadPoolExecutor.java:1128)
	at java.base/java.util.concurrent.ThreadPoolExecutor$Worker.run(ThreadPoolExecutor.java:628)
	at java.base/java.lang.Thread.run(Thread.java:829)
headObserver.onCompleted shard: 1 client: 1 write:true 2022-11-27 06:03:37.23io.grpc.StatusRuntimeException: CANCELLED: client cancelled

sendReply.onError shard: -1 client: -1 write:false 2022-11-27 06:03:37.252	at io.grpc.Status.asRuntimeException(Status.java:526)

	at io.grpc.stub.ServerCalls$StreamingServerCallHandler$StreamingServerCallListener.onCancel(ServerCalls.java:284)
	at io.grpc.internal.ServerCallImpl$ServerStreamListenerImpl.closedInternal(ServerCallImpl.java:353)
headObserver.onCompleted shard: 3 client: 3 write:true 2022-11-27 06:03:37.23	at io.grpc.internal.ServerCallImpl$ServerStreamListenerImpl.closed(ServerCallImpl.java:341)

	at io.grpc.internal.ServerImpl$JumpToApplicationThreadServerStreamListener$1Closed.runInContext(ServerImpl.java:844)
sendReply.onError shard: -1 client: -1 write:false 2022-11-27 06:03:37.266
	at io.grpc.internal.ContextRunnable.run(ContextRunnable.java:37)
sendReply.onError shard: 7 client: 2 write:true 2022-11-27 06:03:37.251	at io.grpc.internal.SerializingExecutor.run(SerializingExecutor.java:123)

	at java.base/java.util.concurrent.ThreadPoolExecutor.runWorker(ThreadPoolExecutor.java:1128)dumbObserver.onCompleted shard: 4 client: 3 write:true 2022-11-27 06:03:37.264

	at java.base/java.util.concurrent.ThreadPoolExecutor$Worker.run(ThreadPoolExecutor.java:628)
	at java.base/java.lang.Thread.run(Thread.java:829)headObserver.onCompleted shard: 7 client: 2 write:true 2022-11-27 06:03:37.23

sendReply.onError shard: -1 client: -1 write:false 2022-11-27 06:03:37.251io.grpc.StatusRuntimeException: CANCELLED: client cancelled

sendReply.onError shard: 5 client: 1 write:true 2022-11-27 06:03:37.251
	at io.grpc.Status.asRuntimeException(Status.java:526)
	at io.grpc.stub.ServerCalls$StreamingServerCallHandler$StreamingServerCallListener.onCancel(ServerCalls.java:284)
	at io.grpc.internal.ServerCallImpl$ServerStreamListenerImpl.closedInternal(ServerCallImpl.java:353)
	at io.grpc.internal.ServerCallImpl$ServerStreamListenerImpl.closed(ServerCallImpl.java:341)
	at io.grpc.internal.ServerImpl$JumpToApplicationThreadServerStreamListener$1Closed.runInContext(ServerImpl.java:844)
headObserver.onCompleted shard: 2 client: 3 write:true 2022-11-27 06:03:37.231	at io.grpc.internal.ContextRunnable.run(ContextRunnable.java:37)

	at io.grpc.internal.SerializingExecutor.run(SerializingExecutor.java:123)sendReply.onError shard: 6 client: 1 write:true 2022-11-27 06:03:37.251

	at java.base/java.util.concurrent.ThreadPoolExecutor.runWorker(ThreadPoolExecutor.java:1128)sendReply.onError shard: 4 client: 2 write:true 2022-11-27 06:03:37.251

	at java.base/java.util.concurrent.ThreadPoolExecutor$Worker.run(ThreadPoolExecutor.java:628)
sendReply.onError shard: 6 client: 2 write:true 2022-11-27 06:03:37.251	at java.base/java.lang.Thread.run(Thread.java:829)

sendReply.onError shard: -1 client: -1 write:false 2022-11-27 06:03:37.251io.grpc.StatusRuntimeException: CANCELLED: client cancelled

headObserver.onCompleted shard: 6 client: 2 write:true 2022-11-27 06:03:37.23
	at io.grpc.Status.asRuntimeException(Status.java:526)headObserver.onCompleted shard: 2 client: 3 write:true 2022-11-27 06:03:37.231

	at io.grpc.stub.ServerCalls$StreamingServerCallHandler$StreamingServerCallListener.onCancel(ServerCalls.java:284)
dumbObserver.onCompleted shard: 7 client: 3 write:true 2022-11-27 06:03:37.25	at io.grpc.internal.ServerCallImpl$ServerStreamListenerImpl.closedInternal(ServerCallImpl.java:353)

	at io.grpc.internal.ServerCallImpl$ServerStreamListenerImpl.closed(ServerCallImpl.java:341)
	at io.grpc.internal.ServerImpl$JumpToApplicationThreadServerStreamListener$1Closed.runInContext(ServerImpl.java:844)
dumbObserver.onCompleted shard: 6 client: 3 write:true 2022-11-27 06:03:37.25	at io.grpc.internal.ContextRunnable.run(ContextRunnable.java:37)

	at io.grpc.internal.SerializingExecutor.run(SerializingExecutor.java:123)
dumbObserver.onCompleted shard: 1 client: 1 write:true 2022-11-27 06:03:37.25	at java.base/java.util.concurrent.ThreadPoolExecutor.runWorker(ThreadPoolExecutor.java:1128)

	at java.base/java.util.concurrent.ThreadPoolExecutor$Worker.run(ThreadPoolExecutor.java:628)
dumbObserver.onCompleted shard: 3 client: 3 write:true 2022-11-27 06:03:37.25	at java.base/java.lang.Thread.run(Thread.java:829)

io.grpc.StatusRuntimeException: CANCELLED: client cancelled
dumbObserver.onCompleted shard: 3 client: 2 write:true 2022-11-27 06:03:37.25
dumbObserver.onCompleted shard: 3 client: 1 write:true 2022-11-27 06:03:37.25
	at io.grpc.Status.asRuntimeException(Status.java:526)
dumbObserver.onCompleted shard: 6 client: 3 write:true 2022-11-27 06:03:37.25	at io.grpc.stub.ServerCalls$StreamingServerCallHandler$StreamingServerCallListener.onCancel(ServerCalls.java:284)

	at io.grpc.internal.ServerCallImpl$ServerStreamListenerImpl.closedInternal(ServerCallImpl.java:353)dumbObserver.onError shard: 2 client: 3 write:true 2022-11-27 06:03:37.25

	at io.grpc.internal.ServerCallImpl$ServerStreamListenerImpl.closed(ServerCallImpl.java:341)
	at io.grpc.internal.ServerImpl$JumpToApplicationThreadServerStreamListener$1Closed.runInContext(ServerImpl.java:844)sendReply.onError shard: -1 client: -1 write:false 2022-11-27 06:03:37.25

	at io.grpc.internal.ContextRunnable.run(ContextRunnable.java:37)
	at io.grpc.internal.SerializingExecutor.run(SerializingExecutor.java:123)sendReply.onError shard: -1 client: -1 write:false 2022-11-27 06:03:37.25

	at java.base/java.util.concurrent.ThreadPoolExecutor.runWorker(ThreadPoolExecutor.java:1128)
	at java.base/java.util.concurrent.ThreadPoolExecutor$Worker.run(ThreadPoolExecutor.java:628)
dumbObserver.onCompleted shard: 4 client: 2 write:true 2022-11-27 06:03:37.25	at java.base/java.lang.Thread.run(Thread.java:829)

io.grpc.StatusRuntimeException: CANCELLED: client cancelled
	at io.grpc.Status.asRuntimeException(Status.java:526)
	at io.grpc.stub.ServerCalls$StreamingServerCallHandler$StreamingServerCallListener.onCancel(ServerCalls.java:284)
	at io.grpc.internal.ServerCallImpl$ServerStreamListenerImpl.closedInternal(ServerCallImpl.java:353)
	at io.grpc.internal.ServerCallImpl$ServerStreamListenerImpl.closed(ServerCallImpl.java:341)
	at io.grpc.internal.ServerImpl$JumpToApplicationThreadServerStreamListener$1Closed.runInContext(ServerImpl.java:844)
	at io.grpc.internal.ContextRunnable.run(ContextRunnable.java:37)
	at io.grpc.internal.SerializingExecutor.run(SerializingExecutor.java:123)
	at java.base/java.util.concurrent.ThreadPoolExecutor.runWorker(ThreadPoolExecutor.java:1128)
	at java.base/java.util.concurrent.ThreadPoolExecutor$Worker.run(ThreadPoolExecutor.java:628)
	at java.base/java.lang.Thread.run(Thread.java:829)
[grpc-default-executor-119] ERROR site.ycsb.db.rocksdb.Replicator - Encountered error in sendReply
[grpc-default-executor-96] ERROR site.ycsb.db.rocksdb.Replicator - Encountered error in sendReply
[grpc-default-executor-126] ERROR site.ycsb.db.rocksdb.Replicator - Encountered error in sendReply
[grpc-default-executor-106] ERROR site.ycsb.db.rocksdb.Replicator - Encountered error in sendReply
io.grpc.StatusRuntimeException: CANCELLED: client cancelled
	at io.grpc.Status.asRuntimeException(Status.java:526)
	at io.grpc.stub.ServerCalls$StreamingServerCallHandler$StreamingServerCallListener.onCancel(ServerCalls.java:284)
	at io.grpc.internal.ServerCallImpl$ServerStreamListenerImpl.closedInternal(ServerCallImpl.java:353)
	at io.grpc.internal.ServerCallImpl$ServerStreamListenerImpl.closed(ServerCallImpl.java:341)
	at io.grpc.internal.ServerImpl$JumpToApplicationThreadServerStreamListener$1Closed.runInContext(ServerImpl.java:844)
	at io.grpc.internal.ContextRunnable.run(ContextRunnable.java:37)
	at io.grpc.internal.SerializingExecutor.run(SerializingExecutor.java:123)
	at java.base/java.util.concurrent.ThreadPoolExecutor.runWorker(ThreadPoolExecutor.java:1128)
	at java.base/java.util.concurrent.ThreadPoolExecutor$Worker.run(ThreadPoolExecutor.java:628)
	at java.base/java.lang.Thread.run(Thread.java:829)
[grpc-default-executor-128] ERROR site.ycsb.db.rocksdb.Replicator - Encountered error in sendReply
io.grpc.StatusRuntimeException: CANCELLED: client cancelled
	at io.grpc.Status.asRuntimeException(Status.java:526)
	at io.grpc.stub.ServerCalls$StreamingServerCallHandler$StreamingServerCallListener.onCancel(ServerCalls.java:284)
	at io.grpc.internal.ServerCallImpl$ServerStreamListenerImpl.closedInternal(ServerCallImpl.java:353)
	at io.grpc.internal.ServerCallImpl$ServerStreamListenerImpl.closed(ServerCallImpl.java:341)
	at io.grpc.internal.ServerImpl$JumpToApplicationThreadServerStreamListener$1Closed.runInContext(ServerImpl.java:844)
	at io.grpc.internal.ContextRunnable.run(ContextRunnable.java:37)
	at io.grpc.internal.SerializingExecutor.run(SerializingExecutor.java:123)
	at java.base/java.util.concurrent.ThreadPoolExecutor.runWorker(ThreadPoolExecutor.java:1128)
	at java.base/java.util.concurrent.ThreadPoolExecutor$Worker.run(ThreadPoolExecutor.java:628)
	at java.base/java.lang.Thread.run(Thread.java:829)
io.grpc.StatusRuntimeException: CANCELLED: client cancelled
	at io.grpc.Status.asRuntimeException(Status.java:526)
	at io.grpc.stub.ServerCalls$StreamingServerCallHandler$StreamingServerCallListener.onCancel(ServerCalls.java:284)
	at io.grpc.internal.ServerCallImpl$ServerStreamListenerImpl.closedInternal(ServerCallImpl.java:353)
	at io.grpc.internal.ServerCallImpl$ServerStreamListenerImpl.closed(ServerCallImpl.java:341)
	at io.grpc.internal.ServerImpl$JumpToApplicationThreadServerStreamListener$1Closed.runInContext(ServerImpl.java:844)
	at io.grpc.internal.ContextRunnable.run(ContextRunnable.java:37)
	at io.grpc.internal.SerializingExecutor.run(SerializingExecutor.java:123)
	at java.base/java.util.concurrent.ThreadPoolExecutor.runWorker(ThreadPoolExecutor.java:1128)
	at java.base/java.util.concurrent.ThreadPoolExecutor$Worker.run(ThreadPoolExecutor.java:628)
	at java.base/java.lang.Thread.run(Thread.java:829)
io.grpc.StatusRuntimeException: CANCELLED: client cancelled
	at io.grpc.Status.asRuntimeException(Status.java:526)
	at io.grpc.stub.ServerCalls$StreamingServerCallHandler$StreamingServerCallListener.onCancel(ServerCalls.java:284)
	at io.grpc.internal.ServerCallImpl$ServerStreamListenerImpl.closedInternal(ServerCallImpl.java:353)
	at io.grpc.internal.ServerCallImpl$ServerStreamListenerImpl.closed(ServerCallImpl.java:341)
	at io.grpc.internal.ServerImpl$JumpToApplicationThreadServerStreamListener$1Closed.runInContext(ServerImpl.java:844)
	at io.grpc.internal.ContextRunnable.run(ContextRunnable.java:37)
	at io.grpc.internal.SerializingExecutor.run(SerializingExecutor.java:123)
	at java.base/java.util.concurrent.ThreadPoolExecutor.runWorker(ThreadPoolExecutor.java:1128)
	at java.base/java.util.concurrent.ThreadPoolExecutor$Worker.run(ThreadPoolExecutor.java:628)
	at java.base/java.lang.Thread.run(Thread.java:829)
io.grpc.StatusRuntimeException: CANCELLED: client cancelled
	at io.grpc.Status.asRuntimeException(Status.java:526)
	at io.grpc.stub.ServerCalls$StreamingServerCallHandler$StreamingServerCallListener.onCancel(ServerCalls.java:284)
	at io.grpc.internal.ServerCallImpl$ServerStreamListenerImpl.closedInternal(ServerCallImpl.java:353)
	at io.grpc.internal.ServerCallImpl$ServerStreamListenerImpl.closed(ServerCallImpl.java:341)
	at io.grpc.internal.ServerImpl$JumpToApplicationThreadServerStreamListener$1Closed.runInContext(ServerImpl.java:844)
	at io.grpc.internal.ContextRunnable.run(ContextRunnable.java:37)
	at io.grpc.internal.SerializingExecutor.run(SerializingExecutor.java:123)
	at java.base/java.util.concurrent.ThreadPoolExecutor.runWorker(ThreadPoolExecutor.java:1128)
	at java.base/java.util.concurrent.ThreadPoolExecutor$Worker.run(ThreadPoolExecutor.java:628)
	at java.base/java.lang.Thread.run(Thread.java:829)
io.grpc.StatusRuntimeException: CANCELLED: client cancelled
	at io.grpc.Status.asRuntimeException(Status.java:526)
	at io.grpc.stub.ServerCalls$StreamingServerCallHandler$StreamingServerCallListener.onCancel(ServerCalls.java:284)
	at io.grpc.internal.ServerCallImpl$ServerStreamListenerImpl.closedInternal(ServerCallImpl.java:353)
	at io.grpc.internal.ServerCallImpl$ServerStreamListenerImpl.closed(ServerCallImpl.java:341)
	at io.grpc.internal.ServerImpl$JumpToApplicationThreadServerStreamListener$1Closed.runInContext(ServerImpl.java:844)
	at io.grpc.internal.ContextRunnable.run(ContextRunnable.java:37)
	at io.grpc.internal.SerializingExecutor.run(SerializingExecutor.java:123)
	at java.base/java.util.concurrent.ThreadPoolExecutor.runWorker(ThreadPoolExecutor.java:1128)
	at java.base/java.util.concurrent.ThreadPoolExecutor$Worker.run(ThreadPoolExecutor.java:628)
	at java.base/java.lang.Thread.run(Thread.java:829)
io.grpc.StatusRuntimeException: CANCELLED: client cancelled
	at io.grpc.Status.asRuntimeException(Status.java:526)
	at io.grpc.stub.ServerCalls$StreamingServerCallHandler$StreamingServerCallListener.onCancel(ServerCalls.java:284)
	at io.grpc.internal.ServerCallImpl$ServerStreamListenerImpl.closedInternal(ServerCallImpl.java:353)
	at io.grpc.internal.ServerCallImpl$ServerStreamListenerImpl.closed(ServerCallImpl.java:341)
	at io.grpc.internal.ServerImpl$JumpToApplicationThreadServerStreamListener$1Closed.runInContext(ServerImpl.java:844)
	at io.grpc.internal.ContextRunnable.run(ContextRunnable.java:37)
	at io.grpc.internal.SerializingExecutor.run(SerializingExecutor.java:123)
	at java.base/java.util.concurrent.ThreadPoolExecutor.runWorker(ThreadPoolExecutor.java:1128)
	at java.base/java.util.concurrent.ThreadPoolExecutor$Worker.run(ThreadPoolExecutor.java:628)
	at java.base/java.lang.Thread.run(Thread.java:829)
[grpc-default-executor-103] ERROR site.ycsb.db.rocksdb.Replicator - Encountered error in sendReply
io.grpc.StatusRuntimeException: CANCELLED: client cancelled
	at io.grpc.Status.asRuntimeException(Status.java:526)
	at io.grpc.stub.ServerCalls$StreamingServerCallHandler$StreamingServerCallListener.onCancel(ServerCalls.java:284)
	at io.grpc.internal.ServerCallImpl$ServerStreamListenerImpl.closedInternal(ServerCallImpl.java:353)
	at io.grpc.internal.ServerCallImpl$ServerStreamListenerImpl.closed(ServerCallImpl.java:341)
	at io.grpc.internal.ServerImpl$JumpToApplicationThreadServerStreamListener$1Closed.runInContext(ServerImpl.java:844)
	at io.grpc.internal.ContextRunnable.run(ContextRunnable.java:37)
	at io.grpc.internal.SerializingExecutor.run(SerializingExecutor.java:123)
	at java.base/java.util.concurrent.ThreadPoolExecutor.runWorker(ThreadPoolExecutor.java:1128)
	at java.base/java.util.concurrent.ThreadPoolExecutor$Worker.run(ThreadPoolExecutor.java:628)
	at java.base/java.lang.Thread.run(Thread.java:829)
[grpc-default-executor-105] ERROR site.ycsb.db.rocksdb.Replicator - Encountered error in sendReply
io.grpc.StatusRuntimeException: CANCELLED: client cancelled
	at io.grpc.Status.asRuntimeException(Status.java:526)
	at io.grpc.stub.ServerCalls$StreamingServerCallHandler$StreamingServerCallListener.onCancel(ServerCalls.java:284)
	at io.grpc.internal.ServerCallImpl$ServerStreamListenerImpl.closedInternal(ServerCallImpl.java:353)
	at io.grpc.internal.ServerCallImpl$ServerStreamListenerImpl.closed(ServerCallImpl.java:341)
	at io.grpc.internal.ServerImpl$JumpToApplicationThreadServerStreamListener$1Closed.runInContext(ServerImpl.java:844)
	at io.grpc.internal.ContextRunnable.run(ContextRunnable.java:37)
	at io.grpc.internal.SerializingExecutor.run(SerializingExecutor.java:123)
	at java.base/java.util.concurrent.ThreadPoolExecutor.runWorker(ThreadPoolExecutor.java:1128)
	at java.base/java.util.concurrent.ThreadPoolExecutor$Worker.run(ThreadPoolExecutor.java:628)
	at java.base/java.lang.Thread.run(Thread.java:829)
[grpc-default-executor-153] ERROR site.ycsb.db.rocksdb.Replicator - Encountered error in sendReply
io.grpc.StatusRuntimeException: CANCELLED: client cancelled
	at io.grpc.Status.asRuntimeException(Status.java:526)
	at io.grpc.stub.ServerCalls$StreamingServerCallHandler$StreamingServerCallListener.onCancel(ServerCalls.java:284)
	at io.grpc.internal.ServerCallImpl$ServerStreamListenerImpl.closedInternal(ServerCallImpl.java:353)
	at io.grpc.internal.ServerCallImpl$ServerStreamListenerImpl.closed(ServerCallImpl.java:341)
	at io.grpc.internal.ServerImpl$JumpToApplicationThreadServerStreamListener$1Closed.runInContext(ServerImpl.java:844)
	at io.grpc.internal.ContextRunnable.run(ContextRunnable.java:37)
	at io.grpc.internal.SerializingExecutor.run(SerializingExecutor.java:123)
	at java.base/java.util.concurrent.ThreadPoolExecutor.runWorker(ThreadPoolExecutor.java:1128)
	at java.base/java.util.concurrent.ThreadPoolExecutor$Worker.run(ThreadPoolExecutor.java:628)
	at java.base/java.lang.Thread.run(Thread.java:829)
[grpc-default-executor-135] ERROR site.ycsb.db.rocksdb.Replicator - Encountered error in sendReply
[grpc-default-executor-109] ERROR site.ycsb.db.rocksdb.Replicator - Encountered error in sendReply
[grpc-default-executor-136] ERROR site.ycsb.db.rocksdb.Replicator - Encountered error in sendReply
[grpc-default-executor-159] ERROR site.ycsb.db.rocksdb.Replicator - Encountered error in sendReply
io.grpc.StatusRuntimeException: CANCELLED: client cancelled
	at io.grpc.Status.asRuntimeException(Status.java:526)
	at io.grpc.stub.ServerCalls$StreamingServerCallHandler$StreamingServerCallListener.onCancel(ServerCalls.java:284)
	at io.grpc.internal.ServerCallImpl$ServerStreamListenerImpl.closedInternal(ServerCallImpl.java:353)
	at io.grpc.internal.ServerCallImpl$ServerStreamListenerImpl.closed(ServerCallImpl.java:341)
	at io.grpc.internal.ServerImpl$JumpToApplicationThreadServerStreamListener$1Closed.runInContext(ServerImpl.java:844)
	at io.grpc.internal.ContextRunnable.run(ContextRunnable.java:37)
	at io.grpc.internal.SerializingExecutor.run(SerializingExecutor.java:123)
	at java.base/java.util.concurrent.ThreadPoolExecutor.runWorker(ThreadPoolExecutor.java:1128)
	at java.base/java.util.concurrent.ThreadPoolExecutor$Worker.run(ThreadPoolExecutor.java:628)
	at java.base/java.lang.Thread.run(Thread.java:829)
[grpc-default-executor-156] ERROR site.ycsb.db.rocksdb.Replicator - Encountered error in sendReply
[grpc-default-executor-152] ERROR site.ycsb.db.rocksdb.Replicator - Encountered error in sendReply
[grpc-default-executor-199] ERROR site.ycsb.db.rocksdb.Replicator - Encountered error in sendReply
io.grpc.StatusRuntimeException: CANCELLED: client cancelled
	at io.grpc.Status.asRuntimeException(Status.java:526)
	at io.grpc.stub.ServerCalls$StreamingServerCallHandler$StreamingServerCallListener.onCancel(ServerCalls.java:284)
	at io.grpc.internal.ServerCallImpl$ServerStreamListenerImpl.closedInternal(ServerCallImpl.java:353)
	at io.grpc.internal.ServerCallImpl$ServerStreamListenerImpl.closed(ServerCallImpl.java:341)
	at io.grpc.internal.ServerImpl$JumpToApplicationThreadServerStreamListener$1Closed.runInContext(ServerImpl.java:844)
	at io.grpc.internal.ContextRunnable.run(ContextRunnable.java:37)
	at io.grpc.internal.SerializingExecutor.run(SerializingExecutor.java:123)
	at java.base/java.util.concurrent.ThreadPoolExecutor.runWorker(ThreadPoolExecutor.java:1128)
	at java.base/java.util.concurrent.ThreadPoolExecutor$Worker.run(ThreadPoolExecutor.java:628)
	at java.base/java.lang.Thread.run(Thread.java:829)
[grpc-default-executor-157] ERROR site.ycsb.db.rocksdb.Replicator - Encountered error in sendReply
[grpc-default-executor-142] ERROR site.ycsb.db.rocksdb.Replicator - Encountered error in sendReply
[grpc-default-executor-139] ERROR site.ycsb.db.rocksdb.Replicator - Encountered error in sendReply
[grpc-default-executor-143] ERROR site.ycsb.db.rocksdb.Replicator - Encountered error in sendReply
io.grpc.StatusRuntimeException: CANCELLED: client cancelled
	at io.grpc.Status.asRuntimeException(Status.java:526)
	at io.grpc.stub.ServerCalls$StreamingServerCallHandler$StreamingServerCallListener.onCancel(ServerCalls.java:284)
	at io.grpc.internal.ServerCallImpl$ServerStreamListenerImpl.closedInternal(ServerCallImpl.java:353)
	at io.grpc.internal.ServerCallImpl$ServerStreamListenerImpl.closed(ServerCallImpl.java:341)
	at io.grpc.internal.ServerImpl$JumpToApplicationThreadServerStreamListener$1Closed.runInContext(ServerImpl.java:844)
	at io.grpc.internal.ContextRunnable.run(ContextRunnable.java:37)
	at io.grpc.internal.SerializingExecutor.run(SerializingExecutor.java:123)
	at java.base/java.util.concurrent.ThreadPoolExecutor.runWorker(ThreadPoolExecutor.java:1128)
	at java.base/java.util.concurrent.ThreadPoolExecutor$Worker.run(ThreadPoolExecutor.java:628)
	at java.base/java.lang.Thread.run(Thread.java:829)
io.grpc.StatusRuntimeException: CANCELLED: client cancelled
	at io.grpc.Status.asRuntimeException(Status.java:526)
	at io.grpc.stub.ServerCalls$StreamingServerCallHandler$StreamingServerCallListener.onCancel(ServerCalls.java:284)
	at io.grpc.internal.ServerCallImpl$ServerStreamListenerImpl.closedInternal(ServerCallImpl.java:353)
	at io.grpc.internal.ServerCallImpl$ServerStreamListenerImpl.closed(ServerCallImpl.java:341)
	at io.grpc.internal.ServerImpl$JumpToApplicationThreadServerStreamListener$1Closed.runInContext(ServerImpl.java:844)
	at io.grpc.internal.ContextRunnable.run(ContextRunnable.java:37)
	at io.grpc.internal.SerializingExecutor.run(SerializingExecutor.java:123)
	at java.base/java.util.concurrent.ThreadPoolExecutor.runWorker(ThreadPoolExecutor.java:1128)
	at java.base/java.util.concurrent.ThreadPoolExecutor$Worker.run(ThreadPoolExecutor.java:628)
	at java.base/java.lang.Thread.run(Thread.java:829)
io.grpc.StatusRuntimeException: CANCELLED: client cancelled
	at io.grpc.Status.asRuntimeException(Status.java:526)
	at io.grpc.stub.ServerCalls$StreamingServerCallHandler$StreamingServerCallListener.onCancel(ServerCalls.java:284)
	at io.grpc.internal.ServerCallImpl$ServerStreamListenerImpl.closedInternal(ServerCallImpl.java:353)
	at io.grpc.internal.ServerCallImpl$ServerStreamListenerImpl.closed(ServerCallImpl.java:341)
	at io.grpc.internal.ServerImpl$JumpToApplicationThreadServerStreamListener$1Closed.runInContext(ServerImpl.java:844)
	at io.grpc.internal.ContextRunnable.run(ContextRunnable.java:37)
	at io.grpc.internal.SerializingExecutor.run(SerializingExecutor.java:123)
	at java.base/java.util.concurrent.ThreadPoolExecutor.runWorker(ThreadPoolExecutor.java:1128)
	at java.base/java.util.concurrent.ThreadPoolExecutor$Worker.run(ThreadPoolExecutor.java:628)
	at java.base/java.lang.Thread.run(Thread.java:829)
io.grpc.StatusRuntimeException: CANCELLED: client cancelled
	at io.grpc.Status.asRuntimeException(Status.java:526)
	at io.grpc.stub.ServerCalls$StreamingServerCallHandler$StreamingServerCallListener.onCancel(ServerCalls.java:284)
	at io.grpc.internal.ServerCallImpl$ServerStreamListenerImpl.closedInternal(ServerCallImpl.java:353)
	at io.grpc.internal.ServerCallImpl$ServerStreamListenerImpl.closed(ServerCallImpl.java:341)
	at io.grpc.internal.ServerImpl$JumpToApplicationThreadServerStreamListener$1Closed.runInContext(ServerImpl.java:844)
	at io.grpc.internal.ContextRunnable.run(ContextRunnable.java:37)
	at io.grpc.internal.SerializingExecutor.run(SerializingExecutor.java:123)
	at java.base/java.util.concurrent.ThreadPoolExecutor.runWorker(ThreadPoolExecutor.java:1128)
	at java.base/java.util.concurrent.ThreadPoolExecutor$Worker.run(ThreadPoolExecutor.java:628)
	at java.base/java.lang.Thread.run(Thread.java:829)
[grpc-default-executor-167] ERROR site.ycsb.db.rocksdb.Replicator - Encountered error in sendReply
io.grpc.StatusRuntimeException: CANCELLED: client cancelled
	at io.grpc.Status.asRuntimeException(Status.java:526)
	at io.grpc.stub.ServerCalls$StreamingServerCallHandler$StreamingServerCallListener.onCancel(ServerCalls.java:284)
	at io.grpc.internal.ServerCallImpl$ServerStreamListenerImpl.closedInternal(ServerCallImpl.java:353)
	at io.grpc.internal.ServerCallImpl$ServerStreamListenerImpl.closed(ServerCallImpl.java:341)
	at io.grpc.internal.ServerImpl$JumpToApplicationThreadServerStreamListener$1Closed.runInContext(ServerImpl.java:844)
	at io.grpc.internal.ContextRunnable.run(ContextRunnable.java:37)
	at io.grpc.internal.SerializingExecutor.run(SerializingExecutor.java:123)
	at java.base/java.util.concurrent.ThreadPoolExecutor.runWorker(ThreadPoolExecutor.java:1128)
	at java.base/java.util.concurrent.ThreadPoolExecutor$Worker.run(ThreadPoolExecutor.java:628)
	at java.base/java.lang.Thread.run(Thread.java:829)
[grpc-default-executor-182] ERROR site.ycsb.db.rocksdb.Replicator - Encountered error in sendReply
[grpc-default-executor-165] ERROR site.ycsb.db.rocksdb.Replicator - Encountered error in sendReply
[grpc-default-executor-166] ERROR site.ycsb.db.rocksdb.Replicator - Encountered error in sendReply
io.grpc.StatusRuntimeException: CANCELLED: client cancelled
	at io.grpc.Status.asRuntimeException(Status.java:526)
	at io.grpc.stub.ServerCalls$StreamingServerCallHandler$StreamingServerCallListener.onCancel(ServerCalls.java:284)
	at io.grpc.internal.ServerCallImpl$ServerStreamListenerImpl.closedInternal(ServerCallImpl.java:353)
	at io.grpc.internal.ServerCallImpl$ServerStreamListenerImpl.closed(ServerCallImpl.java:341)
	at io.grpc.internal.ServerImpl$JumpToApplicationThreadServerStreamListener$1Closed.runInContext(ServerImpl.java:844)
	at io.grpc.internal.ContextRunnable.run(ContextRunnable.java:37)
	at io.grpc.internal.SerializingExecutor.run(SerializingExecutor.java:123)
	at java.base/java.util.concurrent.ThreadPoolExecutor.runWorker(ThreadPoolExecutor.java:1128)
	at java.base/java.util.concurrent.ThreadPoolExecutor$Worker.run(ThreadPoolExecutor.java:628)
	at java.base/java.lang.Thread.run(Thread.java:829)
io.grpc.StatusRuntimeException: CANCELLED: client cancelled
	at io.grpc.Status.asRuntimeException(Status.java:526)
	at io.grpc.stub.ServerCalls$StreamingServerCallHandler$StreamingServerCallListener.onCancel(ServerCalls.java:284)
	at io.grpc.internal.ServerCallImpl$ServerStreamListenerImpl.closedInternal(ServerCallImpl.java:353)
	at io.grpc.internal.ServerCallImpl$ServerStreamListenerImpl.closed(ServerCallImpl.java:341)
	at io.grpc.internal.ServerImpl$JumpToApplicationThreadServerStreamListener$1Closed.runInContext(ServerImpl.java:844)
	at io.grpc.internal.ContextRunnable.run(ContextRunnable.java:37)
	at io.grpc.internal.SerializingExecutor.run(SerializingExecutor.java:123)
	at java.base/java.util.concurrent.ThreadPoolExecutor.runWorker(ThreadPoolExecutor.java:1128)
	at java.base/java.util.concurrent.ThreadPoolExecutor$Worker.run(ThreadPoolExecutor.java:628)
	at java.base/java.lang.Thread.run(Thread.java:829)
[grpc-default-executor-196] ERROR site.ycsb.db.rocksdb.Replicator - Encountered error in sendReply
io.grpc.StatusRuntimeException: CANCELLED: client cancelled
	at io.grpc.Status.asRuntimeException(Status.java:526)
	at io.grpc.stub.ServerCalls$StreamingServerCallHandler$StreamingServerCallListener.onCancel(ServerCalls.java:284)
	at io.grpc.internal.ServerCallImpl$ServerStreamListenerImpl.closedInternal(ServerCallImpl.java:353)
	at io.grpc.internal.ServerCallImpl$ServerStreamListenerImpl.closed(ServerCallImpl.java:341)
	at io.grpc.internal.ServerImpl$JumpToApplicationThreadServerStreamListener$1Closed.runInContext(ServerImpl.java:844)
	at io.grpc.internal.ContextRunnable.run(ContextRunnable.java:37)
	at io.grpc.internal.SerializingExecutor.run(SerializingExecutor.java:123)
	at java.base/java.util.concurrent.ThreadPoolExecutor.runWorker(ThreadPoolExecutor.java:1128)
	at java.base/java.util.concurrent.ThreadPoolExecutor$Worker.run(ThreadPoolExecutor.java:628)
	at java.base/java.lang.Thread.run(Thread.java:829)
io.grpc.StatusRuntimeException: CANCELLED: client cancelled
	at io.grpc.Status.asRuntimeException(Status.java:526)
	at io.grpc.stub.ServerCalls$StreamingServerCallHandler$StreamingServerCallListener.onCancel(ServerCalls.java:284)
	at io.grpc.internal.ServerCallImpl$ServerStreamListenerImpl.closedInternal(ServerCallImpl.java:353)
	at io.grpc.internal.ServerCallImpl$ServerStreamListenerImpl.closed(ServerCallImpl.java:341)
	at io.grpc.internal.ServerImpl$JumpToApplicationThreadServerStreamListener$1Closed.runInContext(ServerImpl.java:844)
	at io.grpc.internal.ContextRunnable.run(ContextRunnable.java:37)
	at io.grpc.internal.SerializingExecutor.run(SerializingExecutor.java:123)
	at java.base/java.util.concurrent.ThreadPoolExecutor.runWorker(ThreadPoolExecutor.java:1128)
	at java.base/java.util.concurrent.ThreadPoolExecutor$Worker.run(ThreadPoolExecutor.java:628)
	at java.base/java.lang.Thread.run(Thread.java:829)
io.grpc.StatusRuntimeException: CANCELLED: client cancelled
	at io.grpc.Status.asRuntimeException(Status.java:526)
	at io.grpc.stub.ServerCalls$StreamingServerCallHandler$StreamingServerCallListener.onCancel(ServerCalls.java:284)
	at io.grpc.internal.ServerCallImpl$ServerStreamListenerImpl.closedInternal(ServerCallImpl.java:353)
	at io.grpc.internal.ServerCallImpl$ServerStreamListenerImpl.closed(ServerCallImpl.java:341)
	at io.grpc.internal.ServerImpl$JumpToApplicationThreadServerStreamListener$1Closed.runInContext(ServerImpl.java:844)
	at io.grpc.internal.ContextRunnable.run(ContextRunnable.java:37)
	at io.grpc.internal.SerializingExecutor.run(SerializingExecutor.java:123)
	at java.base/java.util.concurrent.ThreadPoolExecutor.runWorker(ThreadPoolExecutor.java:1128)
	at java.base/java.util.concurrent.ThreadPoolExecutor$Worker.run(ThreadPoolExecutor.java:628)
	at java.base/java.lang.Thread.run(Thread.java:829)
io.grpc.StatusRuntimeException: CANCELLED: client cancelled
	at io.grpc.Status.asRuntimeException(Status.java:526)
	at io.grpc.stub.ServerCalls$StreamingServerCallHandler$StreamingServerCallListener.onCancel(ServerCalls.java:284)
	at io.grpc.internal.ServerCallImpl$ServerStreamListenerImpl.closedInternal(ServerCallImpl.java:353)
	at io.grpc.internal.ServerCallImpl$ServerStreamListenerImpl.closed(ServerCallImpl.java:341)
	at io.grpc.internal.ServerImpl$JumpToApplicationThreadServerStreamListener$1Closed.runInContext(ServerImpl.java:844)
	at io.grpc.internal.ContextRunnable.run(ContextRunnable.java:37)
	at io.grpc.internal.SerializingExecutor.run(SerializingExecutor.java:123)
	at java.base/java.util.concurrent.ThreadPoolExecutor.runWorker(ThreadPoolExecutor.java:1128)
	at java.base/java.util.concurrent.ThreadPoolExecutor$Worker.run(ThreadPoolExecutor.java:628)
	at java.base/java.lang.Thread.run(Thread.java:829)
io.grpc.StatusRuntimeException: CANCELLED: client cancelled
	at io.grpc.Status.asRuntimeException(Status.java:526)
	at io.grpc.stub.ServerCalls$StreamingServerCallHandler$StreamingServerCallListener.onCancel(ServerCalls.java:284)
	at io.grpc.internal.ServerCallImpl$ServerStreamListenerImpl.closedInternal(ServerCallImpl.java:353)
	at io.grpc.internal.ServerCallImpl$ServerStreamListenerImpl.closed(ServerCallImpl.java:341)
	at io.grpc.internal.ServerImpl$JumpToApplicationThreadServerStreamListener$1Closed.runInContext(ServerImpl.java:844)
	at io.grpc.internal.ContextRunnable.run(ContextRunnable.java:37)
	at io.grpc.internal.SerializingExecutor.run(SerializingExecutor.java:123)
	at java.base/java.util.concurrent.ThreadPoolExecutor.runWorker(ThreadPoolExecutor.java:1128)
	at java.base/java.util.concurrent.ThreadPoolExecutor$Worker.run(ThreadPoolExecutor.java:628)
	at java.base/java.lang.Thread.run(Thread.java:829)
io.grpc.StatusRuntimeException: CANCELLED: client cancelled
	at io.grpc.Status.asRuntimeException(Status.java:526)
	at io.grpc.stub.ServerCalls$StreamingServerCallHandler$StreamingServerCallListener.onCancel(ServerCalls.java:284)
	at io.grpc.internal.ServerCallImpl$ServerStreamListenerImpl.closedInternal(ServerCallImpl.java:353)
	at io.grpc.internal.ServerCallImpl$ServerStreamListenerImpl.closed(ServerCallImpl.java:341)
	at io.grpc.internal.ServerImpl$JumpToApplicationThreadServerStreamListener$1Closed.runInContext(ServerImpl.java:844)
	at io.grpc.internal.ContextRunnable.run(ContextRunnable.java:37)
	at io.grpc.internal.SerializingExecutor.run(SerializingExecutor.java:123)
	at java.base/java.util.concurrent.ThreadPoolExecutor.runWorker(ThreadPoolExecutor.java:1128)
	at java.base/java.util.concurrent.ThreadPoolExecutor$Worker.run(ThreadPoolExecutor.java:628)
	at java.base/java.lang.Thread.run(Thread.java:829)
io.grpc.StatusRuntimeException: CANCELLED: client cancelled
	at io.grpc.Status.asRuntimeException(Status.java:526)
	at io.grpc.stub.ServerCalls$StreamingServerCallHandler$StreamingServerCallListener.onCancel(ServerCalls.java:284)
	at io.grpc.internal.ServerCallImpl$ServerStreamListenerImpl.closedInternal(ServerCallImpl.java:353)
	at io.grpc.internal.ServerCallImpl$ServerStreamListenerImpl.closed(ServerCallImpl.java:341)
	at io.grpc.internal.ServerImpl$JumpToApplicationThreadServerStreamListener$1Closed.runInContext(ServerImpl.java:844)
	at io.grpc.internal.ContextRunnable.run(ContextRunnable.java:37)
	at io.grpc.internal.SerializingExecutor.run(SerializingExecutor.java:123)
	at java.base/java.util.concurrent.ThreadPoolExecutor.runWorker(ThreadPoolExecutor.java:1128)
	at java.base/java.util.concurrent.ThreadPoolExecutor$Worker.run(ThreadPoolExecutor.java:628)
	at java.base/java.lang.Thread.run(Thread.java:829)
io.grpc.StatusRuntimeException: CANCELLED: client cancelled
	at io.grpc.Status.asRuntimeException(Status.java:526)
	at io.grpc.stub.ServerCalls$StreamingServerCallHandler$StreamingServerCallListener.onCancel(ServerCalls.java:284)
	at io.grpc.internal.ServerCallImpl$ServerStreamListenerImpl.closedInternal(ServerCallImpl.java:353)
	at io.grpc.internal.ServerCallImpl$ServerStreamListenerImpl.closed(ServerCallImpl.java:341)
	at io.grpc.internal.ServerImpl$JumpToApplicationThreadServerStreamListener$1Closed.runInContext(ServerImpl.java:844)
	at io.grpc.internal.ContextRunnable.run(ContextRunnable.java:37)
	at io.grpc.internal.SerializingExecutor.run(SerializingExecutor.java:123)
	at java.base/java.util.concurrent.ThreadPoolExecutor.runWorker(ThreadPoolExecutor.java:1128)
	at java.base/java.util.concurrent.ThreadPoolExecutor$Worker.run(ThreadPoolExecutor.java:628)
	at java.base/java.lang.Thread.run(Thread.java:829)
io.grpc.StatusRuntimeException: CANCELLED: client cancelled
	at io.grpc.Status.asRuntimeException(Status.java:526)
	at io.grpc.stub.ServerCalls$StreamingServerCallHandler$StreamingServerCallListener.onCancel(ServerCalls.java:284)
	at io.grpc.internal.ServerCallImpl$ServerStreamListenerImpl.closedInternal(ServerCallImpl.java:353)
	at io.grpc.internal.ServerCallImpl$ServerStreamListenerImpl.closed(ServerCallImpl.java:341)
	at io.grpc.internal.ServerImpl$JumpToApplicationThreadServerStreamListener$1Closed.runInContext(ServerImpl.java:844)
	at io.grpc.internal.ContextRunnable.run(ContextRunnable.java:37)
	at io.grpc.internal.SerializingExecutor.run(SerializingExecutor.java:123)
	at java.base/java.util.concurrent.ThreadPoolExecutor.runWorker(ThreadPoolExecutor.java:1128)
	at java.base/java.util.concurrent.ThreadPoolExecutor$Worker.run(ThreadPoolExecutor.java:628)
	at java.base/java.lang.Thread.run(Thread.java:829)
io.grpc.StatusRuntimeException: CANCELLED: client cancelled
	at io.grpc.Status.asRuntimeException(Status.java:526)
	at io.grpc.stub.ServerCalls$StreamingServerCallHandler$StreamingServerCallListener.onCancel(ServerCalls.java:284)
	at io.grpc.internal.ServerCallImpl$ServerStreamListenerImpl.closedInternal(ServerCallImpl.java:353)
	at io.grpc.internal.ServerCallImpl$ServerStreamListenerImpl.closed(ServerCallImpl.java:341)
	at io.grpc.internal.ServerImpl$JumpToApplicationThreadServerStreamListener$1Closed.runInContext(ServerImpl.java:844)
	at io.grpc.internal.ContextRunnable.run(ContextRunnable.java:37)
	at io.grpc.internal.SerializingExecutor.run(SerializingExecutor.java:123)
	at java.base/java.util.concurrent.ThreadPoolExecutor.runWorker(ThreadPoolExecutor.java:1128)
	at java.base/java.util.concurrent.ThreadPoolExecutor$Worker.run(ThreadPoolExecutor.java:628)
	at java.base/java.lang.Thread.run(Thread.java:829)
io.grpc.StatusRuntimeException: CANCELLED: client cancelled
	at io.grpc.Status.asRuntimeException(Status.java:526)
	at io.grpc.stub.ServerCalls$StreamingServerCallHandler$StreamingServerCallListener.onCancel(ServerCalls.java:284)
	at io.grpc.internal.ServerCallImpl$ServerStreamListenerImpl.closedInternal(ServerCallImpl.java:353)
	at io.grpc.internal.ServerCallImpl$ServerStreamListenerImpl.closed(ServerCallImpl.java:341)
	at io.grpc.internal.ServerImpl$JumpToApplicationThreadServerStreamListener$1Closed.runInContext(ServerImpl.java:844)
	at io.grpc.internal.ContextRunnable.run(ContextRunnable.java:37)
	at io.grpc.internal.SerializingExecutor.run(SerializingExecutor.java:123)
	at java.base/java.util.concurrent.ThreadPoolExecutor.runWorker(ThreadPoolExecutor.java:1128)
	at java.base/java.util.concurrent.ThreadPoolExecutor$Worker.run(ThreadPoolExecutor.java:628)
	at java.base/java.lang.Thread.run(Thread.java:829)
io.grpc.StatusRuntimeException: CANCELLED: client cancelled
	at io.grpc.Status.asRuntimeException(Status.java:526)
	at io.grpc.stub.ServerCalls$StreamingServerCallHandler$StreamingServerCallListener.onCancel(ServerCalls.java:284)
	at io.grpc.internal.ServerCallImpl$ServerStreamListenerImpl.closedInternal(ServerCallImpl.java:353)
	at io.grpc.internal.ServerCallImpl$ServerStreamListenerImpl.closed(ServerCallImpl.java:341)
	at io.grpc.internal.ServerImpl$JumpToApplicationThreadServerStreamListener$1Closed.runInContext(ServerImpl.java:844)
	at io.grpc.internal.ContextRunnable.run(ContextRunnable.java:37)
	at io.grpc.internal.SerializingExecutor.run(SerializingExecutor.java:123)
	at java.base/java.util.concurrent.ThreadPoolExecutor.runWorker(ThreadPoolExecutor.java:1128)
	at java.base/java.util.concurrent.ThreadPoolExecutor$Worker.run(ThreadPoolExecutor.java:628)
	at java.base/java.lang.Thread.run(Thread.java:829)
io.grpc.StatusRuntimeException: CANCELLED: client cancelled
	at io.grpc.Status.asRuntimeException(Status.java:526)
	at io.grpc.stub.ServerCalls$StreamingServerCallHandler$StreamingServerCallListener.onCancel(ServerCalls.java:284)
	at io.grpc.internal.ServerCallImpl$ServerStreamListenerImpl.closedInternal(ServerCallImpl.java:353)
	at io.grpc.internal.ServerCallImpl$ServerStreamListenerImpl.closed(ServerCallImpl.java:341)
	at io.grpc.internal.ServerImpl$JumpToApplicationThreadServerStreamListener$1Closed.runInContext(ServerImpl.java:844)
	at io.grpc.internal.ContextRunnable.run(ContextRunnable.java:37)
	at io.grpc.internal.SerializingExecutor.run(SerializingExecutor.java:123)
	at java.base/java.util.concurrent.ThreadPoolExecutor.runWorker(ThreadPoolExecutor.java:1128)
	at java.base/java.util.concurrent.ThreadPoolExecutor$Worker.run(ThreadPoolExecutor.java:628)
	at java.base/java.lang.Thread.run(Thread.java:829)
io.grpc.StatusRuntimeException: CANCELLED: client cancelled
	at io.grpc.Status.asRuntimeException(Status.java:526)
	at io.grpc.stub.ServerCalls$StreamingServerCallHandler$StreamingServerCallListener.onCancel(ServerCalls.java:284)
	at io.grpc.internal.ServerCallImpl$ServerStreamListenerImpl.closedInternal(ServerCallImpl.java:353)
	at io.grpc.internal.ServerCallImpl$ServerStreamListenerImpl.closed(ServerCallImpl.java:341)
	at io.grpc.internal.ServerImpl$JumpToApplicationThreadServerStreamListener$1Closed.runInContext(ServerImpl.java:844)
	at io.grpc.internal.ContextRunnable.run(ContextRunnable.java:37)
	at io.grpc.internal.SerializingExecutor.run(SerializingExecutor.java:123)
	at java.base/java.util.concurrent.ThreadPoolExecutor.runWorker(ThreadPoolExecutor.java:1128)
	at java.base/java.util.concurrent.ThreadPoolExecutor$Worker.run(ThreadPoolExecutor.java:628)
	at java.base/java.lang.Thread.run(Thread.java:829)
headObserver.onCompleted shard: 5 client: 0 write:true 2022-11-27 06:03:39.597
headObserver.onCompleted shard: 3 client: 0 write:true 2022-11-27 06:03:39.598
headObserver.onCompleted shard: 6 client: 0 write:true 2022-11-27 06:03:39.597
headObserver.onCompleted shard: 1 client: 0 write:true 2022-11-27 06:03:39.598
headObserver.onCompleted shard: 0 client: 0 write:true 2022-11-27 06:03:39.597
headObserver.onCompleted shard: 7 client: 0 write:true 2022-11-27 06:03:39.597
headObserver.onCompleted shard: 5 client: 0 write:true 2022-11-27 06:03:39.597
headObserver.onCompleted shard: 4 client: 0 write:true 2022-11-27 06:03:39.598
headObserver.onCompleted shard: 1 client: 0 write:true 2022-11-27 06:03:39.598
headObserver.onCompleted shard: 2 client: 0 write:true 2022-11-27 06:03:39.598
headObserver.onCompleted shard: 0 client: 0 write:true 2022-11-27 06:03:39.598
headObserver.onCompleted shard: 2 client: 0 write:true 2022-11-27 06:03:39.598
headObserver.onCompleted shard: 7 client: 0 write:true 2022-11-27 06:03:39.597
headObserver.onCompleted shard: 6 client: 0 write:true 2022-11-27 06:03:39.597
headObserver.onCompleted shard: 4 client: 0 write:true 2022-11-27 06:03:39.598
headObserver.onCompleted shard: 3 client: 0 write:true 2022-11-27 06:03:39.598
sendReply.onError shard: 5 client: 0 write:true 2022-11-27 06:03:39.598
[grpc-default-executor-139] ERROR site.ycsb.db.rocksdb.Replicator - Encountered error in sendReply
sendReply.onError shard: 0 client: 0 write:true 2022-11-27 06:03:39.599
io.grpc.StatusRuntimeException: CANCELLED: client cancelled
	at io.grpc.Status.asRuntimeException(Status.java:526)
	at io.grpc.stub.ServerCalls$StreamingServerCallHandler$StreamingServerCallListener.onCancel(ServerCalls.java:284)
	at io.grpc.internal.ServerCallImpl$ServerStreamListenerImpl.closedInternal(ServerCallImpl.java:353)
	at io.grpc.internal.ServerCallImpl$ServerStreamListenerImpl.closed(ServerCallImpl.java:341)
	at io.grpc.internal.ServerImpl$JumpToApplicationThreadServerStreamListener$1Closed.runInContext(ServerImpl.java:844)
	at io.grpc.internal.ContextRunnable.run(ContextRunnable.java:37)
	at io.grpc.internal.SerializingExecutor.run(SerializingExecutor.java:123)
	at java.base/java.util.concurrent.ThreadPoolExecutor.runWorker(ThreadPoolExecutor.java:1128)
sendReply.onError shard: -1 client: -1 write:false 2022-11-27 06:03:39.599	at java.base/java.util.concurrent.ThreadPoolExecutor$Worker.run(ThreadPoolExecutor.java:628)

	at java.base/java.lang.Thread.run(Thread.java:829)
[grpc-default-executor-109] ERROR site.ycsb.db.rocksdb.Replicator - Encountered error in sendReply
[grpc-default-executor-156] ERROR site.ycsb.db.rocksdb.Replicator - Encountered error in sendReply
io.grpc.StatusRuntimeException: CANCELLED: client cancelled
	at io.grpc.Status.asRuntimeException(Status.java:526)
	at io.grpc.stub.ServerCalls$StreamingServerCallHandler$StreamingServerCallListener.onCancel(ServerCalls.java:284)
	at io.grpc.internal.ServerCallImpl$ServerStreamListenerImpl.closedInternal(ServerCallImpl.java:353)
	at io.grpc.internal.ServerCallImpl$ServerStreamListenerImpl.closed(ServerCallImpl.java:341)
	at io.grpc.internal.ServerImpl$JumpToApplicationThreadServerStreamListener$1Closed.runInContext(ServerImpl.java:844)
	at io.grpc.internal.ContextRunnable.run(ContextRunnable.java:37)
	at io.grpc.internal.SerializingExecutor.run(SerializingExecutor.java:123)
	at java.base/java.util.concurrent.ThreadPoolExecutor.runWorker(ThreadPoolExecutor.java:1128)
	at java.base/java.util.concurrent.ThreadPoolExecutor$Worker.run(ThreadPoolExecutor.java:628)
	at java.base/java.lang.Thread.run(Thread.java:829)
sendReply.onError shard: 6 client: 0 write:true 2022-11-27 06:03:39.599
io.grpc.StatusRuntimeException: CANCELLED: client cancelled
sendReply.onError shard: 2 client: 0 write:true 2022-11-27 06:03:39.6
	at io.grpc.Status.asRuntimeException(Status.java:526)
	at io.grpc.stub.ServerCalls$StreamingServerCallHandler$StreamingServerCallListener.onCancel(ServerCalls.java:284)
	at io.grpc.internal.ServerCallImpl$ServerStreamListenerImpl.closedInternal(ServerCallImpl.java:353)
	at io.grpc.internal.ServerCallImpl$ServerStreamListenerImpl.closed(ServerCallImpl.java:341)
	at io.grpc.internal.ServerImpl$JumpToApplicationThreadServerStreamListener$1Closed.runInContext(ServerImpl.java:844)
	at io.grpc.internal.ContextRunnable.run(ContextRunnable.java:37)
	at io.grpc.internal.SerializingExecutor.run(SerializingExecutor.java:123)
	at java.base/java.util.concurrent.ThreadPoolExecutor.runWorker(ThreadPoolExecutor.java:1128)sendReply.onError shard: -1 client: -1 write:false 2022-11-27 06:03:39.6

	at java.base/java.util.concurrent.ThreadPoolExecutor$Worker.run(ThreadPoolExecutor.java:628)
	at java.base/java.lang.Thread.run(Thread.java:829)
[grpc-default-executor-165] ERROR site.ycsb.db.rocksdb.Replicator - Encountered error in sendReply
[grpc-default-executor-167] ERROR site.ycsb.db.rocksdb.Replicator - Encountered error in sendReply
[grpc-default-executor-142] ERROR site.ycsb.db.rocksdb.Replicator - Encountered error in sendReply
io.grpc.StatusRuntimeException: CANCELLED: client cancelled
	at io.grpc.Status.asRuntimeException(Status.java:526)
	at io.grpc.stub.ServerCalls$StreamingServerCallHandler$StreamingServerCallListener.onCancel(ServerCalls.java:284)
	at io.grpc.internal.ServerCallImpl$ServerStreamListenerImpl.closedInternal(ServerCallImpl.java:353)
	at io.grpc.internal.ServerCallImpl$ServerStreamListenerImpl.closed(ServerCallImpl.java:341)
	at io.grpc.internal.ServerImpl$JumpToApplicationThreadServerStreamListener$1Closed.runInContext(ServerImpl.java:844)
	at io.grpc.internal.ContextRunnable.run(ContextRunnable.java:37)
	at io.grpc.internal.SerializingExecutor.run(SerializingExecutor.java:123)
	at java.base/java.util.concurrent.ThreadPoolExecutor.runWorker(ThreadPoolExecutor.java:1128)
	at java.base/java.util.concurrent.ThreadPoolExecutor$Worker.run(ThreadPoolExecutor.java:628)
	at java.base/java.lang.Thread.run(Thread.java:829)
io.grpc.StatusRuntimeException: CANCELLED: client cancelled
	at io.grpc.Status.asRuntimeException(Status.java:526)
	at io.grpc.stub.ServerCalls$StreamingServerCallHandler$StreamingServerCallListener.onCancel(ServerCalls.java:284)
	at io.grpc.internal.ServerCallImpl$ServerStreamListenerImpl.closedInternal(ServerCallImpl.java:353)
	at io.grpc.internal.ServerCallImpl$ServerStreamListenerImpl.closed(ServerCallImpl.java:341)
	at io.grpc.internal.ServerImpl$JumpToApplicationThreadServerStreamListener$1Closed.runInContext(ServerImpl.java:844)
	at io.grpc.internal.ContextRunnable.run(ContextRunnable.java:37)
	at io.grpc.internal.SerializingExecutor.run(SerializingExecutor.java:123)
	at java.base/java.util.concurrent.ThreadPoolExecutor.runWorker(ThreadPoolExecutor.java:1128)
	at java.base/java.util.concurrent.ThreadPoolExecutor$Worker.run(ThreadPoolExecutor.java:628)
	at java.base/java.lang.Thread.run(Thread.java:829)
io.grpc.StatusRuntimeException: CANCELLED: client cancelledsendReply.onError shard: 4 client: 0 write:true 2022-11-27 06:03:39.602
dumbObserver.onError shard: 5 client: 0 write:true 2022-11-27 06:03:39.602

	at io.grpc.Status.asRuntimeException(Status.java:526)sendReply.onError shard: -1 client: -1 write:false 2022-11-27 06:03:39.602

	at io.grpc.stub.ServerCalls$StreamingServerCallHandler$StreamingServerCallListener.onCancel(ServerCalls.java:284)
	at io.grpc.internal.ServerCallImpl$ServerStreamListenerImpl.closedInternal(ServerCallImpl.java:353)
	at io.grpc.internal.ServerCallImpl$ServerStreamListenerImpl.closed(ServerCallImpl.java:341)
	at io.grpc.internal.ServerImpl$JumpToApplicationThreadServerStreamListener$1Closed.runInContext(ServerImpl.java:844)
	at io.grpc.internal.ContextRunnable.run(ContextRunnable.java:37)
	at io.grpc.internal.SerializingExecutor.run(SerializingExecutor.java:123)
	at java.base/java.util.concurrent.ThreadPoolExecutor.runWorker(ThreadPoolExecutor.java:1128)sendReply.onError shard: 3 client: 0 write:true 2022-11-27 06:03:39.602

	at java.base/java.util.concurrent.ThreadPoolExecutor$Worker.run(ThreadPoolExecutor.java:628)
	at java.base/java.lang.Thread.run(Thread.java:829)
[grpc-default-executor-165] ERROR site.ycsb.db.rocksdb.Replicator - Encountered error in sendReplydumbObserver.onCompleted shard: 0 client: 0 write:true 2022-11-27 06:03:39.602
[grpc-default-executor-109] ERROR site.ycsb.db.rocksdb.Replicator - Encountered error in sendReply
[grpc-default-executor-156] ERROR site.ycsb.db.rocksdb.Replicator - Encountered error in sendReply

sendReply.onError shard: 1 client: 0 write:true 2022-11-27 06:03:39.602
io.grpc.StatusRuntimeException: CANCELLED: client cancelled
sendReply.onError shard: -1 client: -1 write:false 2022-11-27 06:03:39.602	at io.grpc.Status.asRuntimeException(Status.java:526)

	at io.grpc.stub.ServerCalls$StreamingServerCallHandler$StreamingServerCallListener.onCancel(ServerCalls.java:284)
sendReply.onError shard: -1 client: -1 write:false 2022-11-27 06:03:39.604	at io.grpc.internal.ServerCallImpl$ServerStreamListenerImpl.closedInternal(ServerCallImpl.java:353)

	at io.grpc.internal.ServerCallImpl$ServerStreamListenerImpl.closed(ServerCallImpl.java:341)
dumbObserver.onError shard: 2 client: 0 write:true 2022-11-27 06:03:39.604	at io.grpc.internal.ServerImpl$JumpToApplicationThreadServerStreamListener$1Closed.runInContext(ServerImpl.java:844)

	at io.grpc.internal.ContextRunnable.run(ContextRunnable.java:37)dumbObserver.onError shard: 0 client: 0 write:true 2022-11-27 06:03:39.604

	at io.grpc.internal.SerializingExecutor.run(SerializingExecutor.java:123)
	at java.base/java.util.concurrent.ThreadPoolExecutor.runWorker(ThreadPoolExecutor.java:1128)dumbObserver.onCompleted shard: 5 client: 0 write:true 2022-11-27 06:03:39.604

	at java.base/java.util.concurrent.ThreadPoolExecutor$Worker.run(ThreadPoolExecutor.java:628)
	at java.base/java.lang.Thread.run(Thread.java:829)
dumbObserver.onError shard: 1 client: 0 write:true 2022-11-27 06:03:39.604
[grpc-default-executor-166] ERROR site.ycsb.db.rocksdb.Replicator - Encountered error in sendReply
sendReply.onError shard: 7 client: 0 write:true 2022-11-27 06:03:39.604
[grpc-default-executor-186] ERROR site.ycsb.db.rocksdb.Replicator - Encountered error in sendReply
io.grpc.StatusRuntimeException: CANCELLED: client cancelleddumbObserver.onError shard: 6 client: 0 write:true 2022-11-27 06:03:39.604

	at io.grpc.Status.asRuntimeException(Status.java:526)dumbObserver.onCompleted shard: 3 client: 0 write:true 2022-11-27 06:03:39.604

	at io.grpc.stub.ServerCalls$StreamingServerCallHandler$StreamingServerCallListener.onCancel(ServerCalls.java:284)
dumbObserver.onCompleted shard: 4 client: 0 write:true 2022-11-27 06:03:39.604	at io.grpc.internal.ServerCallImpl$ServerStreamListenerImpl.closedInternal(ServerCallImpl.java:353)

	at io.grpc.internal.ServerCallImpl$ServerStreamListenerImpl.closed(ServerCallImpl.java:341)
	at io.grpc.internal.ServerImpl$JumpToApplicationThreadServerStreamListener$1Closed.runInContext(ServerImpl.java:844)dumbObserver.onCompleted shard: 3 client: 0 write:true 2022-11-27 06:03:39.604

	at io.grpc.internal.ContextRunnable.run(ContextRunnable.java:37)
	at io.grpc.internal.SerializingExecutor.run(SerializingExecutor.java:123)dumbObserver.onError shard: 1 client: 0 write:true 2022-11-27 06:03:39.604

	at java.base/java.util.concurrent.ThreadPoolExecutor.runWorker(ThreadPoolExecutor.java:1128)
dumbObserver.onCompleted shard: 4 client: 0 write:true 2022-11-27 06:03:39.605	at java.base/java.util.concurrent.ThreadPoolExecutor$Worker.run(ThreadPoolExecutor.java:628)

dumbObserver.onError shard: 6 client: 0 write:true 2022-11-27 06:03:39.605
	at java.base/java.lang.Thread.run(Thread.java:829)
[grpc-default-executor-196] ERROR site.ycsb.db.rocksdb.Replicator - Encountered error in sendReply
io.grpc.StatusRuntimeException: CANCELLED: client cancelled
	at io.grpc.Status.asRuntimeException(Status.java:526)
	at io.grpc.stub.ServerCalls$StreamingServerCallHandler$StreamingServerCallListener.onCancel(ServerCalls.java:284)
	at io.grpc.internal.ServerCallImpl$ServerStreamListenerImpl.closedInternal(ServerCallImpl.java:353)
	at io.grpc.internal.ServerCallImpl$ServerStreamListenerImpl.closed(ServerCallImpl.java:341)
	at io.grpc.internal.ServerImpl$JumpToApplicationThreadServerStreamListener$1Closed.runInContext(ServerImpl.java:844)
	at io.grpc.internal.ContextRunnable.run(ContextRunnable.java:37)
	at io.grpc.internal.SerializingExecutor.run(SerializingExecutor.java:123)dumbObserver.onError shard: 7 client: 0 write:true 2022-11-27 06:03:39.605

	at java.base/java.util.concurrent.ThreadPoolExecutor.runWorker(ThreadPoolExecutor.java:1128)dumbObserver.onCompleted shard: 2 client: 0 write:true 2022-11-27 06:03:39.605

	at java.base/java.util.concurrent.ThreadPoolExecutor$Worker.run(ThreadPoolExecutor.java:628)
	at java.base/java.lang.Thread.run(Thread.java:829)
dumbObserver.onError shard: 7 client: 0 write:true 2022-11-27 06:03:39.605
io.grpc.StatusRuntimeException: CANCELLED: client cancelled
	at io.grpc.Status.asRuntimeException(Status.java:526)
	at io.grpc.stub.ServerCalls$StreamingServerCallHandler$StreamingServerCallListener.onCancel(ServerCalls.java:284)
	at io.grpc.internal.ServerCallImpl$ServerStreamListenerImpl.closedInternal(ServerCallImpl.java:353)
	at io.grpc.internal.ServerCallImpl$ServerStreamListenerImpl.closed(ServerCallImpl.java:341)
	at io.grpc.internal.ServerImpl$JumpToApplicationThreadServerStreamListener$1Closed.runInContext(ServerImpl.java:844)
	at io.grpc.internal.ContextRunnable.run(ContextRunnable.java:37)
	at io.grpc.internal.SerializingExecutor.run(SerializingExecutor.java:123)
	at java.base/java.util.concurrent.ThreadPoolExecutor.runWorker(ThreadPoolExecutor.java:1128)
	at java.base/java.util.concurrent.ThreadPoolExecutor$Worker.run(ThreadPoolExecutor.java:628)
	at java.base/java.lang.Thread.run(Thread.java:829)
io.grpc.StatusRuntimeException: CANCELLED: client cancelled
	at io.grpc.Status.asRuntimeException(Status.java:526)
	at io.grpc.stub.ServerCalls$StreamingServerCallHandler$StreamingServerCallListener.onCancel(ServerCalls.java:284)
	at io.grpc.internal.ServerCallImpl$ServerStreamListenerImpl.closedInternal(ServerCallImpl.java:353)
	at io.grpc.internal.ServerCallImpl$ServerStreamListenerImpl.closed(ServerCallImpl.java:341)
	at io.grpc.internal.ServerImpl$JumpToApplicationThreadServerStreamListener$1Closed.runInContext(ServerImpl.java:844)
	at io.grpc.internal.ContextRunnable.run(ContextRunnable.java:37)
	at io.grpc.internal.SerializingExecutor.run(SerializingExecutor.java:123)
	at java.base/java.util.concurrent.ThreadPoolExecutor.runWorker(ThreadPoolExecutor.java:1128)
	at java.base/java.util.concurrent.ThreadPoolExecutor$Worker.run(ThreadPoolExecutor.java:628)
	at java.base/java.lang.Thread.run(Thread.java:829)
io.grpc.StatusRuntimeException: CANCELLED: client cancelled
	at io.grpc.Status.asRuntimeException(Status.java:526)
	at io.grpc.stub.ServerCalls$StreamingServerCallHandler$StreamingServerCallListener.onCancel(ServerCalls.java:284)
	at io.grpc.internal.ServerCallImpl$ServerStreamListenerImpl.closedInternal(ServerCallImpl.java:353)
	at io.grpc.internal.ServerCallImpl$ServerStreamListenerImpl.closed(ServerCallImpl.java:341)
	at io.grpc.internal.ServerImpl$JumpToApplicationThreadServerStreamListener$1Closed.runInContext(ServerImpl.java:844)
	at io.grpc.internal.ContextRunnable.run(ContextRunnable.java:37)
	at io.grpc.internal.SerializingExecutor.run(SerializingExecutor.java:123)
	at java.base/java.util.concurrent.ThreadPoolExecutor.runWorker(ThreadPoolExecutor.java:1128)
	at java.base/java.util.concurrent.ThreadPoolExecutor$Worker.run(ThreadPoolExecutor.java:628)
	at java.base/java.lang.Thread.run(Thread.java:829)
[grpc-default-executor-139] ERROR site.ycsb.db.rocksdb.Replicator - Encountered error in sendReply
io.grpc.StatusRuntimeException: CANCELLED: client cancelled
	at io.grpc.Status.asRuntimeException(Status.java:526)
	at io.grpc.stub.ServerCalls$StreamingServerCallHandler$StreamingServerCallListener.onCancel(ServerCalls.java:284)
	at io.grpc.internal.ServerCallImpl$ServerStreamListenerImpl.closedInternal(ServerCallImpl.java:353)
	at io.grpc.internal.ServerCallImpl$ServerStreamListenerImpl.closed(ServerCallImpl.java:341)
	at io.grpc.internal.ServerImpl$JumpToApplicationThreadServerStreamListener$1Closed.runInContext(ServerImpl.java:844)
	at io.grpc.internal.ContextRunnable.run(ContextRunnable.java:37)
	at io.grpc.internal.SerializingExecutor.run(SerializingExecutor.java:123)
	at java.base/java.util.concurrent.ThreadPoolExecutor.runWorker(ThreadPoolExecutor.java:1128)
	at java.base/java.util.concurrent.ThreadPoolExecutor$Worker.run(ThreadPoolExecutor.java:628)
	at java.base/java.lang.Thread.run(Thread.java:829)
sendReply.onError shard: -1 client: -1 write:false 2022-11-27 06:03:39.606
[grpc-default-executor-186] ERROR site.ycsb.db.rocksdb.Replicator - Encountered error in sendReply
io.grpc.StatusRuntimeException: CANCELLED: client cancelled
	at io.grpc.Status.asRuntimeException(Status.java:526)
	at io.grpc.stub.ServerCalls$StreamingServerCallHandler$StreamingServerCallListener.onCancel(ServerCalls.java:284)
	at io.grpc.internal.ServerCallImpl$ServerStreamListenerImpl.closedInternal(ServerCallImpl.java:353)
	at io.grpc.internal.ServerCallImpl$ServerStreamListenerImpl.closed(ServerCallImpl.java:341)
	at io.grpc.internal.ServerImpl$JumpToApplicationThreadServerStreamListener$1Closed.runInContext(ServerImpl.java:844)
	at io.grpc.internal.ContextRunnable.run(ContextRunnable.java:37)
	at io.grpc.internal.SerializingExecutor.run(SerializingExecutor.java:123)
	at java.base/java.util.concurrent.ThreadPoolExecutor.runWorker(ThreadPoolExecutor.java:1128)
	at java.base/java.util.concurrent.ThreadPoolExecutor$Worker.run(ThreadPoolExecutor.java:628)
	at java.base/java.lang.Thread.run(Thread.java:829)
sendReply.onError shard: -1 client: -1 write:false 2022-11-27 06:03:39.623
[grpc-default-executor-139] ERROR site.ycsb.db.rocksdb.Replicator - Encountered error in sendReply
io.grpc.StatusRuntimeException: CANCELLED: client cancelled
	at io.grpc.Status.asRuntimeException(Status.java:526)
	at io.grpc.stub.ServerCalls$StreamingServerCallHandler$StreamingServerCallListener.onCancel(ServerCalls.java:284)
	at io.grpc.internal.ServerCallImpl$ServerStreamListenerImpl.closedInternal(ServerCallImpl.java:353)
	at io.grpc.internal.ServerCallImpl$ServerStreamListenerImpl.closed(ServerCallImpl.java:341)
	at io.grpc.internal.ServerImpl$JumpToApplicationThreadServerStreamListener$1Closed.runInContext(ServerImpl.java:844)
	at io.grpc.internal.ContextRunnable.run(ContextRunnable.java:37)
	at io.grpc.internal.SerializingExecutor.run(SerializingExecutor.java:123)
	at java.base/java.util.concurrent.ThreadPoolExecutor.runWorker(ThreadPoolExecutor.java:1128)
	at java.base/java.util.concurrent.ThreadPoolExecutor$Worker.run(ThreadPoolExecutor.java:628)
	at java.base/java.lang.Thread.run(Thread.java:829)
sendReply.onError shard: -1 client: -1 write:false 2022-11-27 06:03:39.669
[grpc-default-executor-186] ERROR site.ycsb.db.rocksdb.Replicator - Encountered error in sendReply
io.grpc.StatusRuntimeException: CANCELLED: client cancelled
	at io.grpc.Status.asRuntimeException(Status.java:526)
	at io.grpc.stub.ServerCalls$StreamingServerCallHandler$StreamingServerCallListener.onCancel(ServerCalls.java:284)
	at io.grpc.internal.ServerCallImpl$ServerStreamListenerImpl.closedInternal(ServerCallImpl.java:353)
	at io.grpc.internal.ServerCallImpl$ServerStreamListenerImpl.closed(ServerCallImpl.java:341)
	at io.grpc.internal.ServerImpl$JumpToApplicationThreadServerStreamListener$1Closed.runInContext(ServerImpl.java:844)
	at io.grpc.internal.ContextRunnable.run(ContextRunnable.java:37)
	at io.grpc.internal.SerializingExecutor.run(SerializingExecutor.java:123)
	at java.base/java.util.concurrent.ThreadPoolExecutor.runWorker(ThreadPoolExecutor.java:1128)
	at java.base/java.util.concurrent.ThreadPoolExecutor$Worker.run(ThreadPoolExecutor.java:628)
	at java.base/java.lang.Thread.run(Thread.java:829)
*** shutting down gRPC server since JVM is shutting down
