/usr/bin/java -Xmx64G -XX:MaxDirectMemorySize=64G -classpath /root/YCSB/conf:/root/YCSB/core/target/core-0.18.0-SNAPSHOT.jar:/root/YCSB/rocksdb/target/rocksdb-binding-0.18.0-SNAPSHOT.jar:/root/YCSB/rocksdb/target/dependency/HdrHistogram-2.1.4.jar:/root/YCSB/rocksdb/target/dependency/animal-sniffer-annotations-1.19.jar:/root/YCSB/rocksdb/target/dependency/annotations-4.1.1.4.jar:/root/YCSB/rocksdb/target/dependency/checker-compat-qual-2.5.5.jar:/root/YCSB/rocksdb/target/dependency/error_prone_annotations-2.4.0.jar:/root/YCSB/rocksdb/target/dependency/failureaccess-1.0.1.jar:/root/YCSB/rocksdb/target/dependency/grpc-api-1.37.1.jar:/root/YCSB/rocksdb/target/dependency/grpc-context-1.37.1.jar:/root/YCSB/rocksdb/target/dependency/grpc-core-1.37.1.jar:/root/YCSB/rocksdb/target/dependency/grpc-netty-shaded-1.37.1.jar:/root/YCSB/rocksdb/target/dependency/grpc-protobuf-1.37.1.jar:/root/YCSB/rocksdb/target/dependency/grpc-protobuf-lite-1.37.1.jar:/root/YCSB/rocksdb/target/dependency/grpc-stub-1.37.1.jar:/root/YCSB/rocksdb/target/dependency/gson-2.8.6.jar:/root/YCSB/rocksdb/target/dependency/guava-30.0-android.jar:/root/YCSB/rocksdb/target/dependency/htrace-core4-4.1.0-incubating.jar:/root/YCSB/rocksdb/target/dependency/j2objc-annotations-1.3.jar:/root/YCSB/rocksdb/target/dependency/jcip-annotations-1.0.jar:/root/YCSB/rocksdb/target/dependency/jsr305-3.0.2.jar:/root/YCSB/rocksdb/target/dependency/listenablefuture-9999.0-empty-to-avoid-conflict-with-guava.jar:/root/YCSB/rocksdb/target/dependency/perfmark-api-0.23.0.jar:/root/YCSB/rocksdb/target/dependency/proto-google-common-protos-2.0.1.jar:/root/YCSB/rocksdb/target/dependency/protobuf-java-3.12.0.jar:/root/YCSB/rocksdb/target/dependency/rocksdbjni-6.14.0.jar:/root/YCSB/rocksdb/target/dependency/slf4j-api-1.7.25.jar:/root/YCSB/rocksdb/target/dependency/slf4j-simple-1.7.25.jar site.ycsb.db.rocksdb.Replicator  -db site.ycsb.db.rocksdb.RocksDBClient -s -P workloads/workloada -p port=50040 -p shard=4 -p client=4 -p head0=10.10.1.2:50050 -p tail0=10.10.1.3:50050 -p head1=10.10.1.3:50051 -p tail1=10.10.1.2:50051 -p head2=10.10.1.2:50052 -p tail2=10.10.1.3:50052 -p head3=10.10.1.3:50053 -p tail3=10.10.1.2:50053 -p replica=2
Command line: -db site.ycsb.db.rocksdb.RocksDBClient -s -P workloads/workloada -p port=50040 -p shard=4 -p client=4 -p head0=10.10.1.2:50050 -p tail0=10.10.1.3:50050 -p head1=10.10.1.3:50051 -p tail1=10.10.1.2:50051 -p head2=10.10.1.2:50052 -p tail2=10.10.1.3:50052 -p head3=10.10.1.3:50053 -p tail3=10.10.1.2:50053 -p replica=2
[main] INFO site.ycsb.db.rocksdb.Replicator - Server started, listening on 50040
observerMap[2] [1] [1] changes from null to io.grpc.stub.ServerCalls$ServerCallStreamObserverImpl@3f4e10b9
observerMap[2] [0] [1] changes from null to io.grpc.stub.ServerCalls$ServerCallStreamObserverImpl@403b72a8
observerMap[3] [2] [1] changes from null to io.grpc.stub.ServerCalls$ServerCallStreamObserverImpl@f86065b
observerMap[3] [3] [1] changes from null to io.grpc.stub.ServerCalls$ServerCallStreamObserverImpl@6b8319a7
observerMap[1] [0] [1] changes from null to io.grpc.stub.ServerCalls$ServerCallStreamObserverImpl@215ccaf3
observerMap[3] [1] [1] changes from null to io.grpc.stub.ServerCalls$ServerCallStreamObserverImpl@3a9b2ec8
observerMap[1] [1] [1] changes from null to io.grpc.stub.ServerCalls$ServerCallStreamObserverImpl@61dfb163
observerMap[0] [3] [1] changes from null to io.grpc.stub.ServerCalls$ServerCallStreamObserverImpl@25a49a44
observerAccumulator 1 shard 3
observerAccumulator 2 shard 1
observerAccumulator 3 shard 3
observerMap[2] [3] [1] changes from null to io.grpc.stub.ServerCalls$ServerCallStreamObserverImpl@1f80c173
observerAccumulator 4 shard 2
observerMap[0] [2] [1] changes from null to io.grpc.stub.ServerCalls$ServerCallStreamObserverImpl@42506182
observerAccumulator 5 shard 0
observerMap[2] [2] [1] changes from null to io.grpc.stub.ServerCalls$ServerCallStreamObserverImpl@2121d6d2
observerAccumulator 6 shard 2
observerMap[1] [2] [1] changes from null to io.grpc.stub.ServerCalls$ServerCallStreamObserverImpl@423f4e33
observerAccumulator 7 shard 1
observerMap[3] [0] [1] changes from null to io.grpc.stub.ServerCalls$ServerCallStreamObserverImpl@2ad60127
observerAccumulator 8 shard 3
observerMap[1] [3] [1] changes from null to io.grpc.stub.ServerCalls$ServerCallStreamObserverImpl@104f8682
observerAccumulator 9 shard 1
observerAccumulator 10 shard 2
observerMap[0] [1] [1] changes from null to io.grpc.stub.ServerCalls$ServerCallStreamObserverImpl@29334e13
observerMap[0] [0] [1] changes from null to io.grpc.stub.ServerCalls$ServerCallStreamObserverImpl@1957e9e5
observerAccumulator 11 shard 0
observerAccumulator 12 shard 0
observerAccumulator 13 shard 2
observerAccumulator 14 shard 1
observerAccumulator 15 shard 0
observerAccumulator 16 shard 3
observerMap[0] [0] [1] changes from io.grpc.stub.ServerCalls$ServerCallStreamObserverImpl@1957e9e5 to io.grpc.stub.ServerCalls$ServerCallStreamObserverImpl@4946824
observerAccumulator 17 shard 0
observerMap[3] [0] [1] changes from io.grpc.stub.ServerCalls$ServerCallStreamObserverImpl@2ad60127 to io.grpc.stub.ServerCalls$ServerCallStreamObserverImpl@6835dc49
observerMap[2] [0] [1] changes from io.grpc.stub.ServerCalls$ServerCallStreamObserverImpl@403b72a8 to io.grpc.stub.ServerCalls$ServerCallStreamObserverImpl@6d663fcc
observerAccumulator 18 shard 3
observerAccumulator 19 shard 2
observerMap[1] [0] [1] changes from io.grpc.stub.ServerCalls$ServerCallStreamObserverImpl@215ccaf3 to io.grpc.stub.ServerCalls$ServerCallStreamObserverImpl@52196627
observerAccumulator 20 shard 1
observerMap[3] [0] [1] changes from io.grpc.stub.ServerCalls$ServerCallStreamObserverImpl@6835dc49 to io.grpc.stub.ServerCalls$ServerCallStreamObserverImpl@2ad60127
observerMap[0] [2] [1] changes from io.grpc.stub.ServerCalls$ServerCallStreamObserverImpl@42506182 to io.grpc.stub.ServerCalls$ServerCallStreamObserverImpl@caac8a0
observerMap[1] [2] [1] changes from io.grpc.stub.ServerCalls$ServerCallStreamObserverImpl@423f4e33 to io.grpc.stub.ServerCalls$ServerCallStreamObserverImpl@2859cc6d
observerMap[2] [2] [1] changes from io.grpc.stub.ServerCalls$ServerCallStreamObserverImpl@2121d6d2 to io.grpc.stub.ServerCalls$ServerCallStreamObserverImpl@6959d309
observerMap[0] [1] [1] changes from io.grpc.stub.ServerCalls$ServerCallStreamObserverImpl@29334e13 to io.grpc.stub.ServerCalls$ServerCallStreamObserverImpl@197a3872
observerAccumulator 21 shard 0
observerAccumulator 23 shard 2
observerMap[3] [2] [1] changes from io.grpc.stub.ServerCalls$ServerCallStreamObserverImpl@f86065b to io.grpc.stub.ServerCalls$ServerCallStreamObserverImpl@7c9ded48
observerAccumulator 22 shard 1
observerAccumulator 24 shard 0
observerMap[1] [1] [1] changes from io.grpc.stub.ServerCalls$ServerCallStreamObserverImpl@61dfb163 to io.grpc.stub.ServerCalls$ServerCallStreamObserverImpl@3304d9f8
observerMap[2] [1] [1] changes from io.grpc.stub.ServerCalls$ServerCallStreamObserverImpl@3f4e10b9 to io.grpc.stub.ServerCalls$ServerCallStreamObserverImpl@49cad158
observerAccumulator 25 shard 3
observerAccumulator 26 shard 1
observerAccumulator 27 shard 2
observerMap[3] [1] [1] changes from io.grpc.stub.ServerCalls$ServerCallStreamObserverImpl@3a9b2ec8 to io.grpc.stub.ServerCalls$ServerCallStreamObserverImpl@26cd7ef
observerAccumulator 28 shard 3
observerMap[0] [3] [1] changes from io.grpc.stub.ServerCalls$ServerCallStreamObserverImpl@25a49a44 to io.grpc.stub.ServerCalls$ServerCallStreamObserverImpl@27b3f990
observerAccumulator 29 shard 0
observerMap[1] [3] [1] changes from io.grpc.stub.ServerCalls$ServerCallStreamObserverImpl@104f8682 to io.grpc.stub.ServerCalls$ServerCallStreamObserverImpl@4332ba28
observerAccumulator 30 shard 1
observerMap[2] [3] [1] changes from io.grpc.stub.ServerCalls$ServerCallStreamObserverImpl@1f80c173 to io.grpc.stub.ServerCalls$ServerCallStreamObserverImpl@75f224e3
observerAccumulator 31 shard 2
observerMap[3] [3] [1] changes from io.grpc.stub.ServerCalls$ServerCallStreamObserverImpl@6b8319a7 to io.grpc.stub.ServerCalls$ServerCallStreamObserverImpl@894bc9f
observerAccumulator 32 shard 3
observerMap[2] [1] [1] changes from io.grpc.stub.ServerCalls$ServerCallStreamObserverImpl@49cad158 to io.grpc.stub.ServerCalls$ServerCallStreamObserverImpl@3f4e10b9
observerMap[1] [3] [1] changes from io.grpc.stub.ServerCalls$ServerCallStreamObserverImpl@4332ba28 to io.grpc.stub.ServerCalls$ServerCallStreamObserverImpl@104f8682
observerMap[1] [0] [1] changes from io.grpc.stub.ServerCalls$ServerCallStreamObserverImpl@52196627 to io.grpc.stub.ServerCalls$ServerCallStreamObserverImpl@215ccaf3
observerMap[3] [3] [1] changes from io.grpc.stub.ServerCalls$ServerCallStreamObserverImpl@894bc9f to io.grpc.stub.ServerCalls$ServerCallStreamObserverImpl@6b8319a7
observerMap[2] [0] [1] changes from io.grpc.stub.ServerCalls$ServerCallStreamObserverImpl@6d663fcc to io.grpc.stub.ServerCalls$ServerCallStreamObserverImpl@403b72a8
observerMap[0] [3] [1] changes from io.grpc.stub.ServerCalls$ServerCallStreamObserverImpl@27b3f990 to io.grpc.stub.ServerCalls$ServerCallStreamObserverImpl@25a49a44
observerMap[0] [2] [1] changes from io.grpc.stub.ServerCalls$ServerCallStreamObserverImpl@caac8a0 to io.grpc.stub.ServerCalls$ServerCallStreamObserverImpl@42506182
observerMap[0] [0] [1] changes from io.grpc.stub.ServerCalls$ServerCallStreamObserverImpl@4946824 to io.grpc.stub.ServerCalls$ServerCallStreamObserverImpl@1957e9e5
observerMap[0] [1] [1] changes from io.grpc.stub.ServerCalls$ServerCallStreamObserverImpl@197a3872 to io.grpc.stub.ServerCalls$ServerCallStreamObserverImpl@29334e13
observerMap[1] [1] [1] changes from io.grpc.stub.ServerCalls$ServerCallStreamObserverImpl@3304d9f8 to io.grpc.stub.ServerCalls$ServerCallStreamObserverImpl@61dfb163
observerMap[1] [2] [1] changes from io.grpc.stub.ServerCalls$ServerCallStreamObserverImpl@2859cc6d to io.grpc.stub.ServerCalls$ServerCallStreamObserverImpl@423f4e33
observerMap[3] [2] [1] changes from io.grpc.stub.ServerCalls$ServerCallStreamObserverImpl@7c9ded48 to io.grpc.stub.ServerCalls$ServerCallStreamObserverImpl@f86065b
observerMap[3] [1] [1] changes from io.grpc.stub.ServerCalls$ServerCallStreamObserverImpl@26cd7ef to io.grpc.stub.ServerCalls$ServerCallStreamObserverImpl@3a9b2ec8
observerMap[2] [3] [1] changes from io.grpc.stub.ServerCalls$ServerCallStreamObserverImpl@75f224e3 to io.grpc.stub.ServerCalls$ServerCallStreamObserverImpl@1f80c173
observerMap[2] [2] [1] changes from io.grpc.stub.ServerCalls$ServerCallStreamObserverImpl@6959d309 to io.grpc.stub.ServerCalls$ServerCallStreamObserverImpl@2121d6d2
headObserver.onCompleted shard: 0 client: 3 write:true 2023-01-11 00:11:47.456
dumbObserver.onCompleted shard: 1 client: 3 write:true 2023-01-11 00:11:47.469
dumbObserver.onCompleted shard: 0 client: 3 write:true 2023-01-11 00:11:47.467
dumbObserver.onCompleted shard: 2 client: 3 write:true 2023-01-11 00:11:47.467
sendReply.onError shard: -1 client: -1 write:false 2023-01-11 00:11:47.467
sendReply.onError shard: 3 client: 3 write:true 2023-01-11 00:11:47.467[grpc-default-executor-43] ERROR site.ycsb.db.rocksdb.Replicator - Encountered error in sendReply

[grpc-default-executor-44] ERROR site.ycsb.db.rocksdb.Replicator - Encountered error in sendReplyheadObserver.onCompleted shard: 3 client: 3 write:true 2023-01-11 00:11:47.456

headObserver.onCompleted shard: 3 client: 3 write:true 2023-01-11 00:11:47.456
dumbObserver.onCompleted shard: 3 client: 3 write:true 2023-01-11 00:11:47.468
dumbObserver.onCompleted shard: 2 client: 3 write:true 2023-01-11 00:11:47.469
sendReply.onError shard: -1 client: -1 write:false 2023-01-11 00:11:47.459
io.grpc.StatusRuntimeException: CANCELLED: client cancelled
dumbObserver.onCompleted shard: 1 client: 3 write:true 2023-01-11 00:11:47.468
dumbObserver.onCompleted shard: 3 client: 3 write:true 2023-01-11 00:11:47.468
sendReply.onError shard: 1 client: 3 write:true 2023-01-11 00:11:47.459
headObserver.onCompleted shard: 2 client: 3 write:true 2023-01-11 00:11:47.456
sendReply.onError shard: 0 client: 3 write:true 2023-01-11 00:11:47.459
dumbObserver.onCompleted shard: 0 client: 3 write:true 2023-01-11 00:11:47.469
sendReply.onError shard: 2 client: 3 write:true 2023-01-11 00:11:47.459
headObserver.onCompleted shard: 0 client: 3 write:true 2023-01-11 00:11:47.456	at io.grpc.Status.asRuntimeException(Status.java:526)

	at io.grpc.stub.ServerCalls$StreamingServerCallHandler$StreamingServerCallListener.onCancel(ServerCalls.java:284)
	at io.grpc.internal.ServerCallImpl$ServerStreamListenerImpl.closedInternal(ServerCallImpl.java:353)sendReply.onError shard: -1 client: -1 write:false 2023-01-11 00:11:47.459

sendReply.onError shard: -1 client: -1 write:false 2023-01-11 00:11:47.459	at io.grpc.internal.ServerCallImpl$ServerStreamListenerImpl.closed(ServerCallImpl.java:341)

	at io.grpc.internal.ServerImpl$JumpToApplicationThreadServerStreamListener$1Closed.runInContext(ServerImpl.java:844)
	at io.grpc.internal.ContextRunnable.run(ContextRunnable.java:37)
	at io.grpc.internal.SerializingExecutor.run(SerializingExecutor.java:123)
	at java.base/java.util.concurrent.ThreadPoolExecutor.runWorker(ThreadPoolExecutor.java:1128)
	at java.base/java.util.concurrent.ThreadPoolExecutor$Worker.run(ThreadPoolExecutor.java:628)
	at java.base/java.lang.Thread.run(Thread.java:829)
[grpc-default-executor-52] ERROR site.ycsb.db.rocksdb.Replicator - Encountered error in sendReply
[grpc-default-executor-47] ERROR site.ycsb.db.rocksdb.Replicator - Encountered error in sendReply
[grpc-default-executor-14] ERROR site.ycsb.db.rocksdb.Replicator - Encountered error in sendReplyheadObserver.onCompleted shard: 1 client: 3 write:true 2023-01-11 00:11:47.456

headObserver.onCompleted shard: 1 client: 3 write:true 2023-01-11 00:11:47.456[grpc-default-executor-54] ERROR site.ycsb.db.rocksdb.Replicator - Encountered error in sendReply

headObserver.onCompleted shard: 2 client: 3 write:true 2023-01-11 00:11:47.456
[grpc-default-executor-24] ERROR site.ycsb.db.rocksdb.Replicator - Encountered error in sendReply
[grpc-default-executor-30] ERROR site.ycsb.db.rocksdb.Replicator - Encountered error in sendReply
io.grpc.StatusRuntimeException: CANCELLED: client cancelled
	at io.grpc.Status.asRuntimeException(Status.java:526)
	at io.grpc.stub.ServerCalls$StreamingServerCallHandler$StreamingServerCallListener.onCancel(ServerCalls.java:284)
	at io.grpc.internal.ServerCallImpl$ServerStreamListenerImpl.closedInternal(ServerCallImpl.java:353)
	at io.grpc.internal.ServerCallImpl$ServerStreamListenerImpl.closed(ServerCallImpl.java:341)
	at io.grpc.internal.ServerImpl$JumpToApplicationThreadServerStreamListener$1Closed.runInContext(ServerImpl.java:844)
	at io.grpc.internal.ContextRunnable.run(ContextRunnable.java:37)
	at io.grpc.internal.SerializingExecutor.run(SerializingExecutor.java:123)
	at java.base/java.util.concurrent.ThreadPoolExecutor.runWorker(ThreadPoolExecutor.java:1128)
	at java.base/java.util.concurrent.ThreadPoolExecutor$Worker.run(ThreadPoolExecutor.java:628)
	at java.base/java.lang.Thread.run(Thread.java:829)
io.grpc.StatusRuntimeException: CANCELLED: client cancelled
	at io.grpc.Status.asRuntimeException(Status.java:526)
	at io.grpc.stub.ServerCalls$StreamingServerCallHandler$StreamingServerCallListener.onCancel(ServerCalls.java:284)
	at io.grpc.internal.ServerCallImpl$ServerStreamListenerImpl.closedInternal(ServerCallImpl.java:353)
	at io.grpc.internal.ServerCallImpl$ServerStreamListenerImpl.closed(ServerCallImpl.java:341)
	at io.grpc.internal.ServerImpl$JumpToApplicationThreadServerStreamListener$1Closed.runInContext(ServerImpl.java:844)
	at io.grpc.internal.ContextRunnable.run(ContextRunnable.java:37)
	at io.grpc.internal.SerializingExecutor.run(SerializingExecutor.java:123)
	at java.base/java.util.concurrent.ThreadPoolExecutor.runWorker(ThreadPoolExecutor.java:1128)
	at java.base/java.util.concurrent.ThreadPoolExecutor$Worker.run(ThreadPoolExecutor.java:628)
	at java.base/java.lang.Thread.run(Thread.java:829)
io.grpc.StatusRuntimeException: CANCELLED: client cancelled
	at io.grpc.Status.asRuntimeException(Status.java:526)
	at io.grpc.stub.ServerCalls$StreamingServerCallHandler$StreamingServerCallListener.onCancel(ServerCalls.java:284)
	at io.grpc.internal.ServerCallImpl$ServerStreamListenerImpl.closedInternal(ServerCallImpl.java:353)
	at io.grpc.internal.ServerCallImpl$ServerStreamListenerImpl.closed(ServerCallImpl.java:341)
	at io.grpc.internal.ServerImpl$JumpToApplicationThreadServerStreamListener$1Closed.runInContext(ServerImpl.java:844)
	at io.grpc.internal.ContextRunnable.run(ContextRunnable.java:37)
	at io.grpc.internal.SerializingExecutor.run(SerializingExecutor.java:123)
	at java.base/java.util.concurrent.ThreadPoolExecutor.runWorker(ThreadPoolExecutor.java:1128)
	at java.base/java.util.concurrent.ThreadPoolExecutor$Worker.run(ThreadPoolExecutor.java:628)
	at java.base/java.lang.Thread.run(Thread.java:829)
io.grpc.StatusRuntimeException: CANCELLED: client cancelled
	at io.grpc.Status.asRuntimeException(Status.java:526)
	at io.grpc.stub.ServerCalls$StreamingServerCallHandler$StreamingServerCallListener.onCancel(ServerCalls.java:284)
	at io.grpc.internal.ServerCallImpl$ServerStreamListenerImpl.closedInternal(ServerCallImpl.java:353)
	at io.grpc.internal.ServerCallImpl$ServerStreamListenerImpl.closed(ServerCallImpl.java:341)
	at io.grpc.internal.ServerImpl$JumpToApplicationThreadServerStreamListener$1Closed.runInContext(ServerImpl.java:844)
	at io.grpc.internal.ContextRunnable.run(ContextRunnable.java:37)
	at io.grpc.internal.SerializingExecutor.run(SerializingExecutor.java:123)
	at java.base/java.util.concurrent.ThreadPoolExecutor.runWorker(ThreadPoolExecutor.java:1128)
	at java.base/java.util.concurrent.ThreadPoolExecutor$Worker.run(ThreadPoolExecutor.java:628)
	at java.base/java.lang.Thread.run(Thread.java:829)
io.grpc.StatusRuntimeException: CANCELLED: client cancelled
	at io.grpc.Status.asRuntimeException(Status.java:526)
	at io.grpc.stub.ServerCalls$StreamingServerCallHandler$StreamingServerCallListener.onCancel(ServerCalls.java:284)
	at io.grpc.internal.ServerCallImpl$ServerStreamListenerImpl.closedInternal(ServerCallImpl.java:353)
	at io.grpc.internal.ServerCallImpl$ServerStreamListenerImpl.closed(ServerCallImpl.java:341)
	at io.grpc.internal.ServerImpl$JumpToApplicationThreadServerStreamListener$1Closed.runInContext(ServerImpl.java:844)
	at io.grpc.internal.ContextRunnable.run(ContextRunnable.java:37)
	at io.grpc.internal.SerializingExecutor.run(SerializingExecutor.java:123)
	at java.base/java.util.concurrent.ThreadPoolExecutor.runWorker(ThreadPoolExecutor.java:1128)
	at java.base/java.util.concurrent.ThreadPoolExecutor$Worker.run(ThreadPoolExecutor.java:628)
	at java.base/java.lang.Thread.run(Thread.java:829)
io.grpc.StatusRuntimeException: CANCELLED: client cancelled
	at io.grpc.Status.asRuntimeException(Status.java:526)
	at io.grpc.stub.ServerCalls$StreamingServerCallHandler$StreamingServerCallListener.onCancel(ServerCalls.java:284)
	at io.grpc.internal.ServerCallImpl$ServerStreamListenerImpl.closedInternal(ServerCallImpl.java:353)
	at io.grpc.internal.ServerCallImpl$ServerStreamListenerImpl.closed(ServerCallImpl.java:341)
	at io.grpc.internal.ServerImpl$JumpToApplicationThreadServerStreamListener$1Closed.runInContext(ServerImpl.java:844)
	at io.grpc.internal.ContextRunnable.run(ContextRunnable.java:37)
	at io.grpc.internal.SerializingExecutor.run(SerializingExecutor.java:123)
	at java.base/java.util.concurrent.ThreadPoolExecutor.runWorker(ThreadPoolExecutor.java:1128)
	at java.base/java.util.concurrent.ThreadPoolExecutor$Worker.run(ThreadPoolExecutor.java:628)
	at java.base/java.lang.Thread.run(Thread.java:829)
io.grpc.StatusRuntimeException: CANCELLED: client cancelled
	at io.grpc.Status.asRuntimeException(Status.java:526)
	at io.grpc.stub.ServerCalls$StreamingServerCallHandler$StreamingServerCallListener.onCancel(ServerCalls.java:284)
	at io.grpc.internal.ServerCallImpl$ServerStreamListenerImpl.closedInternal(ServerCallImpl.java:353)
	at io.grpc.internal.ServerCallImpl$ServerStreamListenerImpl.closed(ServerCallImpl.java:341)
	at io.grpc.internal.ServerImpl$JumpToApplicationThreadServerStreamListener$1Closed.runInContext(ServerImpl.java:844)
	at io.grpc.internal.ContextRunnable.run(ContextRunnable.java:37)
	at io.grpc.internal.SerializingExecutor.run(SerializingExecutor.java:123)
	at java.base/java.util.concurrent.ThreadPoolExecutor.runWorker(ThreadPoolExecutor.java:1128)
	at java.base/java.util.concurrent.ThreadPoolExecutor$Worker.run(ThreadPoolExecutor.java:628)
	at java.base/java.lang.Thread.run(Thread.java:829)
headObserver.onCompleted shard: 3 client: 1 write:true 2023-01-11 00:11:47.604
headObserver.onCompleted shard: 0 client: 1 write:true 2023-01-11 00:11:47.604
headObserver.onCompleted shard: 0 client: 1 write:true 2023-01-11 00:11:47.604
headObserver.onCompleted shard: 1 client: 1 write:true 2023-01-11 00:11:47.604
headObserver.onCompleted shard: 1 client: 1 write:true 2023-01-11 00:11:47.604
headObserver.onCompleted shard: 2 client: 1 write:true 2023-01-11 00:11:47.604
headObserver.onCompleted shard: 2 client: 1 write:true 2023-01-11 00:11:47.604
headObserver.onCompleted shard: 3 client: 1 write:true 2023-01-11 00:11:47.604
sendReply.onError shard: 2 client: 1 write:true 2023-01-11 00:11:47.606
[grpc-default-executor-24] ERROR site.ycsb.db.rocksdb.Replicator - Encountered error in sendReply
sendReply.onError shard: 0 client: 1 write:true 2023-01-11 00:11:47.606
io.grpc.StatusRuntimeException: CANCELLED: client cancelledsendReply.onError shard: -1 client: -1 write:false 2023-01-11 00:11:47.606

sendReply.onError shard: 1 client: 1 write:true 2023-01-11 00:11:47.608
	at io.grpc.Status.asRuntimeException(Status.java:526)
	at io.grpc.stub.ServerCalls$StreamingServerCallHandler$StreamingServerCallListener.onCancel(ServerCalls.java:284)
sendReply.onError shard: -1 client: -1 write:false 2023-01-11 00:11:47.607	at io.grpc.internal.ServerCallImpl$ServerStreamListenerImpl.closedInternal(ServerCallImpl.java:353)

	at io.grpc.internal.ServerCallImpl$ServerStreamListenerImpl.closed(ServerCallImpl.java:341)sendReply.onError shard: -1 client: -1 write:false 2023-01-11 00:11:47.608

	at io.grpc.internal.ServerImpl$JumpToApplicationThreadServerStreamListener$1Closed.runInContext(ServerImpl.java:844)
dumbObserver.onCompleted shard: 2 client: 1 write:true 2023-01-11 00:11:47.608	at io.grpc.internal.ContextRunnable.run(ContextRunnable.java:37)

	at io.grpc.internal.SerializingExecutor.run(SerializingExecutor.java:123)
	at java.base/java.util.concurrent.ThreadPoolExecutor.runWorker(ThreadPoolExecutor.java:1128)
	at java.base/java.util.concurrent.ThreadPoolExecutor$Worker.run(ThreadPoolExecutor.java:628)
dumbObserver.onCompleted shard: 1 client: 1 write:true 2023-01-11 00:11:47.608
dumbObserver.onCompleted shard: 2 client: 1 write:true 2023-01-11 00:11:47.609	at java.base/java.lang.Thread.run(Thread.java:829)

sendReply.onError shard: -1 client: -1 write:false 2023-01-11 00:11:47.609[grpc-default-executor-21] ERROR site.ycsb.db.rocksdb.Replicator - Encountered error in sendReply

dumbObserver.onCompleted shard: 1 client: 1 write:true 2023-01-11 00:11:47.613[grpc-default-executor-44] ERROR site.ycsb.db.rocksdb.Replicator - Encountered error in sendReply

dumbObserver.onCompleted shard: 3 client: 1 write:true 2023-01-11 00:11:47.613
[grpc-default-executor-52] ERROR site.ycsb.db.rocksdb.Replicator - Encountered error in sendReplydumbObserver.onCompleted shard: 0 client: 1 write:true 2023-01-11 00:11:47.61

dumbObserver.onError shard: 0 client: 1 write:true 2023-01-11 00:11:47.614[grpc-default-executor-47] ERROR site.ycsb.db.rocksdb.Replicator - Encountered error in sendReply

[grpc-default-executor-43] ERROR site.ycsb.db.rocksdb.Replicator - Encountered error in sendReply
[grpc-default-executor-30] ERROR site.ycsb.db.rocksdb.Replicator - Encountered error in sendReply
sendReply.onError shard: 3 client: 1 write:true 2023-01-11 00:11:47.614io.grpc.StatusRuntimeException: CANCELLED: client cancelled

	at io.grpc.Status.asRuntimeException(Status.java:526)
dumbObserver.onError shard: 3 client: 1 write:true 2023-01-11 00:11:47.615	at io.grpc.stub.ServerCalls$StreamingServerCallHandler$StreamingServerCallListener.onCancel(ServerCalls.java:284)

	at io.grpc.internal.ServerCallImpl$ServerStreamListenerImpl.closedInternal(ServerCallImpl.java:353)
	at io.grpc.internal.ServerCallImpl$ServerStreamListenerImpl.closed(ServerCallImpl.java:341)
	at io.grpc.internal.ServerImpl$JumpToApplicationThreadServerStreamListener$1Closed.runInContext(ServerImpl.java:844)
	at io.grpc.internal.ContextRunnable.run(ContextRunnable.java:37)
	at io.grpc.internal.SerializingExecutor.run(SerializingExecutor.java:123)
	at java.base/java.util.concurrent.ThreadPoolExecutor.runWorker(ThreadPoolExecutor.java:1128)
	at java.base/java.util.concurrent.ThreadPoolExecutor$Worker.run(ThreadPoolExecutor.java:628)
	at java.base/java.lang.Thread.run(Thread.java:829)
io.grpc.StatusRuntimeException: CANCELLED: client cancelled
	at io.grpc.Status.asRuntimeException(Status.java:526)
	at io.grpc.stub.ServerCalls$StreamingServerCallHandler$StreamingServerCallListener.onCancel(ServerCalls.java:284)
	at io.grpc.internal.ServerCallImpl$ServerStreamListenerImpl.closedInternal(ServerCallImpl.java:353)
	at io.grpc.internal.ServerCallImpl$ServerStreamListenerImpl.closed(ServerCallImpl.java:341)
	at io.grpc.internal.ServerImpl$JumpToApplicationThreadServerStreamListener$1Closed.runInContext(ServerImpl.java:844)
	at io.grpc.internal.ContextRunnable.run(ContextRunnable.java:37)
	at io.grpc.internal.SerializingExecutor.run(SerializingExecutor.java:123)
	at java.base/java.util.concurrent.ThreadPoolExecutor.runWorker(ThreadPoolExecutor.java:1128)
	at java.base/java.util.concurrent.ThreadPoolExecutor$Worker.run(ThreadPoolExecutor.java:628)
	at java.base/java.lang.Thread.run(Thread.java:829)
io.grpc.StatusRuntimeException: CANCELLED: client cancelled
	at io.grpc.Status.asRuntimeException(Status.java:526)
	at io.grpc.stub.ServerCalls$StreamingServerCallHandler$StreamingServerCallListener.onCancel(ServerCalls.java:284)
	at io.grpc.internal.ServerCallImpl$ServerStreamListenerImpl.closedInternal(ServerCallImpl.java:353)
	at io.grpc.internal.ServerCallImpl$ServerStreamListenerImpl.closed(ServerCallImpl.java:341)
	at io.grpc.internal.ServerImpl$JumpToApplicationThreadServerStreamListener$1Closed.runInContext(ServerImpl.java:844)
	at io.grpc.internal.ContextRunnable.run(ContextRunnable.java:37)
	at io.grpc.internal.SerializingExecutor.run(SerializingExecutor.java:123)
	at java.base/java.util.concurrent.ThreadPoolExecutor.runWorker(ThreadPoolExecutor.java:1128)
	at java.base/java.util.concurrent.ThreadPoolExecutor$Worker.run(ThreadPoolExecutor.java:628)
	at java.base/java.lang.Thread.run(Thread.java:829)
io.grpc.StatusRuntimeException: CANCELLED: client cancelled
	at io.grpc.Status.asRuntimeException(Status.java:526)
	at io.grpc.stub.ServerCalls$StreamingServerCallHandler$StreamingServerCallListener.onCancel(ServerCalls.java:284)
	at io.grpc.internal.ServerCallImpl$ServerStreamListenerImpl.closedInternal(ServerCallImpl.java:353)
	at io.grpc.internal.ServerCallImpl$ServerStreamListenerImpl.closed(ServerCallImpl.java:341)
	at io.grpc.internal.ServerImpl$JumpToApplicationThreadServerStreamListener$1Closed.runInContext(ServerImpl.java:844)
	at io.grpc.internal.ContextRunnable.run(ContextRunnable.java:37)
	at io.grpc.internal.SerializingExecutor.run(SerializingExecutor.java:123)
	at java.base/java.util.concurrent.ThreadPoolExecutor.runWorker(ThreadPoolExecutor.java:1128)
	at java.base/java.util.concurrent.ThreadPoolExecutor$Worker.run(ThreadPoolExecutor.java:628)
	at java.base/java.lang.Thread.run(Thread.java:829)
io.grpc.StatusRuntimeException: CANCELLED: client cancelled
	at io.grpc.Status.asRuntimeException(Status.java:526)
	at io.grpc.stub.ServerCalls$StreamingServerCallHandler$StreamingServerCallListener.onCancel(ServerCalls.java:284)
	at io.grpc.internal.ServerCallImpl$ServerStreamListenerImpl.closedInternal(ServerCallImpl.java:353)
	at io.grpc.internal.ServerCallImpl$ServerStreamListenerImpl.closed(ServerCallImpl.java:341)
	at io.grpc.internal.ServerImpl$JumpToApplicationThreadServerStreamListener$1Closed.runInContext(ServerImpl.java:844)
	at io.grpc.internal.ContextRunnable.run(ContextRunnable.java:37)
	at io.grpc.internal.SerializingExecutor.run(SerializingExecutor.java:123)
	at java.base/java.util.concurrent.ThreadPoolExecutor.runWorker(ThreadPoolExecutor.java:1128)
	at java.base/java.util.concurrent.ThreadPoolExecutor$Worker.run(ThreadPoolExecutor.java:628)
	at java.base/java.lang.Thread.run(Thread.java:829)
[grpc-default-executor-60] ERROR site.ycsb.db.rocksdb.Replicator - Encountered error in sendReply
io.grpc.StatusRuntimeException: CANCELLED: client cancelled
	at io.grpc.Status.asRuntimeException(Status.java:526)
	at io.grpc.stub.ServerCalls$StreamingServerCallHandler$StreamingServerCallListener.onCancel(ServerCalls.java:284)
	at io.grpc.internal.ServerCallImpl$ServerStreamListenerImpl.closedInternal(ServerCallImpl.java:353)
	at io.grpc.internal.ServerCallImpl$ServerStreamListenerImpl.closed(ServerCallImpl.java:341)
	at io.grpc.internal.ServerImpl$JumpToApplicationThreadServerStreamListener$1Closed.runInContext(ServerImpl.java:844)
	at io.grpc.internal.ContextRunnable.run(ContextRunnable.java:37)
	at io.grpc.internal.SerializingExecutor.run(SerializingExecutor.java:123)
	at java.base/java.util.concurrent.ThreadPoolExecutor.runWorker(ThreadPoolExecutor.java:1128)
	at java.base/java.util.concurrent.ThreadPoolExecutor$Worker.run(ThreadPoolExecutor.java:628)
	at java.base/java.lang.Thread.run(Thread.java:829)
io.grpc.StatusRuntimeException: CANCELLED: client cancelled
	at io.grpc.Status.asRuntimeException(Status.java:526)
	at io.grpc.stub.ServerCalls$StreamingServerCallHandler$StreamingServerCallListener.onCancel(ServerCalls.java:284)
	at io.grpc.internal.ServerCallImpl$ServerStreamListenerImpl.closedInternal(ServerCallImpl.java:353)
	at io.grpc.internal.ServerCallImpl$ServerStreamListenerImpl.closed(ServerCallImpl.java:341)
	at io.grpc.internal.ServerImpl$JumpToApplicationThreadServerStreamListener$1Closed.runInContext(ServerImpl.java:844)
	at io.grpc.internal.ContextRunnable.run(ContextRunnable.java:37)
	at io.grpc.internal.SerializingExecutor.run(SerializingExecutor.java:123)
	at java.base/java.util.concurrent.ThreadPoolExecutor.runWorker(ThreadPoolExecutor.java:1128)
	at java.base/java.util.concurrent.ThreadPoolExecutor$Worker.run(ThreadPoolExecutor.java:628)
	at java.base/java.lang.Thread.run(Thread.java:829)
headObserver.onCompleted shard: 0 client: 0 write:true 2023-01-11 00:11:47.641
headObserver.onCompleted shard: 1 client: 0 write:true 2023-01-11 00:11:47.641
headObserver.onCompleted shard: 3 client: 0 write:true 2023-01-11 00:11:47.641
headObserver.onCompleted shard: 3 client: 0 write:true 2023-01-11 00:11:47.641
headObserver.onCompleted shard: 2 client: 0 write:true 2023-01-11 00:11:47.641
headObserver.onCompleted shard: 2 client: 0 write:true 2023-01-11 00:11:47.641
headObserver.onCompleted shard: 0 client: 0 write:true 2023-01-11 00:11:47.641
headObserver.onCompleted shard: 1 client: 0 write:true 2023-01-11 00:11:47.641
sendReply.onError shard: -1 client: -1 write:false 2023-01-11 00:11:47.642
[grpc-default-executor-60] ERROR site.ycsb.db.rocksdb.Replicator - Encountered error in sendReply
io.grpc.StatusRuntimeException: CANCELLED: client cancelled
	at io.grpc.Status.asRuntimeException(Status.java:526)
	at io.grpc.stub.ServerCalls$StreamingServerCallHandler$StreamingServerCallListener.onCancel(ServerCalls.java:284)
	at io.grpc.internal.ServerCallImpl$ServerStreamListenerImpl.closedInternal(ServerCallImpl.java:353)
	at io.grpc.internal.ServerCallImpl$ServerStreamListenerImpl.closed(ServerCallImpl.java:341)
	at io.grpc.internal.ServerImpl$JumpToApplicationThreadServerStreamListener$1Closed.runInContext(ServerImpl.java:844)
	at io.grpc.internal.ContextRunnable.run(ContextRunnable.java:37)
	at io.grpc.internal.SerializingExecutor.run(SerializingExecutor.java:123)
	at java.base/java.util.concurrent.ThreadPoolExecutor.runWorker(ThreadPoolExecutor.java:1128)
	at java.base/java.util.concurrent.ThreadPoolExecutor$Worker.run(ThreadPoolExecutor.java:628)
	at java.base/java.lang.Thread.run(Thread.java:829)
dumbObserver.onCompleted shard: 0 client: 0 write:true 2023-01-11 00:11:47.642
sendReply.onError shard: 0 client: 0 write:true 2023-01-11 00:11:47.643
[grpc-default-executor-14] ERROR site.ycsb.db.rocksdb.Replicator - Encountered error in sendReply
io.grpc.StatusRuntimeException: CANCELLED: client cancelled
	at io.grpc.Status.asRuntimeException(Status.java:526)
sendReply.onError shard: -1 client: -1 write:false 2023-01-11 00:11:47.643	at io.grpc.stub.ServerCalls$StreamingServerCallHandler$StreamingServerCallListener.onCancel(ServerCalls.java:284)

sendReply.onError shard: -1 client: -1 write:false 2023-01-11 00:11:47.644	at io.grpc.internal.ServerCallImpl$ServerStreamListenerImpl.closedInternal(ServerCallImpl.java:353)

dumbObserver.onCompleted shard: 2 client: 0 write:true 2023-01-11 00:11:47.643	at io.grpc.internal.ServerCallImpl$ServerStreamListenerImpl.closed(ServerCallImpl.java:341)

	at io.grpc.internal.ServerImpl$JumpToApplicationThreadServerStreamListener$1Closed.runInContext(ServerImpl.java:844)sendReply.onError shard: 1 client: 0 write:true 2023-01-11 00:11:47.643

	at io.grpc.internal.ContextRunnable.run(ContextRunnable.java:37)
dumbObserver.onCompleted shard: 1 client: 0 write:true 2023-01-11 00:11:47.644	at io.grpc.internal.SerializingExecutor.run(SerializingExecutor.java:123)

	at java.base/java.util.concurrent.ThreadPoolExecutor.runWorker(ThreadPoolExecutor.java:1128)
	at java.base/java.util.concurrent.ThreadPoolExecutor$Worker.run(ThreadPoolExecutor.java:628)
	at java.base/java.lang.Thread.run(Thread.java:829)
[grpc-default-executor-21] ERROR site.ycsb.db.rocksdb.Replicator - Encountered error in sendReply
[grpc-default-executor-52] ERROR site.ycsb.db.rocksdb.Replicator - Encountered error in sendReply
io.grpc.StatusRuntimeException: CANCELLED: client cancelled
	at io.grpc.Status.asRuntimeException(Status.java:526)
	at io.grpc.stub.ServerCalls$StreamingServerCallHandler$StreamingServerCallListener.onCancel(ServerCalls.java:284)
	at io.grpc.internal.ServerCallImpl$ServerStreamListenerImpl.closedInternal(ServerCallImpl.java:353)
dumbObserver.onError shard: 3 client: 0 write:true 2023-01-11 00:11:47.644
sendReply.onError shard: 2 client: 0 write:true 2023-01-11 00:11:47.646
sendReply.onError shard: 3 client: 0 write:true 2023-01-11 00:11:47.646
sendReply.onError shard: -1 client: -1 write:false 2023-01-11 00:11:47.647
	at io.grpc.internal.ServerCallImpl$ServerStreamListenerImpl.closed(ServerCallImpl.java:341)
	at io.grpc.internal.ServerImpl$JumpToApplicationThreadServerStreamListener$1Closed.runInContext(ServerImpl.java:844)
	at io.grpc.internal.ContextRunnable.run(ContextRunnable.java:37)dumbObserver.onCompleted shard: 0 client: 0 write:true 2023-01-11 00:11:47.648

	at io.grpc.internal.SerializingExecutor.run(SerializingExecutor.java:123)dumbObserver.onCompleted shard: 2 client: 0 write:true 2023-01-11 00:11:47.648

	at java.base/java.util.concurrent.ThreadPoolExecutor.runWorker(ThreadPoolExecutor.java:1128)
dumbObserver.onError shard: 3 client: 0 write:true 2023-01-11 00:11:47.648
	at java.base/java.util.concurrent.ThreadPoolExecutor$Worker.run(ThreadPoolExecutor.java:628)
dumbObserver.onError shard: 1 client: 0 write:true 2023-01-11 00:11:47.648	at java.base/java.lang.Thread.run(Thread.java:829)

[grpc-default-executor-60] ERROR site.ycsb.db.rocksdb.Replicator - Encountered error in sendReply
[grpc-default-executor-54] ERROR site.ycsb.db.rocksdb.Replicator - Encountered error in sendReply
io.grpc.StatusRuntimeException: CANCELLED: client cancelled
	at io.grpc.Status.asRuntimeException(Status.java:526)
	at io.grpc.stub.ServerCalls$StreamingServerCallHandler$StreamingServerCallListener.onCancel(ServerCalls.java:284)
	at io.grpc.internal.ServerCallImpl$ServerStreamListenerImpl.closedInternal(ServerCallImpl.java:353)
	at io.grpc.internal.ServerCallImpl$ServerStreamListenerImpl.closed(ServerCallImpl.java:341)
	at io.grpc.internal.ServerImpl$JumpToApplicationThreadServerStreamListener$1Closed.runInContext(ServerImpl.java:844)
	at io.grpc.internal.ContextRunnable.run(ContextRunnable.java:37)
	at io.grpc.internal.SerializingExecutor.run(SerializingExecutor.java:123)
	at java.base/java.util.concurrent.ThreadPoolExecutor.runWorker(ThreadPoolExecutor.java:1128)
	at java.base/java.util.concurrent.ThreadPoolExecutor$Worker.run(ThreadPoolExecutor.java:628)
	at java.base/java.lang.Thread.run(Thread.java:829)
[grpc-default-executor-14] ERROR site.ycsb.db.rocksdb.Replicator - Encountered error in sendReply
[grpc-default-executor-24] ERROR site.ycsb.db.rocksdb.Replicator - Encountered error in sendReply
io.grpc.StatusRuntimeException: CANCELLED: client cancelled
	at io.grpc.Status.asRuntimeException(Status.java:526)
	at io.grpc.stub.ServerCalls$StreamingServerCallHandler$StreamingServerCallListener.onCancel(ServerCalls.java:284)
	at io.grpc.internal.ServerCallImpl$ServerStreamListenerImpl.closedInternal(ServerCallImpl.java:353)
	at io.grpc.internal.ServerCallImpl$ServerStreamListenerImpl.closed(ServerCallImpl.java:341)
	at io.grpc.internal.ServerImpl$JumpToApplicationThreadServerStreamListener$1Closed.runInContext(ServerImpl.java:844)
	at io.grpc.internal.ContextRunnable.run(ContextRunnable.java:37)
	at io.grpc.internal.SerializingExecutor.run(SerializingExecutor.java:123)
	at java.base/java.util.concurrent.ThreadPoolExecutor.runWorker(ThreadPoolExecutor.java:1128)
	at java.base/java.util.concurrent.ThreadPoolExecutor$Worker.run(ThreadPoolExecutor.java:628)
	at java.base/java.lang.Thread.run(Thread.java:829)
io.grpc.StatusRuntimeException: CANCELLED: client cancelled
	at io.grpc.Status.asRuntimeException(Status.java:526)
	at io.grpc.stub.ServerCalls$StreamingServerCallHandler$StreamingServerCallListener.onCancel(ServerCalls.java:284)
	at io.grpc.internal.ServerCallImpl$ServerStreamListenerImpl.closedInternal(ServerCallImpl.java:353)
	at io.grpc.internal.ServerCallImpl$ServerStreamListenerImpl.closed(ServerCallImpl.java:341)
	at io.grpc.internal.ServerImpl$JumpToApplicationThreadServerStreamListener$1Closed.runInContext(ServerImpl.java:844)
	at io.grpc.internal.ContextRunnable.run(ContextRunnable.java:37)
	at io.grpc.internal.SerializingExecutor.run(SerializingExecutor.java:123)
	at java.base/java.util.concurrent.ThreadPoolExecutor.runWorker(ThreadPoolExecutor.java:1128)
	at java.base/java.util.concurrent.ThreadPoolExecutor$Worker.run(ThreadPoolExecutor.java:628)
	at java.base/java.lang.Thread.run(Thread.java:829)
io.grpc.StatusRuntimeException: CANCELLED: client cancelled
	at io.grpc.Status.asRuntimeException(Status.java:526)
	at io.grpc.stub.ServerCalls$StreamingServerCallHandler$StreamingServerCallListener.onCancel(ServerCalls.java:284)
	at io.grpc.internal.ServerCallImpl$ServerStreamListenerImpl.closedInternal(ServerCallImpl.java:353)
	at io.grpc.internal.ServerCallImpl$ServerStreamListenerImpl.closed(ServerCallImpl.java:341)
	at io.grpc.internal.ServerImpl$JumpToApplicationThreadServerStreamListener$1Closed.runInContext(ServerImpl.java:844)
	at io.grpc.internal.ContextRunnable.run(ContextRunnable.java:37)
	at io.grpc.internal.SerializingExecutor.run(SerializingExecutor.java:123)
	at java.base/java.util.concurrent.ThreadPoolExecutor.runWorker(ThreadPoolExecutor.java:1128)
	at java.base/java.util.concurrent.ThreadPoolExecutor$Worker.run(ThreadPoolExecutor.java:628)
	at java.base/java.lang.Thread.run(Thread.java:829)
io.grpc.StatusRuntimeException: CANCELLED: client cancelled
	at io.grpc.Status.asRuntimeException(Status.java:526)
	at io.grpc.stub.ServerCalls$StreamingServerCallHandler$StreamingServerCallListener.onCancel(ServerCalls.java:284)
	at io.grpc.internal.ServerCallImpl$ServerStreamListenerImpl.closedInternal(ServerCallImpl.java:353)
	at io.grpc.internal.ServerCallImpl$ServerStreamListenerImpl.closed(ServerCallImpl.java:341)
	at io.grpc.internal.ServerImpl$JumpToApplicationThreadServerStreamListener$1Closed.runInContext(ServerImpl.java:844)
	at io.grpc.internal.ContextRunnable.run(ContextRunnable.java:37)
	at io.grpc.internal.SerializingExecutor.run(SerializingExecutor.java:123)
	at java.base/java.util.concurrent.ThreadPoolExecutor.runWorker(ThreadPoolExecutor.java:1128)
	at java.base/java.util.concurrent.ThreadPoolExecutor$Worker.run(ThreadPoolExecutor.java:628)
	at java.base/java.lang.Thread.run(Thread.java:829)
headObserver.onCompleted shard: 0 client: 2 write:true 2023-01-11 00:11:47.76
headObserver.onCompleted shard: 1 client: 2 write:true 2023-01-11 00:11:47.76
headObserver.onCompleted shard: 0 client: 2 write:true 2023-01-11 00:11:47.76
headObserver.onCompleted shard: 2 client: 2 write:true 2023-01-11 00:11:47.76
headObserver.onCompleted shard: 3 client: 2 write:true 2023-01-11 00:11:47.76
headObserver.onCompleted shard: 3 client: 2 write:true 2023-01-11 00:11:47.76
headObserver.onCompleted shard: 1 client: 2 write:true 2023-01-11 00:11:47.76
headObserver.onCompleted shard: 2 client: 2 write:true 2023-01-11 00:11:47.76
sendReply.onError shard: 0 client: 2 write:true 2023-01-11 00:11:47.761
sendReply.onError shard: -1 client: -1 write:false 2023-01-11 00:11:47.761[grpc-default-executor-40] ERROR site.ycsb.db.rocksdb.Replicator - Encountered error in sendReply

[grpc-default-executor-21] ERROR site.ycsb.db.rocksdb.Replicator - Encountered error in sendReplysendReply.onError shard: -1 client: -1 write:false 2023-01-11 00:11:47.761

io.grpc.StatusRuntimeException: CANCELLED: client cancelledsendReply.onError shard: 1 client: 2 write:true 2023-01-11 00:11:47.762

	at io.grpc.Status.asRuntimeException(Status.java:526)
dumbObserver.onCompleted shard: 1 client: 2 write:true 2023-01-11 00:11:47.762	at io.grpc.stub.ServerCalls$StreamingServerCallHandler$StreamingServerCallListener.onCancel(ServerCalls.java:284)

	at io.grpc.internal.ServerCallImpl$ServerStreamListenerImpl.closedInternal(ServerCallImpl.java:353)
	at io.grpc.internal.ServerCallImpl$ServerStreamListenerImpl.closed(ServerCallImpl.java:341)sendReply.onError shard: -1 client: -1 write:false 2023-01-11 00:11:47.762

	at io.grpc.internal.ServerImpl$JumpToApplicationThreadServerStreamListener$1Closed.runInContext(ServerImpl.java:844)
sendReply.onError shard: 3 client: 2 write:true 2023-01-11 00:11:47.762	at io.grpc.internal.ContextRunnable.run(ContextRunnable.java:37)

	at io.grpc.internal.SerializingExecutor.run(SerializingExecutor.java:123)dumbObserver.onCompleted shard: 2 client: 2 write:true 2023-01-11 00:11:47.762

	at java.base/java.util.concurrent.ThreadPoolExecutor.runWorker(ThreadPoolExecutor.java:1128)
sendReply.onError shard: -1 client: -1 write:false 2023-01-11 00:11:47.762
	at java.base/java.util.concurrent.ThreadPoolExecutor$Worker.run(ThreadPoolExecutor.java:628)
sendReply.onError shard: 2 client: 2 write:true 2023-01-11 00:11:47.762	at java.base/java.lang.Thread.run(Thread.java:829)

[grpc-default-executor-14] ERROR site.ycsb.db.rocksdb.Replicator - Encountered error in sendReply
[grpc-default-executor-52] ERROR site.ycsb.db.rocksdb.Replicator - Encountered error in sendReply
io.grpc.StatusRuntimeException: CANCELLED: client cancelled
dumbObserver.onError shard: 0 client: 2 write:true 2023-01-11 00:11:47.764	at io.grpc.Status.asRuntimeException(Status.java:526)

	at io.grpc.stub.ServerCalls$StreamingServerCallHandler$StreamingServerCallListener.onCancel(ServerCalls.java:284)
	at io.grpc.internal.ServerCallImpl$ServerStreamListenerImpl.closedInternal(ServerCallImpl.java:353)dumbObserver.onError shard: 0 client: 2 write:true 2023-01-11 00:11:47.764

	at io.grpc.internal.ServerCallImpl$ServerStreamListenerImpl.closed(ServerCallImpl.java:341)
	at io.grpc.internal.ServerImpl$JumpToApplicationThreadServerStreamListener$1Closed.runInContext(ServerImpl.java:844)
	at io.grpc.internal.ContextRunnable.run(ContextRunnable.java:37)
	at io.grpc.internal.SerializingExecutor.run(SerializingExecutor.java:123)
	at java.base/java.util.concurrent.ThreadPoolExecutor.runWorker(ThreadPoolExecutor.java:1128)
	at java.base/java.util.concurrent.ThreadPoolExecutor$Worker.run(ThreadPoolExecutor.java:628)
	at java.base/java.lang.Thread.run(Thread.java:829)dumbObserver.onError shard: 3 client: 2 write:true 2023-01-11 00:11:47.765

[grpc-default-executor-47] ERROR site.ycsb.db.rocksdb.Replicator - Encountered error in sendReply
[grpc-default-executor-60] ERROR site.ycsb.db.rocksdb.Replicator - Encountered error in sendReply
io.grpc.StatusRuntimeException: CANCELLED: client cancelled
dumbObserver.onError shard: 1 client: 2 write:true 2023-01-11 00:11:47.766
	at io.grpc.Status.asRuntimeException(Status.java:526)
	at io.grpc.stub.ServerCalls$StreamingServerCallHandler$StreamingServerCallListener.onCancel(ServerCalls.java:284)
	at io.grpc.internal.ServerCallImpl$ServerStreamListenerImpl.closedInternal(ServerCallImpl.java:353)
	at io.grpc.internal.ServerCallImpl$ServerStreamListenerImpl.closed(ServerCallImpl.java:341)
	at io.grpc.internal.ServerImpl$JumpToApplicationThreadServerStreamListener$1Closed.runInContext(ServerImpl.java:844)
	at io.grpc.internal.ContextRunnable.run(ContextRunnable.java:37)
	at io.grpc.internal.SerializingExecutor.run(SerializingExecutor.java:123)
	at java.base/java.util.concurrent.ThreadPoolExecutor.runWorker(ThreadPoolExecutor.java:1128)
	at java.base/java.util.concurrent.ThreadPoolExecutor$Worker.run(ThreadPoolExecutor.java:628)
	at java.base/java.lang.Thread.run(Thread.java:829)
[grpc-default-executor-24] ERROR site.ycsb.db.rocksdb.Replicator - Encountered error in sendReply
io.grpc.StatusRuntimeException: CANCELLED: client cancelled
	at io.grpc.Status.asRuntimeException(Status.java:526)
	at io.grpc.stub.ServerCalls$StreamingServerCallHandler$StreamingServerCallListener.onCancel(ServerCalls.java:284)
	at io.grpc.internal.ServerCallImpl$ServerStreamListenerImpl.closedInternal(ServerCallImpl.java:353)
	at io.grpc.internal.ServerCallImpl$ServerStreamListenerImpl.closed(ServerCallImpl.java:341)
	at io.grpc.internal.ServerImpl$JumpToApplicationThreadServerStreamListener$1Closed.runInContext(ServerImpl.java:844)
	at io.grpc.internal.ContextRunnable.run(ContextRunnable.java:37)
	at io.grpc.internal.SerializingExecutor.run(SerializingExecutor.java:123)
	at java.base/java.util.concurrent.ThreadPoolExecutor.runWorker(ThreadPoolExecutor.java:1128)
	at java.base/java.util.concurrent.ThreadPoolExecutor$Worker.run(ThreadPoolExecutor.java:628)
	at java.base/java.lang.Thread.run(Thread.java:829)
[grpc-default-executor-43] ERROR site.ycsb.db.rocksdb.Replicator - Encountered error in sendReply
io.grpc.StatusRuntimeException: CANCELLED: client cancelled
dumbObserver.onCompleted shard: 2 client: 2 write:true 2023-01-11 00:11:47.768	at io.grpc.Status.asRuntimeException(Status.java:526)

dumbObserver.onError shard: 3 client: 2 write:true 2023-01-11 00:11:47.768	at io.grpc.stub.ServerCalls$StreamingServerCallHandler$StreamingServerCallListener.onCancel(ServerCalls.java:284)

	at io.grpc.internal.ServerCallImpl$ServerStreamListenerImpl.closedInternal(ServerCallImpl.java:353)
	at io.grpc.internal.ServerCallImpl$ServerStreamListenerImpl.closed(ServerCallImpl.java:341)
	at io.grpc.internal.ServerImpl$JumpToApplicationThreadServerStreamListener$1Closed.runInContext(ServerImpl.java:844)
	at io.grpc.internal.ContextRunnable.run(ContextRunnable.java:37)
	at io.grpc.internal.SerializingExecutor.run(SerializingExecutor.java:123)
	at java.base/java.util.concurrent.ThreadPoolExecutor.runWorker(ThreadPoolExecutor.java:1128)
	at java.base/java.util.concurrent.ThreadPoolExecutor$Worker.run(ThreadPoolExecutor.java:628)
	at java.base/java.lang.Thread.run(Thread.java:829)
io.grpc.StatusRuntimeException: CANCELLED: client cancelled
	at io.grpc.Status.asRuntimeException(Status.java:526)
	at io.grpc.stub.ServerCalls$StreamingServerCallHandler$StreamingServerCallListener.onCancel(ServerCalls.java:284)
	at io.grpc.internal.ServerCallImpl$ServerStreamListenerImpl.closedInternal(ServerCallImpl.java:353)
	at io.grpc.internal.ServerCallImpl$ServerStreamListenerImpl.closed(ServerCallImpl.java:341)
	at io.grpc.internal.ServerImpl$JumpToApplicationThreadServerStreamListener$1Closed.runInContext(ServerImpl.java:844)
	at io.grpc.internal.ContextRunnable.run(ContextRunnable.java:37)
	at io.grpc.internal.SerializingExecutor.run(SerializingExecutor.java:123)
	at java.base/java.util.concurrent.ThreadPoolExecutor.runWorker(ThreadPoolExecutor.java:1128)
	at java.base/java.util.concurrent.ThreadPoolExecutor$Worker.run(ThreadPoolExecutor.java:628)
	at java.base/java.lang.Thread.run(Thread.java:829)
io.grpc.StatusRuntimeException: CANCELLED: client cancelled
	at io.grpc.Status.asRuntimeException(Status.java:526)
	at io.grpc.stub.ServerCalls$StreamingServerCallHandler$StreamingServerCallListener.onCancel(ServerCalls.java:284)
	at io.grpc.internal.ServerCallImpl$ServerStreamListenerImpl.closedInternal(ServerCallImpl.java:353)
	at io.grpc.internal.ServerCallImpl$ServerStreamListenerImpl.closed(ServerCallImpl.java:341)
	at io.grpc.internal.ServerImpl$JumpToApplicationThreadServerStreamListener$1Closed.runInContext(ServerImpl.java:844)
	at io.grpc.internal.ContextRunnable.run(ContextRunnable.java:37)
	at io.grpc.internal.SerializingExecutor.run(SerializingExecutor.java:123)
	at java.base/java.util.concurrent.ThreadPoolExecutor.runWorker(ThreadPoolExecutor.java:1128)
	at java.base/java.util.concurrent.ThreadPoolExecutor$Worker.run(ThreadPoolExecutor.java:628)
	at java.base/java.lang.Thread.run(Thread.java:829)
io.grpc.StatusRuntimeException: CANCELLED: client cancelled
	at io.grpc.Status.asRuntimeException(Status.java:526)
	at io.grpc.stub.ServerCalls$StreamingServerCallHandler$StreamingServerCallListener.onCancel(ServerCalls.java:284)
	at io.grpc.internal.ServerCallImpl$ServerStreamListenerImpl.closedInternal(ServerCallImpl.java:353)
	at io.grpc.internal.ServerCallImpl$ServerStreamListenerImpl.closed(ServerCallImpl.java:341)
	at io.grpc.internal.ServerImpl$JumpToApplicationThreadServerStreamListener$1Closed.runInContext(ServerImpl.java:844)
	at io.grpc.internal.ContextRunnable.run(ContextRunnable.java:37)
	at io.grpc.internal.SerializingExecutor.run(SerializingExecutor.java:123)
	at java.base/java.util.concurrent.ThreadPoolExecutor.runWorker(ThreadPoolExecutor.java:1128)
	at java.base/java.util.concurrent.ThreadPoolExecutor$Worker.run(ThreadPoolExecutor.java:628)
	at java.base/java.lang.Thread.run(Thread.java:829)
observerMap[2] [0] [0] changes from null to io.grpc.stub.ServerCalls$ServerCallStreamObserverImpl@1434ded5
observerAccumulator 33 shard 2
observerMap[2] [3] [0] changes from null to io.grpc.stub.ServerCalls$ServerCallStreamObserverImpl@27b1386f
observerAccumulator 34 shard 2
observerMap[1] [0] [0] changes from null to io.grpc.stub.ServerCalls$ServerCallStreamObserverImpl@5bce2818
observerAccumulator 35 shard 1
observerMap[2] [3] [1] changes from io.grpc.stub.ServerCalls$ServerCallStreamObserverImpl@1f80c173 to io.grpc.stub.ServerCalls$ServerCallStreamObserverImpl@505c41f
observerAccumulator 36 shard 2
observerMap[2] [0] [1] changes from io.grpc.stub.ServerCalls$ServerCallStreamObserverImpl@403b72a8 to io.grpc.stub.ServerCalls$ServerCallStreamObserverImpl@2895c83c
observerAccumulator 37 shard 2
observerMap[3] [3] [0] changes from null to io.grpc.stub.ServerCalls$ServerCallStreamObserverImpl@222ffa77
observerMap[3] [0] [0] changes from null to io.grpc.stub.ServerCalls$ServerCallStreamObserverImpl@42a1b12d
observerMap[0] [0] [0] changes from null to io.grpc.stub.ServerCalls$ServerCallStreamObserverImpl@33b9d2a1
observerAccumulator 38 shard 3
observerAccumulator 39 shard 3
observerAccumulator 40 shard 0
observerMap[0] [3] [0] changes from null to io.grpc.stub.ServerCalls$ServerCallStreamObserverImpl@3fc2c20e
observerAccumulator 41 shard 0
observerMap[1] [3] [0] changes from null to io.grpc.stub.ServerCalls$ServerCallStreamObserverImpl@56716e0a
observerAccumulator 42 shard 1
observerMap[0] [0] [1] changes from io.grpc.stub.ServerCalls$ServerCallStreamObserverImpl@1957e9e5 to io.grpc.stub.ServerCalls$ServerCallStreamObserverImpl@56f1a2f3
observerAccumulator 43 shard 0
observerMap[1] [0] [1] changes from io.grpc.stub.ServerCalls$ServerCallStreamObserverImpl@215ccaf3 to io.grpc.stub.ServerCalls$ServerCallStreamObserverImpl@50991387
observerAccumulator 44 shard 1
observerMap[3] [0] [1] changes from io.grpc.stub.ServerCalls$ServerCallStreamObserverImpl@2ad60127 to io.grpc.stub.ServerCalls$ServerCallStreamObserverImpl@41e681a1
observerAccumulator 45 shard 3
observerMap[3] [3] [1] changes from io.grpc.stub.ServerCalls$ServerCallStreamObserverImpl@6b8319a7 to io.grpc.stub.ServerCalls$ServerCallStreamObserverImpl@5c89057a
observerMap[1] [3] [1] changes from io.grpc.stub.ServerCalls$ServerCallStreamObserverImpl@104f8682 to io.grpc.stub.ServerCalls$ServerCallStreamObserverImpl@7616433f
observerAccumulator 46 shard 1
observerAccumulator 47 shard 3
observerMap[0] [3] [1] changes from io.grpc.stub.ServerCalls$ServerCallStreamObserverImpl@25a49a44 to io.grpc.stub.ServerCalls$ServerCallStreamObserverImpl@116b6a9e
observerAccumulator 48 shard 0
observerMap[0] [2] [0] changes from null to io.grpc.stub.ServerCalls$ServerCallStreamObserverImpl@11f75c5b
observerAccumulator 49 shard 0
observerMap[2] [2] [0] changes from null to io.grpc.stub.ServerCalls$ServerCallStreamObserverImpl@7c549055
observerAccumulator 50 shard 2
observerMap[1] [2] [1] changes from io.grpc.stub.ServerCalls$ServerCallStreamObserverImpl@423f4e33 to io.grpc.stub.ServerCalls$ServerCallStreamObserverImpl@67ed72bb
observerMap[3] [2] [1] changes from io.grpc.stub.ServerCalls$ServerCallStreamObserverImpl@f86065b to io.grpc.stub.ServerCalls$ServerCallStreamObserverImpl@953280e
observerAccumulator 51 shard 1
observerAccumulator 52 shard 3
observerMap[1] [1] [0] changes from null to io.grpc.stub.ServerCalls$ServerCallStreamObserverImpl@5bdba0a
observerAccumulator 53 shard 1
observerMap[3] [2] [0] changes from null to io.grpc.stub.ServerCalls$ServerCallStreamObserverImpl@1d1a74d7
observerAccumulator 54 shard 3
observerMap[3] [1] [0] changes from null to io.grpc.stub.ServerCalls$ServerCallStreamObserverImpl@36de5dbc
observerAccumulator 55 shard 3
observerMap[0] [1] [0] changes from null to io.grpc.stub.ServerCalls$ServerCallStreamObserverImpl@71346f9
observerMap[1] [2] [0] changes from null to io.grpc.stub.ServerCalls$ServerCallStreamObserverImpl@6d12a9cb
observerAccumulator 56 shard 0
observerAccumulator 57 shard 1
observerMap[0] [1] [1] changes from io.grpc.stub.ServerCalls$ServerCallStreamObserverImpl@29334e13 to io.grpc.stub.ServerCalls$ServerCallStreamObserverImpl@329087cb
observerAccumulator 58 shard 0
observerMap[2] [2] [1] changes from io.grpc.stub.ServerCalls$ServerCallStreamObserverImpl@2121d6d2 to io.grpc.stub.ServerCalls$ServerCallStreamObserverImpl@742acd94
observerAccumulator 59 shard 2
observerMap[2] [1] [0] changes from null to io.grpc.stub.ServerCalls$ServerCallStreamObserverImpl@1855d5e2
observerAccumulator 60 shard 2
observerMap[2] [1] [1] changes from io.grpc.stub.ServerCalls$ServerCallStreamObserverImpl@3f4e10b9 to io.grpc.stub.ServerCalls$ServerCallStreamObserverImpl@29fa3593
observerAccumulator 61 shard 2
observerMap[0] [2] [1] changes from io.grpc.stub.ServerCalls$ServerCallStreamObserverImpl@42506182 to io.grpc.stub.ServerCalls$ServerCallStreamObserverImpl@76372b6d
observerAccumulator 62 shard 0
observerMap[3] [1] [1] changes from io.grpc.stub.ServerCalls$ServerCallStreamObserverImpl@3a9b2ec8 to io.grpc.stub.ServerCalls$ServerCallStreamObserverImpl@60dcc585
observerMap[1] [1] [1] changes from io.grpc.stub.ServerCalls$ServerCallStreamObserverImpl@61dfb163 to io.grpc.stub.ServerCalls$ServerCallStreamObserverImpl@1fa1537
observerAccumulator 63 shard 3
observerAccumulator 64 shard 1
tailObserver.onCompleted shard: 0 client: 0 write:false 2023-01-11 00:21:01.121
tailObserver.onCompleted shard: 3 client: 0 write:false 2023-01-11 00:21:01.121
headObserver.onCompleted shard: 3 client: 0 write:true 2023-01-11 00:21:01.121
headObserver.onCompleted shard: 2 client: 0 write:true 2023-01-11 00:21:01.121
headObserver.onCompleted shard: 1 client: 0 write:true 2023-01-11 00:21:01.122
tailObserver.onCompleted shard: 1 client: 0 write:false 2023-01-11 00:21:01.122
sendReply.onError shard: 3 client: 0 write:true 2023-01-11 00:21:01.122
tailObserver.onCompleted shard: 2 client: 0 write:false 2023-01-11 00:21:01.123[grpc-default-executor-81] ERROR site.ycsb.db.rocksdb.Replicator - Encountered error in sendReply

sendReply.onError shard: 3 client: 0 write:false 2023-01-11 00:21:01.123
[grpc-default-executor-78] ERROR site.ycsb.db.rocksdb.Replicator - Encountered error in sendReply
io.grpc.StatusRuntimeException: CANCELLED: client cancelled
dumbObserver.onCompleted shard: 3 client: 0 write:true 2023-01-11 00:21:01.123
sendReply.onError shard: 1 client: 0 write:true 2023-01-11 00:21:01.123
dumbObserver.onCompleted shard: 2 client: 0 write:true 2023-01-11 00:21:01.123
	at io.grpc.Status.asRuntimeException(Status.java:526)headObserver.onCompleted shard: 0 client: 0 write:true 2023-01-11 00:21:01.123

	at io.grpc.stub.ServerCalls$StreamingServerCallHandler$StreamingServerCallListener.onCancel(ServerCalls.java:284)
	at io.grpc.internal.ServerCallImpl$ServerStreamListenerImpl.closedInternal(ServerCallImpl.java:353)
sendReply.onError shard: 2 client: 0 write:true 2023-01-11 00:21:01.123
sendReply.onError shard: 0 client: 0 write:false 2023-01-11 00:21:01.124
dumbObserver.onCompleted shard: 0 client: 0 write:false 2023-01-11 00:21:01.125
dumbObserver.onCompleted shard: 1 client: 0 write:false 2023-01-11 00:21:01.125
	at io.grpc.internal.ServerCallImpl$ServerStreamListenerImpl.closed(ServerCallImpl.java:341)
	at io.grpc.internal.ServerImpl$JumpToApplicationThreadServerStreamListener$1Closed.runInContext(ServerImpl.java:844)
	at io.grpc.internal.ContextRunnable.run(ContextRunnable.java:37)
	at io.grpc.internal.SerializingExecutor.run(SerializingExecutor.java:123)
	at java.base/java.util.concurrent.ThreadPoolExecutor.runWorker(ThreadPoolExecutor.java:1128)
	at java.base/java.util.concurrent.ThreadPoolExecutor$Worker.run(ThreadPoolExecutor.java:628)
	at java.base/java.lang.Thread.run(Thread.java:829)
sendReply.onError shard: 0 client: 0 write:true 2023-01-11 00:21:01.126[grpc-default-executor-79] ERROR site.ycsb.db.rocksdb.Replicator - Encountered error in sendReply

[grpc-default-executor-86] ERROR site.ycsb.db.rocksdb.Replicator - Encountered error in sendReply
[grpc-default-executor-82] ERROR site.ycsb.db.rocksdb.Replicator - Encountered error in sendReply
io.grpc.StatusRuntimeException: CANCELLED: client cancelled
dumbObserver.onCompleted shard: 3 client: 0 write:false 2023-01-11 00:21:01.126
	at io.grpc.Status.asRuntimeException(Status.java:526)
	at io.grpc.stub.ServerCalls$StreamingServerCallHandler$StreamingServerCallListener.onCancel(ServerCalls.java:284)
sendReply.onError shard: 2 client: 0 write:false 2023-01-11 00:21:01.126	at io.grpc.internal.ServerCallImpl$ServerStreamListenerImpl.closedInternal(ServerCallImpl.java:353)

	at io.grpc.internal.ServerCallImpl$ServerStreamListenerImpl.closed(ServerCallImpl.java:341)
	at io.grpc.internal.ServerImpl$JumpToApplicationThreadServerStreamListener$1Closed.runInContext(ServerImpl.java:844)
	at io.grpc.internal.ContextRunnable.run(ContextRunnable.java:37)
dumbObserver.onCompleted shard: 1 client: 0 write:true 2023-01-11 00:21:01.127	at io.grpc.internal.SerializingExecutor.run(SerializingExecutor.java:123)

	at java.base/java.util.concurrent.ThreadPoolExecutor.runWorker(ThreadPoolExecutor.java:1128)
	at java.base/java.util.concurrent.ThreadPoolExecutor$Worker.run(ThreadPoolExecutor.java:628)
	at java.base/java.lang.Thread.run(Thread.java:829)
[grpc-default-executor-80] ERROR site.ycsb.db.rocksdb.Replicator - Encountered error in sendReply
io.grpc.StatusRuntimeException: CANCELLED: client cancelled
dumbObserver.onCompleted shard: 2 client: 0 write:false 2023-01-11 00:21:01.128
sendReply.onError shard: 1 client: 0 write:false 2023-01-11 00:21:01.128
	at io.grpc.Status.asRuntimeException(Status.java:526)
	at io.grpc.stub.ServerCalls$StreamingServerCallHandler$StreamingServerCallListener.onCancel(ServerCalls.java:284)
	at io.grpc.internal.ServerCallImpl$ServerStreamListenerImpl.closedInternal(ServerCallImpl.java:353)
	at io.grpc.internal.ServerCallImpl$ServerStreamListenerImpl.closed(ServerCallImpl.java:341)
	at io.grpc.internal.ServerImpl$JumpToApplicationThreadServerStreamListener$1Closed.runInContext(ServerImpl.java:844)
	at io.grpc.internal.ContextRunnable.run(ContextRunnable.java:37)
	at io.grpc.internal.SerializingExecutor.run(SerializingExecutor.java:123)
dumbObserver.onCompleted shard: 0 client: 0 write:true 2023-01-11 00:21:01.128	at java.base/java.util.concurrent.ThreadPoolExecutor.runWorker(ThreadPoolExecutor.java:1128)

	at java.base/java.util.concurrent.ThreadPoolExecutor$Worker.run(ThreadPoolExecutor.java:628)
	at java.base/java.lang.Thread.run(Thread.java:829)
[grpc-default-executor-88] ERROR site.ycsb.db.rocksdb.Replicator - Encountered error in sendReply
io.grpc.StatusRuntimeException: CANCELLED: client cancelled
	at io.grpc.Status.asRuntimeException(Status.java:526)
	at io.grpc.stub.ServerCalls$StreamingServerCallHandler$StreamingServerCallListener.onCancel(ServerCalls.java:284)
	at io.grpc.internal.ServerCallImpl$ServerStreamListenerImpl.closedInternal(ServerCallImpl.java:353)
	at io.grpc.internal.ServerCallImpl$ServerStreamListenerImpl.closed(ServerCallImpl.java:341)
	at io.grpc.internal.ServerImpl$JumpToApplicationThreadServerStreamListener$1Closed.runInContext(ServerImpl.java:844)
	at io.grpc.internal.ContextRunnable.run(ContextRunnable.java:37)
	at io.grpc.internal.SerializingExecutor.run(SerializingExecutor.java:123)
	at java.base/java.util.concurrent.ThreadPoolExecutor.runWorker(ThreadPoolExecutor.java:1128)
	at java.base/java.util.concurrent.ThreadPoolExecutor$Worker.run(ThreadPoolExecutor.java:628)
	at java.base/java.lang.Thread.run(Thread.java:829)
[grpc-default-executor-81] ERROR site.ycsb.db.rocksdb.Replicator - Encountered error in sendReply
io.grpc.StatusRuntimeException: CANCELLED: client cancelled
	at io.grpc.Status.asRuntimeException(Status.java:526)
	at io.grpc.stub.ServerCalls$StreamingServerCallHandler$StreamingServerCallListener.onCancel(ServerCalls.java:284)
	at io.grpc.internal.ServerCallImpl$ServerStreamListenerImpl.closedInternal(ServerCallImpl.java:353)
	at io.grpc.internal.ServerCallImpl$ServerStreamListenerImpl.closed(ServerCallImpl.java:341)
	at io.grpc.internal.ServerImpl$JumpToApplicationThreadServerStreamListener$1Closed.runInContext(ServerImpl.java:844)
	at io.grpc.internal.ContextRunnable.run(ContextRunnable.java:37)
	at io.grpc.internal.SerializingExecutor.run(SerializingExecutor.java:123)
	at java.base/java.util.concurrent.ThreadPoolExecutor.runWorker(ThreadPoolExecutor.java:1128)
	at java.base/java.util.concurrent.ThreadPoolExecutor$Worker.run(ThreadPoolExecutor.java:628)
	at java.base/java.lang.Thread.run(Thread.java:829)
io.grpc.StatusRuntimeException: CANCELLED: client cancelled
	at io.grpc.Status.asRuntimeException(Status.java:526)
	at io.grpc.stub.ServerCalls$StreamingServerCallHandler$StreamingServerCallListener.onCancel(ServerCalls.java:284)
	at io.grpc.internal.ServerCallImpl$ServerStreamListenerImpl.closedInternal(ServerCallImpl.java:353)
	at io.grpc.internal.ServerCallImpl$ServerStreamListenerImpl.closed(ServerCallImpl.java:341)
	at io.grpc.internal.ServerImpl$JumpToApplicationThreadServerStreamListener$1Closed.runInContext(ServerImpl.java:844)
	at io.grpc.internal.ContextRunnable.run(ContextRunnable.java:37)
	at io.grpc.internal.SerializingExecutor.run(SerializingExecutor.java:123)
	at java.base/java.util.concurrent.ThreadPoolExecutor.runWorker(ThreadPoolExecutor.java:1128)
	at java.base/java.util.concurrent.ThreadPoolExecutor$Worker.run(ThreadPoolExecutor.java:628)
	at java.base/java.lang.Thread.run(Thread.java:829)
io.grpc.StatusRuntimeException: CANCELLED: client cancelled
	at io.grpc.Status.asRuntimeException(Status.java:526)
	at io.grpc.stub.ServerCalls$StreamingServerCallHandler$StreamingServerCallListener.onCancel(ServerCalls.java:284)
	at io.grpc.internal.ServerCallImpl$ServerStreamListenerImpl.closedInternal(ServerCallImpl.java:353)
	at io.grpc.internal.ServerCallImpl$ServerStreamListenerImpl.closed(ServerCallImpl.java:341)
	at io.grpc.internal.ServerImpl$JumpToApplicationThreadServerStreamListener$1Closed.runInContext(ServerImpl.java:844)
	at io.grpc.internal.ContextRunnable.run(ContextRunnable.java:37)
	at io.grpc.internal.SerializingExecutor.run(SerializingExecutor.java:123)
	at java.base/java.util.concurrent.ThreadPoolExecutor.runWorker(ThreadPoolExecutor.java:1128)
	at java.base/java.util.concurrent.ThreadPoolExecutor$Worker.run(ThreadPoolExecutor.java:628)
	at java.base/java.lang.Thread.run(Thread.java:829)
io.grpc.StatusRuntimeException: CANCELLED: client cancelled
	at io.grpc.Status.asRuntimeException(Status.java:526)
	at io.grpc.stub.ServerCalls$StreamingServerCallHandler$StreamingServerCallListener.onCancel(ServerCalls.java:284)
	at io.grpc.internal.ServerCallImpl$ServerStreamListenerImpl.closedInternal(ServerCallImpl.java:353)
	at io.grpc.internal.ServerCallImpl$ServerStreamListenerImpl.closed(ServerCallImpl.java:341)
	at io.grpc.internal.ServerImpl$JumpToApplicationThreadServerStreamListener$1Closed.runInContext(ServerImpl.java:844)
	at io.grpc.internal.ContextRunnable.run(ContextRunnable.java:37)
	at io.grpc.internal.SerializingExecutor.run(SerializingExecutor.java:123)
	at java.base/java.util.concurrent.ThreadPoolExecutor.runWorker(ThreadPoolExecutor.java:1128)
	at java.base/java.util.concurrent.ThreadPoolExecutor$Worker.run(ThreadPoolExecutor.java:628)
	at java.base/java.lang.Thread.run(Thread.java:829)
tailObserver.onCompleted shard: 0 client: 1 write:false 2023-01-11 00:21:01.397
tailObserver.onCompleted shard: 1 client: 1 write:false 2023-01-11 00:21:01.397
headObserver.onCompleted shard: 0 client: 1 write:true 2023-01-11 00:21:01.397
sendReply.onError shard: 0 client: 1 write:false 2023-01-11 00:21:01.397
[grpc-default-executor-88] ERROR site.ycsb.db.rocksdb.Replicator - Encountered error in sendReply
sendReply.onError shard: 2 client: 1 write:false 2023-01-11 00:21:01.398
[grpc-default-executor-89] ERROR site.ycsb.db.rocksdb.Replicator - Encountered error in sendReply
io.grpc.StatusRuntimeException: CANCELLED: client cancelled
headObserver.onCompleted shard: 1 client: 1 write:true 2023-01-11 00:21:01.397
dumbObserver.onCompleted shard: 0 client: 1 write:false 2023-01-11 00:21:01.398	at io.grpc.Status.asRuntimeException(Status.java:526)

	at io.grpc.stub.ServerCalls$StreamingServerCallHandler$StreamingServerCallListener.onCancel(ServerCalls.java:284)sendReply.onError shard: 2 client: 1 write:true 2023-01-11 00:21:01.398

	at io.grpc.internal.ServerCallImpl$ServerStreamListenerImpl.closedInternal(ServerCallImpl.java:353)
	at io.grpc.internal.ServerCallImpl$ServerStreamListenerImpl.closed(ServerCallImpl.java:341)tailObserver.onCompleted shard: 2 client: 1 write:false 2023-01-11 00:21:01.397

	at io.grpc.internal.ServerImpl$JumpToApplicationThreadServerStreamListener$1Closed.runInContext(ServerImpl.java:844)headObserver.onCompleted shard: 3 client: 1 write:true 2023-01-11 00:21:01.397

	at io.grpc.internal.ContextRunnable.run(ContextRunnable.java:37)
headObserver.onCompleted shard: 2 client: 1 write:true 2023-01-11 00:21:01.397	at io.grpc.internal.SerializingExecutor.run(SerializingExecutor.java:123)

sendReply.onError shard: 1 client: 1 write:true 2023-01-11 00:21:01.398	at java.base/java.util.concurrent.ThreadPoolExecutor.runWorker(ThreadPoolExecutor.java:1128)

	at java.base/java.util.concurrent.ThreadPoolExecutor$Worker.run(ThreadPoolExecutor.java:628)
tailObserver.onCompleted shard: 3 client: 1 write:false 2023-01-11 00:21:01.397	at java.base/java.lang.Thread.run(Thread.java:829)

sendReply.onError shard: 3 client: 1 write:true 2023-01-11 00:21:01.398[grpc-default-executor-84] ERROR site.ycsb.db.rocksdb.Replicator - Encountered error in sendReply

[grpc-default-executor-87] ERROR site.ycsb.db.rocksdb.Replicator - Encountered error in sendReplysendReply.onError shard: 1 client: 1 write:false 2023-01-11 00:21:01.398

dumbObserver.onCompleted shard: 1 client: 1 write:true 2023-01-11 00:21:01.399[grpc-default-executor-85] ERROR site.ycsb.db.rocksdb.Replicator - Encountered error in sendReply

sendReply.onError shard: 3 client: 1 write:false 2023-01-11 00:21:01.398io.grpc.StatusRuntimeException: CANCELLED: client cancelled

dumbObserver.onCompleted shard: 3 client: 1 write:false 2023-01-11 00:21:01.398	at io.grpc.Status.asRuntimeException(Status.java:526)

	at io.grpc.stub.ServerCalls$StreamingServerCallHandler$StreamingServerCallListener.onCancel(ServerCalls.java:284)
dumbObserver.onCompleted shard: 2 client: 1 write:false 2023-01-11 00:21:01.398	at io.grpc.internal.ServerCallImpl$ServerStreamListenerImpl.closedInternal(ServerCallImpl.java:353)

	at io.grpc.internal.ServerCallImpl$ServerStreamListenerImpl.closed(ServerCallImpl.java:341)
	at io.grpc.internal.ServerImpl$JumpToApplicationThreadServerStreamListener$1Closed.runInContext(ServerImpl.java:844)dumbObserver.onCompleted shard: 1 client: 1 write:false 2023-01-11 00:21:01.399

	at io.grpc.internal.ContextRunnable.run(ContextRunnable.java:37)
dumbObserver.onCompleted shard: 2 client: 1 write:true 2023-01-11 00:21:01.399	at io.grpc.internal.SerializingExecutor.run(SerializingExecutor.java:123)

sendReply.onError shard: 0 client: 1 write:true 2023-01-11 00:21:01.399	at java.base/java.util.concurrent.ThreadPoolExecutor.runWorker(ThreadPoolExecutor.java:1128)

	at java.base/java.util.concurrent.ThreadPoolExecutor$Worker.run(ThreadPoolExecutor.java:628)
dumbObserver.onCompleted shard: 3 client: 1 write:true 2023-01-11 00:21:01.399	at java.base/java.lang.Thread.run(Thread.java:829)

io.grpc.StatusRuntimeException: CANCELLED: client cancelled
	at io.grpc.Status.asRuntimeException(Status.java:526)
	at io.grpc.stub.ServerCalls$StreamingServerCallHandler$StreamingServerCallListener.onCancel(ServerCalls.java:284)
	at io.grpc.internal.ServerCallImpl$ServerStreamListenerImpl.closedInternal(ServerCallImpl.java:353)
	at io.grpc.internal.ServerCallImpl$ServerStreamListenerImpl.closed(ServerCallImpl.java:341)
	at io.grpc.internal.ServerImpl$JumpToApplicationThreadServerStreamListener$1Closed.runInContext(ServerImpl.java:844)
	at io.grpc.internal.ContextRunnable.run(ContextRunnable.java:37)
	at io.grpc.internal.SerializingExecutor.run(SerializingExecutor.java:123)
	at java.base/java.util.concurrent.ThreadPoolExecutor.runWorker(ThreadPoolExecutor.java:1128)
	at java.base/java.util.concurrent.ThreadPoolExecutor$Worker.run(ThreadPoolExecutor.java:628)
	at java.base/java.lang.Thread.run(Thread.java:829)
[grpc-default-executor-80] ERROR site.ycsb.db.rocksdb.Replicator - Encountered error in sendReply
[grpc-default-executor-83] ERROR site.ycsb.db.rocksdb.Replicator - Encountered error in sendReply
io.grpc.StatusRuntimeException: CANCELLED: client cancelleddumbObserver.onCompleted shard: 0 client: 1 write:true 2023-01-11 00:21:01.4

	at io.grpc.Status.asRuntimeException(Status.java:526)
	at io.grpc.stub.ServerCalls$StreamingServerCallHandler$StreamingServerCallListener.onCancel(ServerCalls.java:284)
	at io.grpc.internal.ServerCallImpl$ServerStreamListenerImpl.closedInternal(ServerCallImpl.java:353)
	at io.grpc.internal.ServerCallImpl$ServerStreamListenerImpl.closed(ServerCallImpl.java:341)
	at io.grpc.internal.ServerImpl$JumpToApplicationThreadServerStreamListener$1Closed.runInContext(ServerImpl.java:844)
	at io.grpc.internal.ContextRunnable.run(ContextRunnable.java:37)
	at io.grpc.internal.SerializingExecutor.run(SerializingExecutor.java:123)
	at java.base/java.util.concurrent.ThreadPoolExecutor.runWorker(ThreadPoolExecutor.java:1128)
	at java.base/java.util.concurrent.ThreadPoolExecutor$Worker.run(ThreadPoolExecutor.java:628)
	at java.base/java.lang.Thread.run(Thread.java:829)
[grpc-default-executor-86] ERROR site.ycsb.db.rocksdb.Replicator - Encountered error in sendReply
io.grpc.StatusRuntimeException: CANCELLED: client cancelled
	at io.grpc.Status.asRuntimeException(Status.java:526)
	at io.grpc.stub.ServerCalls$StreamingServerCallHandler$StreamingServerCallListener.onCancel(ServerCalls.java:284)
	at io.grpc.internal.ServerCallImpl$ServerStreamListenerImpl.closedInternal(ServerCallImpl.java:353)
	at io.grpc.internal.ServerCallImpl$ServerStreamListenerImpl.closed(ServerCallImpl.java:341)
	at io.grpc.internal.ServerImpl$JumpToApplicationThreadServerStreamListener$1Closed.runInContext(ServerImpl.java:844)
	at io.grpc.internal.ContextRunnable.run(ContextRunnable.java:37)
	at io.grpc.internal.SerializingExecutor.run(SerializingExecutor.java:123)
	at java.base/java.util.concurrent.ThreadPoolExecutor.runWorker(ThreadPoolExecutor.java:1128)
	at java.base/java.util.concurrent.ThreadPoolExecutor$Worker.run(ThreadPoolExecutor.java:628)
	at java.base/java.lang.Thread.run(Thread.java:829)
io.grpc.StatusRuntimeException: CANCELLED: client cancelled
	at io.grpc.Status.asRuntimeException(Status.java:526)
	at io.grpc.stub.ServerCalls$StreamingServerCallHandler$StreamingServerCallListener.onCancel(ServerCalls.java:284)
	at io.grpc.internal.ServerCallImpl$ServerStreamListenerImpl.closedInternal(ServerCallImpl.java:353)
	at io.grpc.internal.ServerCallImpl$ServerStreamListenerImpl.closed(ServerCallImpl.java:341)
	at io.grpc.internal.ServerImpl$JumpToApplicationThreadServerStreamListener$1Closed.runInContext(ServerImpl.java:844)
	at io.grpc.internal.ContextRunnable.run(ContextRunnable.java:37)
	at io.grpc.internal.SerializingExecutor.run(SerializingExecutor.java:123)
	at java.base/java.util.concurrent.ThreadPoolExecutor.runWorker(ThreadPoolExecutor.java:1128)
	at java.base/java.util.concurrent.ThreadPoolExecutor$Worker.run(ThreadPoolExecutor.java:628)
	at java.base/java.lang.Thread.run(Thread.java:829)
io.grpc.StatusRuntimeException: CANCELLED: client cancelled
	at io.grpc.Status.asRuntimeException(Status.java:526)
	at io.grpc.stub.ServerCalls$StreamingServerCallHandler$StreamingServerCallListener.onCancel(ServerCalls.java:284)
	at io.grpc.internal.ServerCallImpl$ServerStreamListenerImpl.closedInternal(ServerCallImpl.java:353)
	at io.grpc.internal.ServerCallImpl$ServerStreamListenerImpl.closed(ServerCallImpl.java:341)
	at io.grpc.internal.ServerImpl$JumpToApplicationThreadServerStreamListener$1Closed.runInContext(ServerImpl.java:844)
	at io.grpc.internal.ContextRunnable.run(ContextRunnable.java:37)
	at io.grpc.internal.SerializingExecutor.run(SerializingExecutor.java:123)
	at java.base/java.util.concurrent.ThreadPoolExecutor.runWorker(ThreadPoolExecutor.java:1128)
	at java.base/java.util.concurrent.ThreadPoolExecutor$Worker.run(ThreadPoolExecutor.java:628)
	at java.base/java.lang.Thread.run(Thread.java:829)
io.grpc.StatusRuntimeException: CANCELLED: client cancelled
	at io.grpc.Status.asRuntimeException(Status.java:526)
	at io.grpc.stub.ServerCalls$StreamingServerCallHandler$StreamingServerCallListener.onCancel(ServerCalls.java:284)
	at io.grpc.internal.ServerCallImpl$ServerStreamListenerImpl.closedInternal(ServerCallImpl.java:353)
	at io.grpc.internal.ServerCallImpl$ServerStreamListenerImpl.closed(ServerCallImpl.java:341)
	at io.grpc.internal.ServerImpl$JumpToApplicationThreadServerStreamListener$1Closed.runInContext(ServerImpl.java:844)
	at io.grpc.internal.ContextRunnable.run(ContextRunnable.java:37)
	at io.grpc.internal.SerializingExecutor.run(SerializingExecutor.java:123)
	at java.base/java.util.concurrent.ThreadPoolExecutor.runWorker(ThreadPoolExecutor.java:1128)
	at java.base/java.util.concurrent.ThreadPoolExecutor$Worker.run(ThreadPoolExecutor.java:628)
	at java.base/java.lang.Thread.run(Thread.java:829)
tailObserver.onCompleted shard: 0 client: 3 write:false 2023-01-11 00:21:01.436
headObserver.onCompleted shard: 3 client: 3 write:true 2023-01-11 00:21:01.436
tailObserver.onCompleted shard: 2 client: 3 write:false 2023-01-11 00:21:01.436
headObserver.onCompleted shard: 0 client: 3 write:true 2023-01-11 00:21:01.436
headObserver.onCompleted shard: 2 client: 3 write:true 2023-01-11 00:21:01.436
headObserver.onCompleted shard: 1 client: 3 write:true 2023-01-11 00:21:01.436
tailObserver.onCompleted shard: 1 client: 3 write:false 2023-01-11 00:21:01.436
sendReply.onError shard: 0 client: 3 write:false 2023-01-11 00:21:01.436
[grpc-default-executor-85] ERROR site.ycsb.db.rocksdb.Replicator - Encountered error in sendReply
tailObserver.onCompleted shard: 3 client: 3 write:false 2023-01-11 00:21:01.436
io.grpc.StatusRuntimeException: CANCELLED: client cancelled
dumbObserver.onCompleted shard: 0 client: 3 write:false 2023-01-11 00:21:01.437
sendReply.onError shard: 2 client: 3 write:false 2023-01-11 00:21:01.437	at io.grpc.Status.asRuntimeException(Status.java:526)

	at io.grpc.stub.ServerCalls$StreamingServerCallHandler$StreamingServerCallListener.onCancel(ServerCalls.java:284)
sendReply.onError shard: 1 client: 3 write:true 2023-01-11 00:21:01.437	at io.grpc.internal.ServerCallImpl$ServerStreamListenerImpl.closedInternal(ServerCallImpl.java:353)

	at io.grpc.internal.ServerCallImpl$ServerStreamListenerImpl.closed(ServerCallImpl.java:341)
	at io.grpc.internal.ServerImpl$JumpToApplicationThreadServerStreamListener$1Closed.runInContext(ServerImpl.java:844)
	at io.grpc.internal.ContextRunnable.run(ContextRunnable.java:37)
	at io.grpc.internal.SerializingExecutor.run(SerializingExecutor.java:123)
	at java.base/java.util.concurrent.ThreadPoolExecutor.runWorker(ThreadPoolExecutor.java:1128)dumbObserver.onCompleted shard: 2 client: 3 write:false 2023-01-11 00:21:01.437

	at java.base/java.util.concurrent.ThreadPoolExecutor$Worker.run(ThreadPoolExecutor.java:628)
	at java.base/java.lang.Thread.run(Thread.java:829)
[grpc-default-executor-88] ERROR site.ycsb.db.rocksdb.Replicator - Encountered error in sendReply
[grpc-default-executor-86] ERROR site.ycsb.db.rocksdb.Replicator - Encountered error in sendReply
dumbObserver.onCompleted shard: 1 client: 3 write:true 2023-01-11 00:21:01.437
io.grpc.StatusRuntimeException: CANCELLED: client cancelled
	at io.grpc.Status.asRuntimeException(Status.java:526)sendReply.onError shard: 3 client: 3 write:false 2023-01-11 00:21:01.437

	at io.grpc.stub.ServerCalls$StreamingServerCallHandler$StreamingServerCallListener.onCancel(ServerCalls.java:284)
	at io.grpc.internal.ServerCallImpl$ServerStreamListenerImpl.closedInternal(ServerCallImpl.java:353)
sendReply.onError shard: 1 client: 3 write:false 2023-01-11 00:21:01.437	at io.grpc.internal.ServerCallImpl$ServerStreamListenerImpl.closed(ServerCallImpl.java:341)

	at io.grpc.internal.ServerImpl$JumpToApplicationThreadServerStreamListener$1Closed.runInContext(ServerImpl.java:844)dumbObserver.onCompleted shard: 1 client: 3 write:false 2023-01-11 00:21:01.437

	at io.grpc.internal.ContextRunnable.run(ContextRunnable.java:37)
	at io.grpc.internal.SerializingExecutor.run(SerializingExecutor.java:123)
	at java.base/java.util.concurrent.ThreadPoolExecutor.runWorker(ThreadPoolExecutor.java:1128)
	at java.base/java.util.concurrent.ThreadPoolExecutor$Worker.run(ThreadPoolExecutor.java:628)
	at java.base/java.lang.Thread.run(Thread.java:829)dumbObserver.onCompleted shard: 3 client: 3 write:false 2023-01-11 00:21:01.438

[grpc-default-executor-89] ERROR site.ycsb.db.rocksdb.Replicator - Encountered error in sendReply
[grpc-default-executor-85] ERROR site.ycsb.db.rocksdb.Replicator - Encountered error in sendReply
io.grpc.StatusRuntimeException: CANCELLED: client cancelled
	at io.grpc.Status.asRuntimeException(Status.java:526)
	at io.grpc.stub.ServerCalls$StreamingServerCallHandler$StreamingServerCallListener.onCancel(ServerCalls.java:284)
	at io.grpc.internal.ServerCallImpl$ServerStreamListenerImpl.closedInternal(ServerCallImpl.java:353)
	at io.grpc.internal.ServerCallImpl$ServerStreamListenerImpl.closed(ServerCallImpl.java:341)
sendReply.onError shard: 3 client: 3 write:true 2023-01-11 00:21:01.44	at io.grpc.internal.ServerImpl$JumpToApplicationThreadServerStreamListener$1Closed.runInContext(ServerImpl.java:844)

	at io.grpc.internal.ContextRunnable.run(ContextRunnable.java:37)
	at io.grpc.internal.SerializingExecutor.run(SerializingExecutor.java:123)
	at java.base/java.util.concurrent.ThreadPoolExecutor.runWorker(ThreadPoolExecutor.java:1128)
dumbObserver.onCompleted shard: 3 client: 3 write:true 2023-01-11 00:21:01.44	at java.base/java.util.concurrent.ThreadPoolExecutor$Worker.run(ThreadPoolExecutor.java:628)

	at java.base/java.lang.Thread.run(Thread.java:829)
[grpc-default-executor-86] ERROR site.ycsb.db.rocksdb.Replicator - Encountered error in sendReply
io.grpc.StatusRuntimeException: CANCELLED: client cancelled
	at io.grpc.Status.asRuntimeException(Status.java:526)
	at io.grpc.stub.ServerCalls$StreamingServerCallHandler$StreamingServerCallListener.onCancel(ServerCalls.java:284)
	at io.grpc.internal.ServerCallImpl$ServerStreamListenerImpl.closedInternal(ServerCallImpl.java:353)
	at io.grpc.internal.ServerCallImpl$ServerStreamListenerImpl.closed(ServerCallImpl.java:341)
	at io.grpc.internal.ServerImpl$JumpToApplicationThreadServerStreamListener$1Closed.runInContext(ServerImpl.java:844)
	at io.grpc.internal.ContextRunnable.run(ContextRunnable.java:37)
	at io.grpc.internal.SerializingExecutor.run(SerializingExecutor.java:123)
	at java.base/java.util.concurrent.ThreadPoolExecutor.runWorker(ThreadPoolExecutor.java:1128)
	at java.base/java.util.concurrent.ThreadPoolExecutor$Worker.run(ThreadPoolExecutor.java:628)
	at java.base/java.lang.Thread.run(Thread.java:829)
io.grpc.StatusRuntimeException: CANCELLED: client cancelled
	at io.grpc.Status.asRuntimeException(Status.java:526)
	at io.grpc.stub.ServerCalls$StreamingServerCallHandler$StreamingServerCallListener.onCancel(ServerCalls.java:284)
	at io.grpc.internal.ServerCallImpl$ServerStreamListenerImpl.closedInternal(ServerCallImpl.java:353)
	at io.grpc.internal.ServerCallImpl$ServerStreamListenerImpl.closed(ServerCallImpl.java:341)
	at io.grpc.internal.ServerImpl$JumpToApplicationThreadServerStreamListener$1Closed.runInContext(ServerImpl.java:844)
	at io.grpc.internal.ContextRunnable.run(ContextRunnable.java:37)
	at io.grpc.internal.SerializingExecutor.run(SerializingExecutor.java:123)
	at java.base/java.util.concurrent.ThreadPoolExecutor.runWorker(ThreadPoolExecutor.java:1128)
	at java.base/java.util.concurrent.ThreadPoolExecutor$Worker.run(ThreadPoolExecutor.java:628)
	at java.base/java.lang.Thread.run(Thread.java:829)
io.grpc.StatusRuntimeException: CANCELLED: client cancelled
	at io.grpc.Status.asRuntimeException(Status.java:526)
dumbObserver.onError shard: 0 client: 3 write:true 2023-01-11 00:21:01.441
	at io.grpc.stub.ServerCalls$StreamingServerCallHandler$StreamingServerCallListener.onCancel(ServerCalls.java:284)
	at io.grpc.internal.ServerCallImpl$ServerStreamListenerImpl.closedInternal(ServerCallImpl.java:353)
	at io.grpc.internal.ServerCallImpl$ServerStreamListenerImpl.closed(ServerCallImpl.java:341)
dumbObserver.onError shard: 2 client: 3 write:true 2023-01-11 00:21:01.442	at io.grpc.internal.ServerImpl$JumpToApplicationThreadServerStreamListener$1Closed.runInContext(ServerImpl.java:844)

	at io.grpc.internal.ContextRunnable.run(ContextRunnable.java:37)
	at io.grpc.internal.SerializingExecutor.run(SerializingExecutor.java:123)
	at java.base/java.util.concurrent.ThreadPoolExecutor.runWorker(ThreadPoolExecutor.java:1128)
	at java.base/java.util.concurrent.ThreadPoolExecutor$Worker.run(ThreadPoolExecutor.java:628)
	at java.base/java.lang.Thread.run(Thread.java:829)
sendReply.onError shard: 2 client: 3 write:true 2023-01-11 00:21:01.448
[grpc-default-executor-80] ERROR site.ycsb.db.rocksdb.Replicator - Encountered error in sendReply
io.grpc.StatusRuntimeException: CANCELLED: client cancelled
	at io.grpc.Status.asRuntimeException(Status.java:526)
	at io.grpc.stub.ServerCalls$StreamingServerCallHandler$StreamingServerCallListener.onCancel(ServerCalls.java:284)
	at io.grpc.internal.ServerCallImpl$ServerStreamListenerImpl.closedInternal(ServerCallImpl.java:353)
	at io.grpc.internal.ServerCallImpl$ServerStreamListenerImpl.closed(ServerCallImpl.java:341)
	at io.grpc.internal.ServerImpl$JumpToApplicationThreadServerStreamListener$1Closed.runInContext(ServerImpl.java:844)
	at io.grpc.internal.ContextRunnable.run(ContextRunnable.java:37)
	at io.grpc.internal.SerializingExecutor.run(SerializingExecutor.java:123)
	at java.base/java.util.concurrent.ThreadPoolExecutor.runWorker(ThreadPoolExecutor.java:1128)
	at java.base/java.util.concurrent.ThreadPoolExecutor$Worker.run(ThreadPoolExecutor.java:628)
	at java.base/java.lang.Thread.run(Thread.java:829)
sendReply.onError shard: 0 client: 3 write:true 2023-01-11 00:21:01.449
[grpc-default-executor-86] ERROR site.ycsb.db.rocksdb.Replicator - Encountered error in sendReply
io.grpc.StatusRuntimeException: CANCELLED: client cancelled
	at io.grpc.Status.asRuntimeException(Status.java:526)
	at io.grpc.stub.ServerCalls$StreamingServerCallHandler$StreamingServerCallListener.onCancel(ServerCalls.java:284)
	at io.grpc.internal.ServerCallImpl$ServerStreamListenerImpl.closedInternal(ServerCallImpl.java:353)
	at io.grpc.internal.ServerCallImpl$ServerStreamListenerImpl.closed(ServerCallImpl.java:341)
	at io.grpc.internal.ServerImpl$JumpToApplicationThreadServerStreamListener$1Closed.runInContext(ServerImpl.java:844)
	at io.grpc.internal.ContextRunnable.run(ContextRunnable.java:37)
	at io.grpc.internal.SerializingExecutor.run(SerializingExecutor.java:123)
	at java.base/java.util.concurrent.ThreadPoolExecutor.runWorker(ThreadPoolExecutor.java:1128)
	at java.base/java.util.concurrent.ThreadPoolExecutor$Worker.run(ThreadPoolExecutor.java:628)
	at java.base/java.lang.Thread.run(Thread.java:829)
tailObserver.onCompleted shard: 0 client: 2 write:false 2023-01-11 00:21:02.107
tailObserver.onCompleted shard: 2 client: 2 write:false 2023-01-11 00:21:02.107
headObserver.onCompleted shard: 0 client: 2 write:true 2023-01-11 00:21:02.108
tailObserver.onCompleted shard: 1 client: 2 write:false 2023-01-11 00:21:02.108
headObserver.onCompleted shard: 2 client: 2 write:true 2023-01-11 00:21:02.107
headObserver.onCompleted shard: 1 client: 2 write:true 2023-01-11 00:21:02.107
tailObserver.onCompleted shard: 3 client: 2 write:false 2023-01-11 00:21:02.107
headObserver.onCompleted shard: 3 client: 2 write:true 2023-01-11 00:21:02.107
sendReply.onError shard: 2 client: 2 write:true 2023-01-11 00:21:02.108
[grpc-default-executor-80] ERROR site.ycsb.db.rocksdb.Replicator - Encountered error in sendReply
io.grpc.StatusRuntimeException: CANCELLED: client cancelled
	at io.grpc.Status.asRuntimeException(Status.java:526)
	at io.grpc.stub.ServerCalls$StreamingServerCallHandler$StreamingServerCallListener.onCancel(ServerCalls.java:284)
	at io.grpc.internal.ServerCallImpl$ServerStreamListenerImpl.closedInternal(ServerCallImpl.java:353)
	at io.grpc.internal.ServerCallImpl$ServerStreamListenerImpl.closed(ServerCallImpl.java:341)
	at io.grpc.internal.ServerImpl$JumpToApplicationThreadServerStreamListener$1Closed.runInContext(ServerImpl.java:844)
	at io.grpc.internal.ContextRunnable.run(ContextRunnable.java:37)
	at io.grpc.internal.SerializingExecutor.run(SerializingExecutor.java:123)
	at java.base/java.util.concurrent.ThreadPoolExecutor.runWorker(ThreadPoolExecutor.java:1128)
	at java.base/java.util.concurrent.ThreadPoolExecutor$Worker.run(ThreadPoolExecutor.java:628)
	at java.base/java.lang.Thread.run(Thread.java:829)
dumbObserver.onCompleted shard: 2 client: 2 write:true 2023-01-11 00:21:02.109
sendReply.onError shard: 1 client: 2 write:true 2023-01-11 00:21:02.11
[grpc-default-executor-80] ERROR site.ycsb.db.rocksdb.Replicator - Encountered error in sendReply
io.grpc.StatusRuntimeException: CANCELLED: client cancelled
	at io.grpc.Status.asRuntimeException(Status.java:526)
	at io.grpc.stub.ServerCalls$StreamingServerCallHandler$StreamingServerCallListener.onCancel(ServerCalls.java:284)
	at io.grpc.internal.ServerCallImpl$ServerStreamListenerImpl.closedInternal(ServerCallImpl.java:353)
	at io.grpc.internal.ServerCallImpl$ServerStreamListenerImpl.closed(ServerCallImpl.java:341)
	at io.grpc.internal.ServerImpl$JumpToApplicationThreadServerStreamListener$1Closed.runInContext(ServerImpl.java:844)
	at io.grpc.internal.ContextRunnable.run(ContextRunnable.java:37)
sendReply.onError shard: 2 client: 2 write:false 2023-01-11 00:21:02.11	at io.grpc.internal.SerializingExecutor.run(SerializingExecutor.java:123)

	at java.base/java.util.concurrent.ThreadPoolExecutor.runWorker(ThreadPoolExecutor.java:1128)sendReply.onError shard: 3 client: 2 write:false 2023-01-11 00:21:02.11

	at java.base/java.util.concurrent.ThreadPoolExecutor$Worker.run(ThreadPoolExecutor.java:628)
	at java.base/java.lang.Thread.run(Thread.java:829)
dumbObserver.onCompleted shard: 2 client: 2 write:false 2023-01-11 00:21:02.111
[grpc-default-executor-89] ERROR site.ycsb.db.rocksdb.Replicator - Encountered error in sendReply
dumbObserver.onError shard: 0 client: 2 write:true 2023-01-11 00:21:02.111
[grpc-default-executor-83] ERROR site.ycsb.db.rocksdb.Replicator - Encountered error in sendReplydumbObserver.onCompleted shard: 1 client: 2 write:true 2023-01-11 00:21:02.111

io.grpc.StatusRuntimeException: CANCELLED: client cancelled
dumbObserver.onError shard: 0 client: 2 write:false 2023-01-11 00:21:02.111
	at io.grpc.Status.asRuntimeException(Status.java:526)
	at io.grpc.stub.ServerCalls$StreamingServerCallHandler$StreamingServerCallListener.onCancel(ServerCalls.java:284)
	at io.grpc.internal.ServerCallImpl$ServerStreamListenerImpl.closedInternal(ServerCallImpl.java:353)
sendReply.onError shard: 0 client: 2 write:true 2023-01-11 00:21:02.111	at io.grpc.internal.ServerCallImpl$ServerStreamListenerImpl.closed(ServerCallImpl.java:341)

	at io.grpc.internal.ServerImpl$JumpToApplicationThreadServerStreamListener$1Closed.runInContext(ServerImpl.java:844)sendReply.onError shard: 1 client: 2 write:false 2023-01-11 00:21:02.111

	at io.grpc.internal.ContextRunnable.run(ContextRunnable.java:37)
	at io.grpc.internal.SerializingExecutor.run(SerializingExecutor.java:123)
dumbObserver.onCompleted shard: 3 client: 2 write:false 2023-01-11 00:21:02.111	at java.base/java.util.concurrent.ThreadPoolExecutor.runWorker(ThreadPoolExecutor.java:1128)

	at java.base/java.util.concurrent.ThreadPoolExecutor$Worker.run(ThreadPoolExecutor.java:628)
sendReply.onError shard: 3 client: 2 write:true 2023-01-11 00:21:02.111	at java.base/java.lang.Thread.run(Thread.java:829)

[grpc-default-executor-82] ERROR site.ycsb.db.rocksdb.Replicator - Encountered error in sendReply
[grpc-default-executor-79] ERROR site.ycsb.db.rocksdb.Replicator - Encountered error in sendReply
[grpc-default-executor-80] ERROR site.ycsb.db.rocksdb.Replicator - Encountered error in sendReply
dumbObserver.onCompleted shard: 1 client: 2 write:false 2023-01-11 00:21:02.111io.grpc.StatusRuntimeException: CANCELLED: client cancelled

dumbObserver.onCompleted shard: 3 client: 2 write:true 2023-01-11 00:21:02.112
	at io.grpc.Status.asRuntimeException(Status.java:526)
	at io.grpc.stub.ServerCalls$StreamingServerCallHandler$StreamingServerCallListener.onCancel(ServerCalls.java:284)
	at io.grpc.internal.ServerCallImpl$ServerStreamListenerImpl.closedInternal(ServerCallImpl.java:353)
	at io.grpc.internal.ServerCallImpl$ServerStreamListenerImpl.closed(ServerCallImpl.java:341)
	at io.grpc.internal.ServerImpl$JumpToApplicationThreadServerStreamListener$1Closed.runInContext(ServerImpl.java:844)
	at io.grpc.internal.ContextRunnable.run(ContextRunnable.java:37)
	at io.grpc.internal.SerializingExecutor.run(SerializingExecutor.java:123)
	at java.base/java.util.concurrent.ThreadPoolExecutor.runWorker(ThreadPoolExecutor.java:1128)
	at java.base/java.util.concurrent.ThreadPoolExecutor$Worker.run(ThreadPoolExecutor.java:628)
	at java.base/java.lang.Thread.run(Thread.java:829)
io.grpc.StatusRuntimeException: CANCELLED: client cancelled
	at io.grpc.Status.asRuntimeException(Status.java:526)
	at io.grpc.stub.ServerCalls$StreamingServerCallHandler$StreamingServerCallListener.onCancel(ServerCalls.java:284)
	at io.grpc.internal.ServerCallImpl$ServerStreamListenerImpl.closedInternal(ServerCallImpl.java:353)
	at io.grpc.internal.ServerCallImpl$ServerStreamListenerImpl.closed(ServerCallImpl.java:341)
	at io.grpc.internal.ServerImpl$JumpToApplicationThreadServerStreamListener$1Closed.runInContext(ServerImpl.java:844)
	at io.grpc.internal.ContextRunnable.run(ContextRunnable.java:37)
	at io.grpc.internal.SerializingExecutor.run(SerializingExecutor.java:123)
	at java.base/java.util.concurrent.ThreadPoolExecutor.runWorker(ThreadPoolExecutor.java:1128)
	at java.base/java.util.concurrent.ThreadPoolExecutor$Worker.run(ThreadPoolExecutor.java:628)
	at java.base/java.lang.Thread.run(Thread.java:829)
io.grpc.StatusRuntimeException: CANCELLED: client cancelled
	at io.grpc.Status.asRuntimeException(Status.java:526)
	at io.grpc.stub.ServerCalls$StreamingServerCallHandler$StreamingServerCallListener.onCancel(ServerCalls.java:284)
	at io.grpc.internal.ServerCallImpl$ServerStreamListenerImpl.closedInternal(ServerCallImpl.java:353)
	at io.grpc.internal.ServerCallImpl$ServerStreamListenerImpl.closed(ServerCallImpl.java:341)
	at io.grpc.internal.ServerImpl$JumpToApplicationThreadServerStreamListener$1Closed.runInContext(ServerImpl.java:844)
	at io.grpc.internal.ContextRunnable.run(ContextRunnable.java:37)
	at io.grpc.internal.SerializingExecutor.run(SerializingExecutor.java:123)
	at java.base/java.util.concurrent.ThreadPoolExecutor.runWorker(ThreadPoolExecutor.java:1128)
	at java.base/java.util.concurrent.ThreadPoolExecutor$Worker.run(ThreadPoolExecutor.java:628)
	at java.base/java.lang.Thread.run(Thread.java:829)
sendReply.onError shard: 0 client: 2 write:false 2023-01-11 00:21:02.113
io.grpc.StatusRuntimeException: CANCELLED: client cancelled
	at io.grpc.Status.asRuntimeException(Status.java:526)
	at io.grpc.stub.ServerCalls$StreamingServerCallHandler$StreamingServerCallListener.onCancel(ServerCalls.java:284)
	at io.grpc.internal.ServerCallImpl$ServerStreamListenerImpl.closedInternal(ServerCallImpl.java:353)
	at io.grpc.internal.ServerCallImpl$ServerStreamListenerImpl.closed(ServerCallImpl.java:341)
	at io.grpc.internal.ServerImpl$JumpToApplicationThreadServerStreamListener$1Closed.runInContext(ServerImpl.java:844)
	at io.grpc.internal.ContextRunnable.run(ContextRunnable.java:37)
	at io.grpc.internal.SerializingExecutor.run(SerializingExecutor.java:123)
	at java.base/java.util.concurrent.ThreadPoolExecutor.runWorker(ThreadPoolExecutor.java:1128)
	at java.base/java.util.concurrent.ThreadPoolExecutor$Worker.run(ThreadPoolExecutor.java:628)
	at java.base/java.lang.Thread.run(Thread.java:829)
[grpc-default-executor-83] ERROR site.ycsb.db.rocksdb.Replicator - Encountered error in sendReply
io.grpc.StatusRuntimeException: CANCELLED: client cancelled
	at io.grpc.Status.asRuntimeException(Status.java:526)
	at io.grpc.stub.ServerCalls$StreamingServerCallHandler$StreamingServerCallListener.onCancel(ServerCalls.java:284)
	at io.grpc.internal.ServerCallImpl$ServerStreamListenerImpl.closedInternal(ServerCallImpl.java:353)
	at io.grpc.internal.ServerCallImpl$ServerStreamListenerImpl.closed(ServerCallImpl.java:341)
	at io.grpc.internal.ServerImpl$JumpToApplicationThreadServerStreamListener$1Closed.runInContext(ServerImpl.java:844)
	at io.grpc.internal.ContextRunnable.run(ContextRunnable.java:37)
	at io.grpc.internal.SerializingExecutor.run(SerializingExecutor.java:123)
	at java.base/java.util.concurrent.ThreadPoolExecutor.runWorker(ThreadPoolExecutor.java:1128)
	at java.base/java.util.concurrent.ThreadPoolExecutor$Worker.run(ThreadPoolExecutor.java:628)
	at java.base/java.lang.Thread.run(Thread.java:829)
*** shutting down gRPC server since JVM is shutting down
