/usr/bin/java -Xmx64G -XX:MaxDirectMemorySize=64G -classpath /root/YCSB/conf:/root/YCSB/core/target/core-0.18.0-SNAPSHOT.jar:/root/YCSB/rocksdb/target/rocksdb-binding-0.18.0-SNAPSHOT.jar:/root/YCSB/rocksdb/target/dependency/HdrHistogram-2.1.4.jar:/root/YCSB/rocksdb/target/dependency/animal-sniffer-annotations-1.19.jar:/root/YCSB/rocksdb/target/dependency/annotations-4.1.1.4.jar:/root/YCSB/rocksdb/target/dependency/checker-compat-qual-2.5.5.jar:/root/YCSB/rocksdb/target/dependency/error_prone_annotations-2.4.0.jar:/root/YCSB/rocksdb/target/dependency/failureaccess-1.0.1.jar:/root/YCSB/rocksdb/target/dependency/grpc-api-1.37.1.jar:/root/YCSB/rocksdb/target/dependency/grpc-context-1.37.1.jar:/root/YCSB/rocksdb/target/dependency/grpc-core-1.37.1.jar:/root/YCSB/rocksdb/target/dependency/grpc-netty-shaded-1.37.1.jar:/root/YCSB/rocksdb/target/dependency/grpc-protobuf-1.37.1.jar:/root/YCSB/rocksdb/target/dependency/grpc-protobuf-lite-1.37.1.jar:/root/YCSB/rocksdb/target/dependency/grpc-stub-1.37.1.jar:/root/YCSB/rocksdb/target/dependency/gson-2.8.6.jar:/root/YCSB/rocksdb/target/dependency/guava-30.0-android.jar:/root/YCSB/rocksdb/target/dependency/htrace-core4-4.1.0-incubating.jar:/root/YCSB/rocksdb/target/dependency/j2objc-annotations-1.3.jar:/root/YCSB/rocksdb/target/dependency/jcip-annotations-1.0.jar:/root/YCSB/rocksdb/target/dependency/jsr305-3.0.2.jar:/root/YCSB/rocksdb/target/dependency/listenablefuture-9999.0-empty-to-avoid-conflict-with-guava.jar:/root/YCSB/rocksdb/target/dependency/perfmark-api-0.23.0.jar:/root/YCSB/rocksdb/target/dependency/proto-google-common-protos-2.0.1.jar:/root/YCSB/rocksdb/target/dependency/protobuf-java-3.12.0.jar:/root/YCSB/rocksdb/target/dependency/rocksdbjni-6.14.0.jar:/root/YCSB/rocksdb/target/dependency/slf4j-api-1.7.25.jar:/root/YCSB/rocksdb/target/dependency/slf4j-simple-1.7.25.jar site.ycsb.db.rocksdb.Replicator  -db site.ycsb.db.rocksdb.RocksDBClient -s -P workloads/workloadd -p port=50040 -p shard=3 -p client=4 -p head0=10.10.1.2:50050 -p tail0=10.10.1.4:50050 -p head1=10.10.1.3:50051 -p tail1=10.10.1.2:50051 -p head2=10.10.1.4:50052 -p tail2=10.10.1.3:50052 -p replica=3
Command line: -db site.ycsb.db.rocksdb.RocksDBClient -s -P workloads/workloadd -p port=50040 -p shard=3 -p client=4 -p head0=10.10.1.2:50050 -p tail0=10.10.1.4:50050 -p head1=10.10.1.3:50051 -p tail1=10.10.1.2:50051 -p head2=10.10.1.4:50052 -p tail2=10.10.1.3:50052 -p replica=3
[main] INFO site.ycsb.db.rocksdb.Replicator - Server started, listening on 50040
observerMap[1] [2] [1] changes from null to io.grpc.stub.ServerCalls$ServerCallStreamObserverImpl@26e2246a
observerAccumulator 1 shard 1
observerMap[0] [1] [1] changes from null to io.grpc.stub.ServerCalls$ServerCallStreamObserverImpl@5b0a7578
observerAccumulator 2 shard 0
observerMap[2] [1] [1] changes from null to io.grpc.stub.ServerCalls$ServerCallStreamObserverImpl@76abc15d
observerAccumulator 3 shard 2
observerMap[0] [2] [1] changes from null to io.grpc.stub.ServerCalls$ServerCallStreamObserverImpl@7288002a
observerMap[1] [3] [1] changes from null to io.grpc.stub.ServerCalls$ServerCallStreamObserverImpl@4b8ea1be
observerAccumulator 4 shard 1
observerAccumulator 5 shard 0
observerMap[0] [0] [1] changes from null to io.grpc.stub.ServerCalls$ServerCallStreamObserverImpl@6750cb0b
observerMap[1] [0] [1] changes from null to io.grpc.stub.ServerCalls$ServerCallStreamObserverImpl@13d77e19
observerMap[2] [2] [1] changes from null to io.grpc.stub.ServerCalls$ServerCallStreamObserverImpl@7e94f4a2
observerMap[0] [3] [1] changes from null to io.grpc.stub.ServerCalls$ServerCallStreamObserverImpl@1887b331
observerAccumulator 6 shard 0
observerAccumulator 7 shard 0
observerAccumulator 8 shard 1
observerAccumulator 9 shard 2
observerMap[1] [1] [1] changes from null to io.grpc.stub.ServerCalls$ServerCallStreamObserverImpl@7acbb21d
observerMap[2] [3] [1] changes from null to io.grpc.stub.ServerCalls$ServerCallStreamObserverImpl@7302963f
observerMap[2] [0] [1] changes from null to io.grpc.stub.ServerCalls$ServerCallStreamObserverImpl@2bb71e5f
observerAccumulator 10 shard 1
observerAccumulator 11 shard 2
observerAccumulator 12 shard 2
observerMap[0] [1] [1] changes from io.grpc.stub.ServerCalls$ServerCallStreamObserverImpl@5b0a7578 to io.grpc.stub.ServerCalls$ServerCallStreamObserverImpl@48874d4e
observerMap[0] [1] [1] changes from io.grpc.stub.ServerCalls$ServerCallStreamObserverImpl@48874d4e to io.grpc.stub.ServerCalls$ServerCallStreamObserverImpl@5b0a7578
observerMap[1] [1] [1] changes from io.grpc.stub.ServerCalls$ServerCallStreamObserverImpl@7acbb21d to io.grpc.stub.ServerCalls$ServerCallStreamObserverImpl@631e7e03
observerMap[0] [2] [1] changes from io.grpc.stub.ServerCalls$ServerCallStreamObserverImpl@7288002a to io.grpc.stub.ServerCalls$ServerCallStreamObserverImpl@30bc754c
observerAccumulator 13 shard 0
observerMap[1] [1] [1] changes from io.grpc.stub.ServerCalls$ServerCallStreamObserverImpl@631e7e03 to io.grpc.stub.ServerCalls$ServerCallStreamObserverImpl@7acbb21d
observerMap[2] [1] [1] changes from io.grpc.stub.ServerCalls$ServerCallStreamObserverImpl@76abc15d to io.grpc.stub.ServerCalls$ServerCallStreamObserverImpl@168e0da0
observerMap[1] [2] [1] changes from io.grpc.stub.ServerCalls$ServerCallStreamObserverImpl@26e2246a to io.grpc.stub.ServerCalls$ServerCallStreamObserverImpl@1c4c36c5
observerAccumulator 15 shard 0
observerMap[0] [2] [1] changes from io.grpc.stub.ServerCalls$ServerCallStreamObserverImpl@30bc754c to io.grpc.stub.ServerCalls$ServerCallStreamObserverImpl@7288002a
observerAccumulator 14 shard 1
observerAccumulator 17 shard 1
observerAccumulator 16 shard 2
observerMap[0] [0] [1] changes from io.grpc.stub.ServerCalls$ServerCallStreamObserverImpl@6750cb0b to io.grpc.stub.ServerCalls$ServerCallStreamObserverImpl@b7ecee8
observerMap[2] [2] [1] changes from io.grpc.stub.ServerCalls$ServerCallStreamObserverImpl@7e94f4a2 to io.grpc.stub.ServerCalls$ServerCallStreamObserverImpl@585193f5
observerAccumulator 18 shard 0
observerAccumulator 19 shard 2
observerMap[0] [3] [1] changes from io.grpc.stub.ServerCalls$ServerCallStreamObserverImpl@1887b331 to io.grpc.stub.ServerCalls$ServerCallStreamObserverImpl@6dccf648
observerAccumulator 20 shard 0
observerMap[1] [2] [1] changes from io.grpc.stub.ServerCalls$ServerCallStreamObserverImpl@1c4c36c5 to io.grpc.stub.ServerCalls$ServerCallStreamObserverImpl@26e2246a
observerMap[0] [0] [1] changes from io.grpc.stub.ServerCalls$ServerCallStreamObserverImpl@b7ecee8 to io.grpc.stub.ServerCalls$ServerCallStreamObserverImpl@6750cb0b
observerMap[2] [0] [1] changes from io.grpc.stub.ServerCalls$ServerCallStreamObserverImpl@2bb71e5f to io.grpc.stub.ServerCalls$ServerCallStreamObserverImpl@10e8d123
observerMap[1] [0] [1] changes from io.grpc.stub.ServerCalls$ServerCallStreamObserverImpl@13d77e19 to io.grpc.stub.ServerCalls$ServerCallStreamObserverImpl@70560ee4
observerAccumulator 21 shard 2
observerAccumulator 22 shard 1
observerMap[2] [0] [1] changes from io.grpc.stub.ServerCalls$ServerCallStreamObserverImpl@10e8d123 to io.grpc.stub.ServerCalls$ServerCallStreamObserverImpl@2bb71e5f
observerMap[1] [3] [1] changes from io.grpc.stub.ServerCalls$ServerCallStreamObserverImpl@4b8ea1be to io.grpc.stub.ServerCalls$ServerCallStreamObserverImpl@13e549f
observerAccumulator 23 shard 1
observerMap[1] [3] [1] changes from io.grpc.stub.ServerCalls$ServerCallStreamObserverImpl@13e549f to io.grpc.stub.ServerCalls$ServerCallStreamObserverImpl@4b8ea1be
observerMap[0] [3] [1] changes from io.grpc.stub.ServerCalls$ServerCallStreamObserverImpl@6dccf648 to io.grpc.stub.ServerCalls$ServerCallStreamObserverImpl@1887b331
observerMap[2] [3] [1] changes from io.grpc.stub.ServerCalls$ServerCallStreamObserverImpl@7302963f to io.grpc.stub.ServerCalls$ServerCallStreamObserverImpl@69e61573
observerAccumulator 24 shard 2
observerMap[2] [3] [1] changes from io.grpc.stub.ServerCalls$ServerCallStreamObserverImpl@69e61573 to io.grpc.stub.ServerCalls$ServerCallStreamObserverImpl@7302963f
headObserver.onCompleted shard: 1 client: 3 write:true 2022-12-09 14:18:50.755
sendReply.onError shard: -1 client: -1 write:false 2022-12-09 14:18:50.756
[grpc-default-executor-37] ERROR site.ycsb.db.rocksdb.Replicator - Encountered error in sendReplyheadObserver.onCompleted shard: 0 client: 3 write:true 2022-12-09 14:18:50.755

sendReply.onError shard: 2 client: 3 write:true 2022-12-09 14:18:50.756
[grpc-default-executor-31] ERROR site.ycsb.db.rocksdb.Replicator - Encountered error in sendReply
dumbObserver.onCompleted shard: 2 client: 3 write:true 2022-12-09 14:18:50.761
io.grpc.StatusRuntimeException: CANCELLED: client cancelledheadObserver.onCompleted shard: 1 client: 3 write:true 2022-12-09 14:18:50.755

sendReply.onError shard: -1 client: -1 write:false 2022-12-09 14:18:50.756
headObserver.onCompleted shard: 2 client: 3 write:true 2022-12-09 14:18:50.755
dumbObserver.onCompleted shard: 0 client: 3 write:true 2022-12-09 14:18:50.761
dumbObserver.onError shard: 2 client: 3 write:true 2022-12-09 14:18:50.762
sendReply.onError shard: 1 client: 3 write:true 2022-12-09 14:18:50.756
dumbObserver.onError shard: 1 client: 3 write:true 2022-12-09 14:18:50.762
sendReply.onError shard: 0 client: 3 write:true 2022-12-09 14:18:50.756
	at io.grpc.Status.asRuntimeException(Status.java:526)
dumbObserver.onError shard: 0 client: 3 write:true 2022-12-09 14:18:50.762	at io.grpc.stub.ServerCalls$StreamingServerCallHandler$StreamingServerCallListener.onCancel(ServerCalls.java:284)

	at io.grpc.internal.ServerCallImpl$ServerStreamListenerImpl.closedInternal(ServerCallImpl.java:353)
	at io.grpc.internal.ServerCallImpl$ServerStreamListenerImpl.closed(ServerCallImpl.java:341)dumbObserver.onCompleted shard: 1 client: 3 write:true 2022-12-09 14:18:50.761

	at io.grpc.internal.ServerImpl$JumpToApplicationThreadServerStreamListener$1Closed.runInContext(ServerImpl.java:844)
sendReply.onError shard: -1 client: -1 write:false 2022-12-09 14:18:50.756	at io.grpc.internal.ContextRunnable.run(ContextRunnable.java:37)

	at io.grpc.internal.SerializingExecutor.run(SerializingExecutor.java:123)
headObserver.onCompleted shard: 2 client: 3 write:true 2022-12-09 14:18:50.755
	at java.base/java.util.concurrent.ThreadPoolExecutor.runWorker(ThreadPoolExecutor.java:1128)
	at java.base/java.util.concurrent.ThreadPoolExecutor$Worker.run(ThreadPoolExecutor.java:628)
headObserver.onCompleted shard: 0 client: 3 write:true 2022-12-09 14:18:50.755	at java.base/java.lang.Thread.run(Thread.java:829)

[grpc-default-executor-32] ERROR site.ycsb.db.rocksdb.Replicator - Encountered error in sendReply
[grpc-default-executor-33] ERROR site.ycsb.db.rocksdb.Replicator - Encountered error in sendReply
[grpc-default-executor-0] ERROR site.ycsb.db.rocksdb.Replicator - Encountered error in sendReply
[grpc-default-executor-20] ERROR site.ycsb.db.rocksdb.Replicator - Encountered error in sendReply
io.grpc.StatusRuntimeException: CANCELLED: client cancelled
	at io.grpc.Status.asRuntimeException(Status.java:526)
	at io.grpc.stub.ServerCalls$StreamingServerCallHandler$StreamingServerCallListener.onCancel(ServerCalls.java:284)
	at io.grpc.internal.ServerCallImpl$ServerStreamListenerImpl.closedInternal(ServerCallImpl.java:353)
	at io.grpc.internal.ServerCallImpl$ServerStreamListenerImpl.closed(ServerCallImpl.java:341)
	at io.grpc.internal.ServerImpl$JumpToApplicationThreadServerStreamListener$1Closed.runInContext(ServerImpl.java:844)
	at io.grpc.internal.ContextRunnable.run(ContextRunnable.java:37)
	at io.grpc.internal.SerializingExecutor.run(SerializingExecutor.java:123)
	at java.base/java.util.concurrent.ThreadPoolExecutor.runWorker(ThreadPoolExecutor.java:1128)
	at java.base/java.util.concurrent.ThreadPoolExecutor$Worker.run(ThreadPoolExecutor.java:628)
	at java.base/java.lang.Thread.run(Thread.java:829)
io.grpc.StatusRuntimeException: CANCELLED: client cancelled
	at io.grpc.Status.asRuntimeException(Status.java:526)
	at io.grpc.stub.ServerCalls$StreamingServerCallHandler$StreamingServerCallListener.onCancel(ServerCalls.java:284)
	at io.grpc.internal.ServerCallImpl$ServerStreamListenerImpl.closedInternal(ServerCallImpl.java:353)
	at io.grpc.internal.ServerCallImpl$ServerStreamListenerImpl.closed(ServerCallImpl.java:341)
	at io.grpc.internal.ServerImpl$JumpToApplicationThreadServerStreamListener$1Closed.runInContext(ServerImpl.java:844)
	at io.grpc.internal.ContextRunnable.run(ContextRunnable.java:37)
	at io.grpc.internal.SerializingExecutor.run(SerializingExecutor.java:123)
	at java.base/java.util.concurrent.ThreadPoolExecutor.runWorker(ThreadPoolExecutor.java:1128)
	at java.base/java.util.concurrent.ThreadPoolExecutor$Worker.run(ThreadPoolExecutor.java:628)
	at java.base/java.lang.Thread.run(Thread.java:829)
io.grpc.StatusRuntimeException: CANCELLED: client cancelled
	at io.grpc.Status.asRuntimeException(Status.java:526)
	at io.grpc.stub.ServerCalls$StreamingServerCallHandler$StreamingServerCallListener.onCancel(ServerCalls.java:284)
	at io.grpc.internal.ServerCallImpl$ServerStreamListenerImpl.closedInternal(ServerCallImpl.java:353)
	at io.grpc.internal.ServerCallImpl$ServerStreamListenerImpl.closed(ServerCallImpl.java:341)
	at io.grpc.internal.ServerImpl$JumpToApplicationThreadServerStreamListener$1Closed.runInContext(ServerImpl.java:844)
	at io.grpc.internal.ContextRunnable.run(ContextRunnable.java:37)
	at io.grpc.internal.SerializingExecutor.run(SerializingExecutor.java:123)
	at java.base/java.util.concurrent.ThreadPoolExecutor.runWorker(ThreadPoolExecutor.java:1128)
	at java.base/java.util.concurrent.ThreadPoolExecutor$Worker.run(ThreadPoolExecutor.java:628)
	at java.base/java.lang.Thread.run(Thread.java:829)
io.grpc.StatusRuntimeException: CANCELLED: client cancelled
	at io.grpc.Status.asRuntimeException(Status.java:526)
	at io.grpc.stub.ServerCalls$StreamingServerCallHandler$StreamingServerCallListener.onCancel(ServerCalls.java:284)
	at io.grpc.internal.ServerCallImpl$ServerStreamListenerImpl.closedInternal(ServerCallImpl.java:353)
	at io.grpc.internal.ServerCallImpl$ServerStreamListenerImpl.closed(ServerCallImpl.java:341)
	at io.grpc.internal.ServerImpl$JumpToApplicationThreadServerStreamListener$1Closed.runInContext(ServerImpl.java:844)
	at io.grpc.internal.ContextRunnable.run(ContextRunnable.java:37)
	at io.grpc.internal.SerializingExecutor.run(SerializingExecutor.java:123)
	at java.base/java.util.concurrent.ThreadPoolExecutor.runWorker(ThreadPoolExecutor.java:1128)
	at java.base/java.util.concurrent.ThreadPoolExecutor$Worker.run(ThreadPoolExecutor.java:628)
	at java.base/java.lang.Thread.run(Thread.java:829)
io.grpc.StatusRuntimeException: CANCELLED: client cancelled
	at io.grpc.Status.asRuntimeException(Status.java:526)
	at io.grpc.stub.ServerCalls$StreamingServerCallHandler$StreamingServerCallListener.onCancel(ServerCalls.java:284)
	at io.grpc.internal.ServerCallImpl$ServerStreamListenerImpl.closedInternal(ServerCallImpl.java:353)
	at io.grpc.internal.ServerCallImpl$ServerStreamListenerImpl.closed(ServerCallImpl.java:341)
	at io.grpc.internal.ServerImpl$JumpToApplicationThreadServerStreamListener$1Closed.runInContext(ServerImpl.java:844)
	at io.grpc.internal.ContextRunnable.run(ContextRunnable.java:37)
	at io.grpc.internal.SerializingExecutor.run(SerializingExecutor.java:123)
	at java.base/java.util.concurrent.ThreadPoolExecutor.runWorker(ThreadPoolExecutor.java:1128)
	at java.base/java.util.concurrent.ThreadPoolExecutor$Worker.run(ThreadPoolExecutor.java:628)
	at java.base/java.lang.Thread.run(Thread.java:829)
headObserver.onCompleted shard: 0 client: 1 write:true 2022-12-09 14:18:50.789
headObserver.onCompleted shard: 1 client: 1 write:true 2022-12-09 14:18:50.789
headObserver.onCompleted shard: 1 client: 1 write:true 2022-12-09 14:18:50.789
headObserver.onCompleted shard: 2 client: 1 write:true 2022-12-09 14:18:50.789
headObserver.onCompleted shard: 2 client: 1 write:true 2022-12-09 14:18:50.789
headObserver.onCompleted shard: 0 client: 1 write:true 2022-12-09 14:18:50.789
sendReply.onError shard: 1 client: 1 write:true 2022-12-09 14:18:50.79
[grpc-default-executor-32] ERROR site.ycsb.db.rocksdb.Replicator - Encountered error in sendReply
sendReply.onError shard: -1 client: -1 write:false 2022-12-09 14:18:50.79io.grpc.StatusRuntimeException: CANCELLED: client cancelled

sendReply.onError shard: -1 client: -1 write:false 2022-12-09 14:18:50.79
	at io.grpc.Status.asRuntimeException(Status.java:526)sendReply.onError shard: -1 client: -1 write:false 2022-12-09 14:18:50.79

	at io.grpc.stub.ServerCalls$StreamingServerCallHandler$StreamingServerCallListener.onCancel(ServerCalls.java:284)
	at io.grpc.internal.ServerCallImpl$ServerStreamListenerImpl.closedInternal(ServerCallImpl.java:353)
	at io.grpc.internal.ServerCallImpl$ServerStreamListenerImpl.closed(ServerCallImpl.java:341)
	at io.grpc.internal.ServerImpl$JumpToApplicationThreadServerStreamListener$1Closed.runInContext(ServerImpl.java:844)sendReply.onError shard: 0 client: 1 write:true 2022-12-09 14:18:50.79

	at io.grpc.internal.ContextRunnable.run(ContextRunnable.java:37)
	at io.grpc.internal.SerializingExecutor.run(SerializingExecutor.java:123)
	at java.base/java.util.concurrent.ThreadPoolExecutor.runWorker(ThreadPoolExecutor.java:1128)
	at java.base/java.util.concurrent.ThreadPoolExecutor$Worker.run(ThreadPoolExecutor.java:628)
	at java.base/java.lang.Thread.run(Thread.java:829)
[grpc-default-executor-37] ERROR site.ycsb.db.rocksdb.Replicator - Encountered error in sendReply
[grpc-default-executor-20] ERROR site.ycsb.db.rocksdb.Replicator - Encountered error in sendReply
[grpc-default-executor-24] ERROR site.ycsb.db.rocksdb.Replicator - Encountered error in sendReply
[grpc-default-executor-0] ERROR site.ycsb.db.rocksdb.Replicator - Encountered error in sendReply
io.grpc.StatusRuntimeException: CANCELLED: client cancelled
dumbObserver.onCompleted shard: 2 client: 1 write:true 2022-12-09 14:18:50.79
	at io.grpc.Status.asRuntimeException(Status.java:526)
	at io.grpc.stub.ServerCalls$StreamingServerCallHandler$StreamingServerCallListener.onCancel(ServerCalls.java:284)
dumbObserver.onCompleted shard: 1 client: 1 write:true 2022-12-09 14:18:50.79	at io.grpc.internal.ServerCallImpl$ServerStreamListenerImpl.closedInternal(ServerCallImpl.java:353)

	at io.grpc.internal.ServerCallImpl$ServerStreamListenerImpl.closed(ServerCallImpl.java:341)
	at io.grpc.internal.ServerImpl$JumpToApplicationThreadServerStreamListener$1Closed.runInContext(ServerImpl.java:844)
	at io.grpc.internal.ContextRunnable.run(ContextRunnable.java:37)
	at io.grpc.internal.SerializingExecutor.run(SerializingExecutor.java:123)
	at java.base/java.util.concurrent.ThreadPoolExecutor.runWorker(ThreadPoolExecutor.java:1128)
	at java.base/java.util.concurrent.ThreadPoolExecutor$Worker.run(ThreadPoolExecutor.java:628)
sendReply.onError shard: 2 client: 1 write:true 2022-12-09 14:18:50.79	at java.base/java.lang.Thread.run(Thread.java:829)

io.grpc.StatusRuntimeException: CANCELLED: client cancelled
dumbObserver.onCompleted shard: 1 client: 1 write:true 2022-12-09 14:18:50.791	at io.grpc.Status.asRuntimeException(Status.java:526)

	at io.grpc.stub.ServerCalls$StreamingServerCallHandler$StreamingServerCallListener.onCancel(ServerCalls.java:284)
	at io.grpc.internal.ServerCallImpl$ServerStreamListenerImpl.closedInternal(ServerCallImpl.java:353)
	at io.grpc.internal.ServerCallImpl$ServerStreamListenerImpl.closed(ServerCallImpl.java:341)
	at io.grpc.internal.ServerImpl$JumpToApplicationThreadServerStreamListener$1Closed.runInContext(ServerImpl.java:844)
	at io.grpc.internal.ContextRunnable.run(ContextRunnable.java:37)
	at io.grpc.internal.SerializingExecutor.run(SerializingExecutor.java:123)
	at java.base/java.util.concurrent.ThreadPoolExecutor.runWorker(ThreadPoolExecutor.java:1128)
	at java.base/java.util.concurrent.ThreadPoolExecutor$Worker.run(ThreadPoolExecutor.java:628)
	at java.base/java.lang.Thread.run(Thread.java:829)
[grpc-default-executor-33] ERROR site.ycsb.db.rocksdb.Replicator - Encountered error in sendReply
io.grpc.StatusRuntimeException: CANCELLED: client cancelled
	at io.grpc.Status.asRuntimeException(Status.java:526)
	at io.grpc.stub.ServerCalls$StreamingServerCallHandler$StreamingServerCallListener.onCancel(ServerCalls.java:284)
	at io.grpc.internal.ServerCallImpl$ServerStreamListenerImpl.closedInternal(ServerCallImpl.java:353)
	at io.grpc.internal.ServerCallImpl$ServerStreamListenerImpl.closed(ServerCallImpl.java:341)
	at io.grpc.internal.ServerImpl$JumpToApplicationThreadServerStreamListener$1Closed.runInContext(ServerImpl.java:844)
	at io.grpc.internal.ContextRunnable.run(ContextRunnable.java:37)
dumbObserver.onCompleted shard: 0 client: 1 write:true 2022-12-09 14:18:50.792	at io.grpc.internal.SerializingExecutor.run(SerializingExecutor.java:123)

dumbObserver.onCompleted shard: 2 client: 1 write:true 2022-12-09 14:18:50.792
	at java.base/java.util.concurrent.ThreadPoolExecutor.runWorker(ThreadPoolExecutor.java:1128)
	at java.base/java.util.concurrent.ThreadPoolExecutor$Worker.run(ThreadPoolExecutor.java:628)
	at java.base/java.lang.Thread.run(Thread.java:829)
dumbObserver.onCompleted shard: 0 client: 1 write:true 2022-12-09 14:18:50.792io.grpc.StatusRuntimeException: CANCELLED: client cancelled

	at io.grpc.Status.asRuntimeException(Status.java:526)
	at io.grpc.stub.ServerCalls$StreamingServerCallHandler$StreamingServerCallListener.onCancel(ServerCalls.java:284)
	at io.grpc.internal.ServerCallImpl$ServerStreamListenerImpl.closedInternal(ServerCallImpl.java:353)
	at io.grpc.internal.ServerCallImpl$ServerStreamListenerImpl.closed(ServerCallImpl.java:341)
	at io.grpc.internal.ServerImpl$JumpToApplicationThreadServerStreamListener$1Closed.runInContext(ServerImpl.java:844)
	at io.grpc.internal.ContextRunnable.run(ContextRunnable.java:37)
	at io.grpc.internal.SerializingExecutor.run(SerializingExecutor.java:123)
	at java.base/java.util.concurrent.ThreadPoolExecutor.runWorker(ThreadPoolExecutor.java:1128)
	at java.base/java.util.concurrent.ThreadPoolExecutor$Worker.run(ThreadPoolExecutor.java:628)
	at java.base/java.lang.Thread.run(Thread.java:829)
io.grpc.StatusRuntimeException: CANCELLED: client cancelled
	at io.grpc.Status.asRuntimeException(Status.java:526)
	at io.grpc.stub.ServerCalls$StreamingServerCallHandler$StreamingServerCallListener.onCancel(ServerCalls.java:284)
	at io.grpc.internal.ServerCallImpl$ServerStreamListenerImpl.closedInternal(ServerCallImpl.java:353)
	at io.grpc.internal.ServerCallImpl$ServerStreamListenerImpl.closed(ServerCallImpl.java:341)
	at io.grpc.internal.ServerImpl$JumpToApplicationThreadServerStreamListener$1Closed.runInContext(ServerImpl.java:844)
	at io.grpc.internal.ContextRunnable.run(ContextRunnable.java:37)
	at io.grpc.internal.SerializingExecutor.run(SerializingExecutor.java:123)
	at java.base/java.util.concurrent.ThreadPoolExecutor.runWorker(ThreadPoolExecutor.java:1128)
	at java.base/java.util.concurrent.ThreadPoolExecutor$Worker.run(ThreadPoolExecutor.java:628)
	at java.base/java.lang.Thread.run(Thread.java:829)
headObserver.onCompleted shard: 0 client: 0 write:true 2022-12-09 14:18:50.822
headObserver.onCompleted shard: 2 client: 0 write:true 2022-12-09 14:18:50.822
headObserver.onCompleted shard: 2 client: 0 write:true 2022-12-09 14:18:50.822
headObserver.onCompleted shard: 1 client: 0 write:true 2022-12-09 14:18:50.822
headObserver.onCompleted shard: 1 client: 0 write:true 2022-12-09 14:18:50.822
headObserver.onCompleted shard: 0 client: 0 write:true 2022-12-09 14:18:50.822
sendReply.onError shard: -1 client: -1 write:false 2022-12-09 14:18:50.822
[grpc-default-executor-20] ERROR site.ycsb.db.rocksdb.Replicator - Encountered error in sendReply
io.grpc.StatusRuntimeException: CANCELLED: client cancelled
	at io.grpc.Status.asRuntimeException(Status.java:526)
	at io.grpc.stub.ServerCalls$StreamingServerCallHandler$StreamingServerCallListener.onCancel(ServerCalls.java:284)
	at io.grpc.internal.ServerCallImpl$ServerStreamListenerImpl.closedInternal(ServerCallImpl.java:353)
	at io.grpc.internal.ServerCallImpl$ServerStreamListenerImpl.closed(ServerCallImpl.java:341)sendReply.onError shard: -1 client: -1 write:false 2022-12-09 14:18:50.823

	at io.grpc.internal.ServerImpl$JumpToApplicationThreadServerStreamListener$1Closed.runInContext(ServerImpl.java:844)
sendReply.onError shard: 0 client: 0 write:true 2022-12-09 14:18:50.823	at io.grpc.internal.ContextRunnable.run(ContextRunnable.java:37)

dumbObserver.onCompleted shard: 2 client: 0 write:true 2022-12-09 14:18:50.823	at io.grpc.internal.SerializingExecutor.run(SerializingExecutor.java:123)

	at java.base/java.util.concurrent.ThreadPoolExecutor.runWorker(ThreadPoolExecutor.java:1128)sendReply.onError shard: 1 client: 0 write:true 2022-12-09 14:18:50.823

	at java.base/java.util.concurrent.ThreadPoolExecutor$Worker.run(ThreadPoolExecutor.java:628)
sendReply.onError shard: -1 client: -1 write:false 2022-12-09 14:18:50.823
	at java.base/java.lang.Thread.run(Thread.java:829)sendReply.onError shard: 2 client: 0 write:true 2022-12-09 14:18:50.823

[grpc-default-executor-31] ERROR site.ycsb.db.rocksdb.Replicator - Encountered error in sendReply
dumbObserver.onCompleted shard: 2 client: 0 write:true 2022-12-09 14:18:50.824[grpc-default-executor-33] ERROR site.ycsb.db.rocksdb.Replicator - Encountered error in sendReply

io.grpc.StatusRuntimeException: CANCELLED: client cancelled
dumbObserver.onCompleted shard: 1 client: 0 write:true 2022-12-09 14:18:50.824	at io.grpc.Status.asRuntimeException(Status.java:526)

dumbObserver.onCompleted shard: 0 client: 0 write:true 2022-12-09 14:18:50.824	at io.grpc.stub.ServerCalls$StreamingServerCallHandler$StreamingServerCallListener.onCancel(ServerCalls.java:284)

	at io.grpc.internal.ServerCallImpl$ServerStreamListenerImpl.closedInternal(ServerCallImpl.java:353)
	at io.grpc.internal.ServerCallImpl$ServerStreamListenerImpl.closed(ServerCallImpl.java:341)
	at io.grpc.internal.ServerImpl$JumpToApplicationThreadServerStreamListener$1Closed.runInContext(ServerImpl.java:844)
	at io.grpc.internal.ContextRunnable.run(ContextRunnable.java:37)
	at io.grpc.internal.SerializingExecutor.run(SerializingExecutor.java:123)
	at java.base/java.util.concurrent.ThreadPoolExecutor.runWorker(ThreadPoolExecutor.java:1128)
	at java.base/java.util.concurrent.ThreadPoolExecutor$Worker.run(ThreadPoolExecutor.java:628)
dumbObserver.onCompleted shard: 0 client: 0 write:true 2022-12-09 14:18:50.825
dumbObserver.onCompleted shard: 1 client: 0 write:true 2022-12-09 14:18:50.825	at java.base/java.lang.Thread.run(Thread.java:829)

[grpc-default-executor-30] ERROR site.ycsb.db.rocksdb.Replicator - Encountered error in sendReply
[grpc-default-executor-32] ERROR site.ycsb.db.rocksdb.Replicator - Encountered error in sendReply
io.grpc.StatusRuntimeException: CANCELLED: client cancelled
	at io.grpc.Status.asRuntimeException(Status.java:526)
	at io.grpc.stub.ServerCalls$StreamingServerCallHandler$StreamingServerCallListener.onCancel(ServerCalls.java:284)
	at io.grpc.internal.ServerCallImpl$ServerStreamListenerImpl.closedInternal(ServerCallImpl.java:353)
	at io.grpc.internal.ServerCallImpl$ServerStreamListenerImpl.closed(ServerCallImpl.java:341)
	at io.grpc.internal.ServerImpl$JumpToApplicationThreadServerStreamListener$1Closed.runInContext(ServerImpl.java:844)
	at io.grpc.internal.ContextRunnable.run(ContextRunnable.java:37)
	at io.grpc.internal.SerializingExecutor.run(SerializingExecutor.java:123)
	at java.base/java.util.concurrent.ThreadPoolExecutor.runWorker(ThreadPoolExecutor.java:1128)
	at java.base/java.util.concurrent.ThreadPoolExecutor$Worker.run(ThreadPoolExecutor.java:628)
	at java.base/java.lang.Thread.run(Thread.java:829)
io.grpc.StatusRuntimeException: CANCELLED: client cancelled
	at io.grpc.Status.asRuntimeException(Status.java:526)
	at io.grpc.stub.ServerCalls$StreamingServerCallHandler$StreamingServerCallListener.onCancel(ServerCalls.java:284)
	at io.grpc.internal.ServerCallImpl$ServerStreamListenerImpl.closedInternal(ServerCallImpl.java:353)
	at io.grpc.internal.ServerCallImpl$ServerStreamListenerImpl.closed(ServerCallImpl.java:341)
	at io.grpc.internal.ServerImpl$JumpToApplicationThreadServerStreamListener$1Closed.runInContext(ServerImpl.java:844)
	at io.grpc.internal.ContextRunnable.run(ContextRunnable.java:37)
	at io.grpc.internal.SerializingExecutor.run(SerializingExecutor.java:123)
	at java.base/java.util.concurrent.ThreadPoolExecutor.runWorker(ThreadPoolExecutor.java:1128)
	at java.base/java.util.concurrent.ThreadPoolExecutor$Worker.run(ThreadPoolExecutor.java:628)
	at java.base/java.lang.Thread.run(Thread.java:829)
[grpc-default-executor-0] ERROR site.ycsb.db.rocksdb.Replicator - Encountered error in sendReply
io.grpc.StatusRuntimeException: CANCELLED: client cancelled
	at io.grpc.Status.asRuntimeException(Status.java:526)
	at io.grpc.stub.ServerCalls$StreamingServerCallHandler$StreamingServerCallListener.onCancel(ServerCalls.java:284)
	at io.grpc.internal.ServerCallImpl$ServerStreamListenerImpl.closedInternal(ServerCallImpl.java:353)
	at io.grpc.internal.ServerCallImpl$ServerStreamListenerImpl.closed(ServerCallImpl.java:341)
	at io.grpc.internal.ServerImpl$JumpToApplicationThreadServerStreamListener$1Closed.runInContext(ServerImpl.java:844)
	at io.grpc.internal.ContextRunnable.run(ContextRunnable.java:37)
	at io.grpc.internal.SerializingExecutor.run(SerializingExecutor.java:123)
	at java.base/java.util.concurrent.ThreadPoolExecutor.runWorker(ThreadPoolExecutor.java:1128)
	at java.base/java.util.concurrent.ThreadPoolExecutor$Worker.run(ThreadPoolExecutor.java:628)
	at java.base/java.lang.Thread.run(Thread.java:829)
io.grpc.StatusRuntimeException: CANCELLED: client cancelled
	at io.grpc.Status.asRuntimeException(Status.java:526)
	at io.grpc.stub.ServerCalls$StreamingServerCallHandler$StreamingServerCallListener.onCancel(ServerCalls.java:284)
	at io.grpc.internal.ServerCallImpl$ServerStreamListenerImpl.closedInternal(ServerCallImpl.java:353)
	at io.grpc.internal.ServerCallImpl$ServerStreamListenerImpl.closed(ServerCallImpl.java:341)
	at io.grpc.internal.ServerImpl$JumpToApplicationThreadServerStreamListener$1Closed.runInContext(ServerImpl.java:844)
	at io.grpc.internal.ContextRunnable.run(ContextRunnable.java:37)
	at io.grpc.internal.SerializingExecutor.run(SerializingExecutor.java:123)
	at java.base/java.util.concurrent.ThreadPoolExecutor.runWorker(ThreadPoolExecutor.java:1128)
	at java.base/java.util.concurrent.ThreadPoolExecutor$Worker.run(ThreadPoolExecutor.java:628)
	at java.base/java.lang.Thread.run(Thread.java:829)
headObserver.onCompleted shard: 0 client: 2 write:true 2022-12-09 14:18:51.96
headObserver.onCompleted shard: 2 client: 2 write:true 2022-12-09 14:18:51.96
headObserver.onCompleted shard: 1 client: 2 write:true 2022-12-09 14:18:51.96
headObserver.onCompleted shard: 0 client: 2 write:true 2022-12-09 14:18:51.96
headObserver.onCompleted shard: 2 client: 2 write:true 2022-12-09 14:18:51.96
headObserver.onCompleted shard: 1 client: 2 write:true 2022-12-09 14:18:51.96
sendReply.onError shard: -1 client: -1 write:false 2022-12-09 14:18:51.961
[grpc-default-executor-33] ERROR site.ycsb.db.rocksdb.Replicator - Encountered error in sendReply
io.grpc.StatusRuntimeException: CANCELLED: client cancelled
sendReply.onError shard: 1 client: 2 write:true 2022-12-09 14:18:51.961
sendReply.onError shard: -1 client: -1 write:false 2022-12-09 14:18:51.961
	at io.grpc.Status.asRuntimeException(Status.java:526)
	at io.grpc.stub.ServerCalls$StreamingServerCallHandler$StreamingServerCallListener.onCancel(ServerCalls.java:284)
	at io.grpc.internal.ServerCallImpl$ServerStreamListenerImpl.closedInternal(ServerCallImpl.java:353)
	at io.grpc.internal.ServerCallImpl$ServerStreamListenerImpl.closed(ServerCallImpl.java:341)
	at io.grpc.internal.ServerImpl$JumpToApplicationThreadServerStreamListener$1Closed.runInContext(ServerImpl.java:844)
	at io.grpc.internal.ContextRunnable.run(ContextRunnable.java:37)
	at io.grpc.internal.SerializingExecutor.run(SerializingExecutor.java:123)
	at java.base/java.util.concurrent.ThreadPoolExecutor.runWorker(ThreadPoolExecutor.java:1128)
	at java.base/java.util.concurrent.ThreadPoolExecutor$Worker.run(ThreadPoolExecutor.java:628)
	at java.base/java.lang.Thread.run(Thread.java:829)
[grpc-default-executor-31] ERROR site.ycsb.db.rocksdb.Replicator - Encountered error in sendReply
[grpc-default-executor-37] ERROR site.ycsb.db.rocksdb.Replicator - Encountered error in sendReply
io.grpc.StatusRuntimeException: CANCELLED: client cancelled
	at io.grpc.Status.asRuntimeException(Status.java:526)
	at io.grpc.stub.ServerCalls$StreamingServerCallHandler$StreamingServerCallListener.onCancel(ServerCalls.java:284)
	at io.grpc.internal.ServerCallImpl$ServerStreamListenerImpl.closedInternal(ServerCallImpl.java:353)
	at io.grpc.internal.ServerCallImpl$ServerStreamListenerImpl.closed(ServerCallImpl.java:341)
sendReply.onError shard: 2 client: 2 write:true 2022-12-09 14:18:51.961	at io.grpc.internal.ServerImpl$JumpToApplicationThreadServerStreamListener$1Closed.runInContext(ServerImpl.java:844)

	at io.grpc.internal.ContextRunnable.run(ContextRunnable.java:37)
	at io.grpc.internal.SerializingExecutor.run(SerializingExecutor.java:123)
	at java.base/java.util.concurrent.ThreadPoolExecutor.runWorker(ThreadPoolExecutor.java:1128)
	at java.base/java.util.concurrent.ThreadPoolExecutor$Worker.run(ThreadPoolExecutor.java:628)
	at java.base/java.lang.Thread.run(Thread.java:829)
[grpc-default-executor-30] ERROR site.ycsb.db.rocksdb.Replicator - Encountered error in sendReplydumbObserver.onCompleted shard: 0 client: 2 write:true 2022-12-09 14:18:51.961

io.grpc.StatusRuntimeException: CANCELLED: client cancelleddumbObserver.onCompleted shard: 2 client: 2 write:true 2022-12-09 14:18:51.961

	at io.grpc.Status.asRuntimeException(Status.java:526)
	at io.grpc.stub.ServerCalls$StreamingServerCallHandler$StreamingServerCallListener.onCancel(ServerCalls.java:284)
	at io.grpc.internal.ServerCallImpl$ServerStreamListenerImpl.closedInternal(ServerCallImpl.java:353)
	at io.grpc.internal.ServerCallImpl$ServerStreamListenerImpl.closed(ServerCallImpl.java:341)
	at io.grpc.internal.ServerImpl$JumpToApplicationThreadServerStreamListener$1Closed.runInContext(ServerImpl.java:844)
	at io.grpc.internal.ContextRunnable.run(ContextRunnable.java:37)
	at io.grpc.internal.SerializingExecutor.run(SerializingExecutor.java:123)
	at java.base/java.util.concurrent.ThreadPoolExecutor.runWorker(ThreadPoolExecutor.java:1128)
	at java.base/java.util.concurrent.ThreadPoolExecutor$Worker.run(ThreadPoolExecutor.java:628)
	at java.base/java.lang.Thread.run(Thread.java:829)
io.grpc.StatusRuntimeException: CANCELLED: client cancelled
	at io.grpc.Status.asRuntimeException(Status.java:526)
	at io.grpc.stub.ServerCalls$StreamingServerCallHandler$StreamingServerCallListener.onCancel(ServerCalls.java:284)
	at io.grpc.internal.ServerCallImpl$ServerStreamListenerImpl.closedInternal(ServerCallImpl.java:353)
	at io.grpc.internal.ServerCallImpl$ServerStreamListenerImpl.closed(ServerCallImpl.java:341)
	at io.grpc.internal.ServerImpl$JumpToApplicationThreadServerStreamListener$1Closed.runInContext(ServerImpl.java:844)
	at io.grpc.internal.ContextRunnable.run(ContextRunnable.java:37)
	at io.grpc.internal.SerializingExecutor.run(SerializingExecutor.java:123)
	at java.base/java.util.concurrent.ThreadPoolExecutor.runWorker(ThreadPoolExecutor.java:1128)
	at java.base/java.util.concurrent.ThreadPoolExecutor$Worker.run(ThreadPoolExecutor.java:628)
	at java.base/java.lang.Thread.run(Thread.java:829)
dumbObserver.onCompleted shard: 1 client: 2 write:true 2022-12-09 14:18:51.962
dumbObserver.onCompleted shard: 2 client: 2 write:true 2022-12-09 14:18:51.962
dumbObserver.onError shard: 0 client: 2 write:true 2022-12-09 14:18:51.963
dumbObserver.onError shard: 1 client: 2 write:true 2022-12-09 14:18:51.963
sendReply.onError shard: -1 client: -1 write:false 2022-12-09 14:18:51.964
[grpc-default-executor-33] ERROR site.ycsb.db.rocksdb.Replicator - Encountered error in sendReply
io.grpc.StatusRuntimeException: CANCELLED: client cancelled
	at io.grpc.Status.asRuntimeException(Status.java:526)
	at io.grpc.stub.ServerCalls$StreamingServerCallHandler$StreamingServerCallListener.onCancel(ServerCalls.java:284)
	at io.grpc.internal.ServerCallImpl$ServerStreamListenerImpl.closedInternal(ServerCallImpl.java:353)
	at io.grpc.internal.ServerCallImpl$ServerStreamListenerImpl.closed(ServerCallImpl.java:341)
	at io.grpc.internal.ServerImpl$JumpToApplicationThreadServerStreamListener$1Closed.runInContext(ServerImpl.java:844)
	at io.grpc.internal.ContextRunnable.run(ContextRunnable.java:37)
	at io.grpc.internal.SerializingExecutor.run(SerializingExecutor.java:123)
	at java.base/java.util.concurrent.ThreadPoolExecutor.runWorker(ThreadPoolExecutor.java:1128)
	at java.base/java.util.concurrent.ThreadPoolExecutor$Worker.run(ThreadPoolExecutor.java:628)
	at java.base/java.lang.Thread.run(Thread.java:829)
sendReply.onError shard: 0 client: 2 write:true 2022-12-09 14:18:52.012
[grpc-default-executor-37] ERROR site.ycsb.db.rocksdb.Replicator - Encountered error in sendReply
io.grpc.StatusRuntimeException: CANCELLED: client cancelled
	at io.grpc.Status.asRuntimeException(Status.java:526)
	at io.grpc.stub.ServerCalls$StreamingServerCallHandler$StreamingServerCallListener.onCancel(ServerCalls.java:284)
	at io.grpc.internal.ServerCallImpl$ServerStreamListenerImpl.closedInternal(ServerCallImpl.java:353)
	at io.grpc.internal.ServerCallImpl$ServerStreamListenerImpl.closed(ServerCallImpl.java:341)
	at io.grpc.internal.ServerImpl$JumpToApplicationThreadServerStreamListener$1Closed.runInContext(ServerImpl.java:844)
	at io.grpc.internal.ContextRunnable.run(ContextRunnable.java:37)
	at io.grpc.internal.SerializingExecutor.run(SerializingExecutor.java:123)
	at java.base/java.util.concurrent.ThreadPoolExecutor.runWorker(ThreadPoolExecutor.java:1128)
	at java.base/java.util.concurrent.ThreadPoolExecutor$Worker.run(ThreadPoolExecutor.java:628)
	at java.base/java.lang.Thread.run(Thread.java:829)
observerMap[1] [1] [0] changes from null to io.grpc.stub.ServerCalls$ServerCallStreamObserverImpl@6c8ff9e
observerMap[0] [2] [0] changes from null to io.grpc.stub.ServerCalls$ServerCallStreamObserverImpl@61cfba81
observerAccumulator 25 shard 1
observerAccumulator 26 shard 0
observerMap[0] [3] [0] changes from null to io.grpc.stub.ServerCalls$ServerCallStreamObserverImpl@154ec44d
observerAccumulator 27 shard 0
observerMap[2] [3] [0] changes from null to io.grpc.stub.ServerCalls$ServerCallStreamObserverImpl@5241a5cc
observerMap[2] [1] [0] changes from null to io.grpc.stub.ServerCalls$ServerCallStreamObserverImpl@b3933a6
observerAccumulator 28 shard 2
observerMap[2] [0] [0] changes from null to io.grpc.stub.ServerCalls$ServerCallStreamObserverImpl@43c0b3f1
observerAccumulator 29 shard 2
observerAccumulator 30 shard 2
observerMap[0] [0] [0] changes from null to io.grpc.stub.ServerCalls$ServerCallStreamObserverImpl@894795f
observerAccumulator 31 shard 0
observerMap[1] [3] [0] changes from null to io.grpc.stub.ServerCalls$ServerCallStreamObserverImpl@31576aa2
observerAccumulator 32 shard 1
observerMap[2] [2] [0] changes from null to io.grpc.stub.ServerCalls$ServerCallStreamObserverImpl@5e8cf3d3
observerAccumulator 33 shard 2
observerMap[0] [1] [0] changes from null to io.grpc.stub.ServerCalls$ServerCallStreamObserverImpl@31309287
observerMap[1] [2] [0] changes from null to io.grpc.stub.ServerCalls$ServerCallStreamObserverImpl@3ce601cc
observerMap[1] [0] [0] changes from null to io.grpc.stub.ServerCalls$ServerCallStreamObserverImpl@65cb1a
observerAccumulator 34 shard 0
observerAccumulator 35 shard 1
observerAccumulator 36 shard 1
observerMap[1] [1] [1] changes from io.grpc.stub.ServerCalls$ServerCallStreamObserverImpl@7acbb21d to io.grpc.stub.ServerCalls$ServerCallStreamObserverImpl@168ad2dc
observerAccumulator 37 shard 1
observerMap[2] [2] [1] changes from io.grpc.stub.ServerCalls$ServerCallStreamObserverImpl@585193f5 to io.grpc.stub.ServerCalls$ServerCallStreamObserverImpl@6153105b
observerAccumulator 38 shard 2
observerMap[2] [0] [1] changes from io.grpc.stub.ServerCalls$ServerCallStreamObserverImpl@2bb71e5f to io.grpc.stub.ServerCalls$ServerCallStreamObserverImpl@28a412b4
observerAccumulator 39 shard 2
observerMap[0] [3] [1] changes from io.grpc.stub.ServerCalls$ServerCallStreamObserverImpl@1887b331 to io.grpc.stub.ServerCalls$ServerCallStreamObserverImpl@d9bdcb
observerAccumulator 40 shard 0
observerMap[2] [1] [1] changes from io.grpc.stub.ServerCalls$ServerCallStreamObserverImpl@168e0da0 to io.grpc.stub.ServerCalls$ServerCallStreamObserverImpl@6bdf326b
observerAccumulator 41 shard 2
observerMap[1] [3] [1] changes from io.grpc.stub.ServerCalls$ServerCallStreamObserverImpl@4b8ea1be to io.grpc.stub.ServerCalls$ServerCallStreamObserverImpl@1f55fac5
observerAccumulator 42 shard 1
observerMap[1] [0] [1] changes from io.grpc.stub.ServerCalls$ServerCallStreamObserverImpl@70560ee4 to io.grpc.stub.ServerCalls$ServerCallStreamObserverImpl@32114da
observerAccumulator 43 shard 1
observerMap[2] [3] [1] changes from io.grpc.stub.ServerCalls$ServerCallStreamObserverImpl@7302963f to io.grpc.stub.ServerCalls$ServerCallStreamObserverImpl@29c8c86b
observerAccumulator 44 shard 2
observerMap[0] [2] [1] changes from io.grpc.stub.ServerCalls$ServerCallStreamObserverImpl@7288002a to io.grpc.stub.ServerCalls$ServerCallStreamObserverImpl@23d451cb
observerAccumulator 45 shard 0
observerMap[0] [0] [1] changes from io.grpc.stub.ServerCalls$ServerCallStreamObserverImpl@6750cb0b to io.grpc.stub.ServerCalls$ServerCallStreamObserverImpl@2c733e2
observerAccumulator 46 shard 0
observerMap[1] [2] [1] changes from io.grpc.stub.ServerCalls$ServerCallStreamObserverImpl@26e2246a to io.grpc.stub.ServerCalls$ServerCallStreamObserverImpl@70a81832
observerAccumulator 47 shard 1
observerMap[0] [1] [1] changes from io.grpc.stub.ServerCalls$ServerCallStreamObserverImpl@5b0a7578 to io.grpc.stub.ServerCalls$ServerCallStreamObserverImpl@1427c67f
observerAccumulator 48 shard 0
tailObserver.onCompleted shard: 0 client: 2 write:false 2022-12-09 14:21:29.6
headObserver.onCompleted shard: 0 client: 2 write:true 2022-12-09 14:21:29.6
headObserver.onCompleted shard: 1 client: 2 write:true 2022-12-09 14:21:29.6
tailObserver.onCompleted shard: 1 client: 2 write:false 2022-12-09 14:21:29.6
tailObserver.onCompleted shard: 2 client: 2 write:false 2022-12-09 14:21:29.6
headObserver.onCompleted shard: 2 client: 2 write:true 2022-12-09 14:21:29.6
sendReply.onError shard: 2 client: 2 write:false 2022-12-09 14:21:29.6
[grpc-default-executor-58] ERROR site.ycsb.db.rocksdb.Replicator - Encountered error in sendReply
io.grpc.StatusRuntimeException: CANCELLED: client cancelledsendReply.onError shard: 0 client: 2 write:false 2022-12-09 14:21:29.6

sendReply.onError shard: 1 client: 2 write:false 2022-12-09 14:21:29.6
	at io.grpc.Status.asRuntimeException(Status.java:526)
	at io.grpc.stub.ServerCalls$StreamingServerCallHandler$StreamingServerCallListener.onCancel(ServerCalls.java:284)
	at io.grpc.internal.ServerCallImpl$ServerStreamListenerImpl.closedInternal(ServerCallImpl.java:353)
	at io.grpc.internal.ServerCallImpl$ServerStreamListenerImpl.closed(ServerCallImpl.java:341)
	at io.grpc.internal.ServerImpl$JumpToApplicationThreadServerStreamListener$1Closed.runInContext(ServerImpl.java:844)
	at io.grpc.internal.ContextRunnable.run(ContextRunnable.java:37)
	at io.grpc.internal.SerializingExecutor.run(SerializingExecutor.java:123)
	at java.base/java.util.concurrent.ThreadPoolExecutor.runWorker(ThreadPoolExecutor.java:1128)
	at java.base/java.util.concurrent.ThreadPoolExecutor$Worker.run(ThreadPoolExecutor.java:628)
	at java.base/java.lang.Thread.run(Thread.java:829)
[grpc-default-executor-67] ERROR site.ycsb.db.rocksdb.Replicator - Encountered error in sendReply
[grpc-default-executor-45] ERROR site.ycsb.db.rocksdb.Replicator - Encountered error in sendReply
sendReply.onError shard: 2 client: 2 write:true 2022-12-09 14:21:29.6
io.grpc.StatusRuntimeException: CANCELLED: client cancelled
sendReply.onError shard: 1 client: 2 write:true 2022-12-09 14:21:29.601
dumbObserver.onCompleted shard: 0 client: 2 write:false 2022-12-09 14:21:29.601
sendReply.onError shard: 0 client: 2 write:true 2022-12-09 14:21:29.601
	at io.grpc.Status.asRuntimeException(Status.java:526)
dumbObserver.onCompleted shard: 2 client: 2 write:false 2022-12-09 14:21:29.6	at io.grpc.stub.ServerCalls$StreamingServerCallHandler$StreamingServerCallListener.onCancel(ServerCalls.java:284)

	at io.grpc.internal.ServerCallImpl$ServerStreamListenerImpl.closedInternal(ServerCallImpl.java:353)
	at io.grpc.internal.ServerCallImpl$ServerStreamListenerImpl.closed(ServerCallImpl.java:341)
	at io.grpc.internal.ServerImpl$JumpToApplicationThreadServerStreamListener$1Closed.runInContext(ServerImpl.java:844)
	at io.grpc.internal.ContextRunnable.run(ContextRunnable.java:37)
	at io.grpc.internal.SerializingExecutor.run(SerializingExecutor.java:123)dumbObserver.onCompleted shard: 1 client: 2 write:false 2022-12-09 14:21:29.601

	at java.base/java.util.concurrent.ThreadPoolExecutor.runWorker(ThreadPoolExecutor.java:1128)
	at java.base/java.util.concurrent.ThreadPoolExecutor$Worker.run(ThreadPoolExecutor.java:628)
	at java.base/java.lang.Thread.run(Thread.java:829)
[grpc-default-executor-58] ERROR site.ycsb.db.rocksdb.Replicator - Encountered error in sendReply
[grpc-default-executor-54] ERROR site.ycsb.db.rocksdb.Replicator - Encountered error in sendReply
[grpc-default-executor-66] ERROR site.ycsb.db.rocksdb.Replicator - Encountered error in sendReply
io.grpc.StatusRuntimeException: CANCELLED: client cancelled
	at io.grpc.Status.asRuntimeException(Status.java:526)
	at io.grpc.stub.ServerCalls$StreamingServerCallHandler$StreamingServerCallListener.onCancel(ServerCalls.java:284)
	at io.grpc.internal.ServerCallImpl$ServerStreamListenerImpl.closedInternal(ServerCallImpl.java:353)
	at io.grpc.internal.ServerCallImpl$ServerStreamListenerImpl.closed(ServerCallImpl.java:341)
	at io.grpc.internal.ServerImpl$JumpToApplicationThreadServerStreamListener$1Closed.runInContext(ServerImpl.java:844)dumbObserver.onCompleted shard: 1 client: 2 write:true 2022-12-09 14:21:29.601

	at io.grpc.internal.ContextRunnable.run(ContextRunnable.java:37)
	at io.grpc.internal.SerializingExecutor.run(SerializingExecutor.java:123)
	at java.base/java.util.concurrent.ThreadPoolExecutor.runWorker(ThreadPoolExecutor.java:1128)
	at java.base/java.util.concurrent.ThreadPoolExecutor$Worker.run(ThreadPoolExecutor.java:628)
	at java.base/java.lang.Thread.run(Thread.java:829)
io.grpc.StatusRuntimeException: CANCELLED: client cancelled
dumbObserver.onCompleted shard: 2 client: 2 write:true 2022-12-09 14:21:29.601	at io.grpc.Status.asRuntimeException(Status.java:526)

	at io.grpc.stub.ServerCalls$StreamingServerCallHandler$StreamingServerCallListener.onCancel(ServerCalls.java:284)
	at io.grpc.internal.ServerCallImpl$ServerStreamListenerImpl.closedInternal(ServerCallImpl.java:353)
	at io.grpc.internal.ServerCallImpl$ServerStreamListenerImpl.closed(ServerCallImpl.java:341)
	at io.grpc.internal.ServerImpl$JumpToApplicationThreadServerStreamListener$1Closed.runInContext(ServerImpl.java:844)
dumbObserver.onCompleted shard: 0 client: 2 write:true 2022-12-09 14:21:29.601	at io.grpc.internal.ContextRunnable.run(ContextRunnable.java:37)

	at io.grpc.internal.SerializingExecutor.run(SerializingExecutor.java:123)
	at java.base/java.util.concurrent.ThreadPoolExecutor.runWorker(ThreadPoolExecutor.java:1128)
	at java.base/java.util.concurrent.ThreadPoolExecutor$Worker.run(ThreadPoolExecutor.java:628)
	at java.base/java.lang.Thread.run(Thread.java:829)
io.grpc.StatusRuntimeException: CANCELLED: client cancelled
	at io.grpc.Status.asRuntimeException(Status.java:526)
	at io.grpc.stub.ServerCalls$StreamingServerCallHandler$StreamingServerCallListener.onCancel(ServerCalls.java:284)
	at io.grpc.internal.ServerCallImpl$ServerStreamListenerImpl.closedInternal(ServerCallImpl.java:353)
	at io.grpc.internal.ServerCallImpl$ServerStreamListenerImpl.closed(ServerCallImpl.java:341)
	at io.grpc.internal.ServerImpl$JumpToApplicationThreadServerStreamListener$1Closed.runInContext(ServerImpl.java:844)
	at io.grpc.internal.ContextRunnable.run(ContextRunnable.java:37)
	at io.grpc.internal.SerializingExecutor.run(SerializingExecutor.java:123)
	at java.base/java.util.concurrent.ThreadPoolExecutor.runWorker(ThreadPoolExecutor.java:1128)
	at java.base/java.util.concurrent.ThreadPoolExecutor$Worker.run(ThreadPoolExecutor.java:628)
	at java.base/java.lang.Thread.run(Thread.java:829)
io.grpc.StatusRuntimeException: CANCELLED: client cancelled
	at io.grpc.Status.asRuntimeException(Status.java:526)
	at io.grpc.stub.ServerCalls$StreamingServerCallHandler$StreamingServerCallListener.onCancel(ServerCalls.java:284)
	at io.grpc.internal.ServerCallImpl$ServerStreamListenerImpl.closedInternal(ServerCallImpl.java:353)
	at io.grpc.internal.ServerCallImpl$ServerStreamListenerImpl.closed(ServerCallImpl.java:341)
	at io.grpc.internal.ServerImpl$JumpToApplicationThreadServerStreamListener$1Closed.runInContext(ServerImpl.java:844)
	at io.grpc.internal.ContextRunnable.run(ContextRunnable.java:37)
	at io.grpc.internal.SerializingExecutor.run(SerializingExecutor.java:123)
	at java.base/java.util.concurrent.ThreadPoolExecutor.runWorker(ThreadPoolExecutor.java:1128)
	at java.base/java.util.concurrent.ThreadPoolExecutor$Worker.run(ThreadPoolExecutor.java:628)
	at java.base/java.lang.Thread.run(Thread.java:829)
headObserver.onCompleted shard: 2 client: 3 write:true 2022-12-09 14:21:29.65
tailObserver.onCompleted shard: 1 client: 3 write:false 2022-12-09 14:21:29.65
tailObserver.onCompleted shard: 0 client: 3 write:false 2022-12-09 14:21:29.65
headObserver.onCompleted shard: 0 client: 3 write:true 2022-12-09 14:21:29.65
tailObserver.onCompleted shard: 2 client: 3 write:false 2022-12-09 14:21:29.65
headObserver.onCompleted shard: 1 client: 3 write:true 2022-12-09 14:21:29.65
sendReply.onError shard: 2 client: 3 write:false 2022-12-09 14:21:29.65
[grpc-default-executor-67] ERROR site.ycsb.db.rocksdb.Replicator - Encountered error in sendReply
sendReply.onError shard: 0 client: 3 write:false 2022-12-09 14:21:29.65
[grpc-default-executor-66] ERROR site.ycsb.db.rocksdb.Replicator - Encountered error in sendReply
io.grpc.StatusRuntimeException: CANCELLED: client cancelled
sendReply.onError shard: 1 client: 3 write:false 2022-12-09 14:21:29.65
	at io.grpc.Status.asRuntimeException(Status.java:526)
	at io.grpc.stub.ServerCalls$StreamingServerCallHandler$StreamingServerCallListener.onCancel(ServerCalls.java:284)
	at io.grpc.internal.ServerCallImpl$ServerStreamListenerImpl.closedInternal(ServerCallImpl.java:353)sendReply.onError shard: 2 client: 3 write:true 2022-12-09 14:21:29.65

	at io.grpc.internal.ServerCallImpl$ServerStreamListenerImpl.closed(ServerCallImpl.java:341)
	at io.grpc.internal.ServerImpl$JumpToApplicationThreadServerStreamListener$1Closed.runInContext(ServerImpl.java:844)
	at io.grpc.internal.ContextRunnable.run(ContextRunnable.java:37)
	at io.grpc.internal.SerializingExecutor.run(SerializingExecutor.java:123)
sendReply.onError shard: 1 client: 3 write:true 2022-12-09 14:21:29.65
	at java.base/java.util.concurrent.ThreadPoolExecutor.runWorker(ThreadPoolExecutor.java:1128)
	at java.base/java.util.concurrent.ThreadPoolExecutor$Worker.run(ThreadPoolExecutor.java:628)
	at java.base/java.lang.Thread.run(Thread.java:829)
[grpc-default-executor-54] ERROR site.ycsb.db.rocksdb.Replicator - Encountered error in sendReply
sendReply.onError shard: 0 client: 3 write:true 2022-12-09 14:21:29.65[grpc-default-executor-68] ERROR site.ycsb.db.rocksdb.Replicator - Encountered error in sendReply

dumbObserver.onCompleted shard: 2 client: 3 write:false 2022-12-09 14:21:29.651
[grpc-default-executor-63] ERROR site.ycsb.db.rocksdb.Replicator - Encountered error in sendReply
dumbObserver.onCompleted shard: 0 client: 3 write:false 2022-12-09 14:21:29.651
io.grpc.StatusRuntimeException: CANCELLED: client cancelled
	at io.grpc.Status.asRuntimeException(Status.java:526)
	at io.grpc.stub.ServerCalls$StreamingServerCallHandler$StreamingServerCallListener.onCancel(ServerCalls.java:284)
	at io.grpc.internal.ServerCallImpl$ServerStreamListenerImpl.closedInternal(ServerCallImpl.java:353)
	at io.grpc.internal.ServerCallImpl$ServerStreamListenerImpl.closed(ServerCallImpl.java:341)
	at io.grpc.internal.ServerImpl$JumpToApplicationThreadServerStreamListener$1Closed.runInContext(ServerImpl.java:844)dumbObserver.onCompleted shard: 1 client: 3 write:false 2022-12-09 14:21:29.651

	at io.grpc.internal.ContextRunnable.run(ContextRunnable.java:37)
	at io.grpc.internal.SerializingExecutor.run(SerializingExecutor.java:123)
	at java.base/java.util.concurrent.ThreadPoolExecutor.runWorker(ThreadPoolExecutor.java:1128)
	at java.base/java.util.concurrent.ThreadPoolExecutor$Worker.run(ThreadPoolExecutor.java:628)
	at java.base/java.lang.Thread.run(Thread.java:829)
io.grpc.StatusRuntimeException: CANCELLED: client cancelleddumbObserver.onCompleted shard: 1 client: 3 write:true 2022-12-09 14:21:29.651

	at io.grpc.Status.asRuntimeException(Status.java:526)
	at io.grpc.stub.ServerCalls$StreamingServerCallHandler$StreamingServerCallListener.onCancel(ServerCalls.java:284)
dumbObserver.onCompleted shard: 2 client: 3 write:true 2022-12-09 14:21:29.651	at io.grpc.internal.ServerCallImpl$ServerStreamListenerImpl.closedInternal(ServerCallImpl.java:353)

	at io.grpc.internal.ServerCallImpl$ServerStreamListenerImpl.closed(ServerCallImpl.java:341)
	at io.grpc.internal.ServerImpl$JumpToApplicationThreadServerStreamListener$1Closed.runInContext(ServerImpl.java:844)
	at io.grpc.internal.ContextRunnable.run(ContextRunnable.java:37)
	at io.grpc.internal.SerializingExecutor.run(SerializingExecutor.java:123)
	at java.base/java.util.concurrent.ThreadPoolExecutor.runWorker(ThreadPoolExecutor.java:1128)
	at java.base/java.util.concurrent.ThreadPoolExecutor$Worker.run(ThreadPoolExecutor.java:628)
	at java.base/java.lang.Thread.run(Thread.java:829)
io.grpc.StatusRuntimeException: CANCELLED: client cancelled
	at io.grpc.Status.asRuntimeException(Status.java:526)
	at io.grpc.stub.ServerCalls$StreamingServerCallHandler$StreamingServerCallListener.onCancel(ServerCalls.java:284)
	at io.grpc.internal.ServerCallImpl$ServerStreamListenerImpl.closedInternal(ServerCallImpl.java:353)
	at io.grpc.internal.ServerCallImpl$ServerStreamListenerImpl.closed(ServerCallImpl.java:341)
	at io.grpc.internal.ServerImpl$JumpToApplicationThreadServerStreamListener$1Closed.runInContext(ServerImpl.java:844)
	at io.grpc.internal.ContextRunnable.run(ContextRunnable.java:37)
	at io.grpc.internal.SerializingExecutor.run(SerializingExecutor.java:123)
	at java.base/java.util.concurrent.ThreadPoolExecutor.runWorker(ThreadPoolExecutor.java:1128)
	at java.base/java.util.concurrent.ThreadPoolExecutor$Worker.run(ThreadPoolExecutor.java:628)
	at java.base/java.lang.Thread.run(Thread.java:829)
io.grpc.StatusRuntimeException: CANCELLED: client cancelled
	at io.grpc.Status.asRuntimeException(Status.java:526)
	at io.grpc.stub.ServerCalls$StreamingServerCallHandler$StreamingServerCallListener.onCancel(ServerCalls.java:284)
	at io.grpc.internal.ServerCallImpl$ServerStreamListenerImpl.closedInternal(ServerCallImpl.java:353)
	at io.grpc.internal.ServerCallImpl$ServerStreamListenerImpl.closed(ServerCallImpl.java:341)
	at io.grpc.internal.ServerImpl$JumpToApplicationThreadServerStreamListener$1Closed.runInContext(ServerImpl.java:844)
	at io.grpc.internal.ContextRunnable.run(ContextRunnable.java:37)
	at io.grpc.internal.SerializingExecutor.run(SerializingExecutor.java:123)
dumbObserver.onCompleted shard: 0 client: 3 write:true 2022-12-09 14:21:29.651	at java.base/java.util.concurrent.ThreadPoolExecutor.runWorker(ThreadPoolExecutor.java:1128)

	at java.base/java.util.concurrent.ThreadPoolExecutor$Worker.run(ThreadPoolExecutor.java:628)
	at java.base/java.lang.Thread.run(Thread.java:829)
[grpc-default-executor-60] ERROR site.ycsb.db.rocksdb.Replicator - Encountered error in sendReply
io.grpc.StatusRuntimeException: CANCELLED: client cancelled
	at io.grpc.Status.asRuntimeException(Status.java:526)
	at io.grpc.stub.ServerCalls$StreamingServerCallHandler$StreamingServerCallListener.onCancel(ServerCalls.java:284)
	at io.grpc.internal.ServerCallImpl$ServerStreamListenerImpl.closedInternal(ServerCallImpl.java:353)
	at io.grpc.internal.ServerCallImpl$ServerStreamListenerImpl.closed(ServerCallImpl.java:341)
	at io.grpc.internal.ServerImpl$JumpToApplicationThreadServerStreamListener$1Closed.runInContext(ServerImpl.java:844)
	at io.grpc.internal.ContextRunnable.run(ContextRunnable.java:37)
	at io.grpc.internal.SerializingExecutor.run(SerializingExecutor.java:123)
	at java.base/java.util.concurrent.ThreadPoolExecutor.runWorker(ThreadPoolExecutor.java:1128)
	at java.base/java.util.concurrent.ThreadPoolExecutor$Worker.run(ThreadPoolExecutor.java:628)
	at java.base/java.lang.Thread.run(Thread.java:829)
tailObserver.onCompleted shard: 0 client: 1 write:false 2022-12-09 14:21:29.655
headObserver.onCompleted shard: 2 client: 1 write:true 2022-12-09 14:21:29.655
tailObserver.onCompleted shard: 2 client: 1 write:false 2022-12-09 14:21:29.655
headObserver.onCompleted shard: 0 client: 1 write:true 2022-12-09 14:21:29.655
tailObserver.onCompleted shard: 1 client: 1 write:false 2022-12-09 14:21:29.655
headObserver.onCompleted shard: 1 client: 1 write:true 2022-12-09 14:21:29.655
sendReply.onError shard: 0 client: 1 write:false 2022-12-09 14:21:29.656
[grpc-default-executor-52] ERROR site.ycsb.db.rocksdb.Replicator - Encountered error in sendReply
io.grpc.StatusRuntimeException: CANCELLED: client cancelled
sendReply.onError shard: 2 client: 1 write:false 2022-12-09 14:21:29.656	at io.grpc.Status.asRuntimeException(Status.java:526)

	at io.grpc.stub.ServerCalls$StreamingServerCallHandler$StreamingServerCallListener.onCancel(ServerCalls.java:284)
	at io.grpc.internal.ServerCallImpl$ServerStreamListenerImpl.closedInternal(ServerCallImpl.java:353)
	at io.grpc.internal.ServerCallImpl$ServerStreamListenerImpl.closed(ServerCallImpl.java:341)
	at io.grpc.internal.ServerImpl$JumpToApplicationThreadServerStreamListener$1Closed.runInContext(ServerImpl.java:844)
	at io.grpc.internal.ContextRunnable.run(ContextRunnable.java:37)
	at io.grpc.internal.SerializingExecutor.run(SerializingExecutor.java:123)
	at java.base/java.util.concurrent.ThreadPoolExecutor.runWorker(ThreadPoolExecutor.java:1128)
	at java.base/java.util.concurrent.ThreadPoolExecutor$Worker.run(ThreadPoolExecutor.java:628)
	at java.base/java.lang.Thread.run(Thread.java:829)
[grpc-default-executor-63] ERROR site.ycsb.db.rocksdb.Replicator - Encountered error in sendReply
io.grpc.StatusRuntimeException: CANCELLED: client cancelled
	at io.grpc.Status.asRuntimeException(Status.java:526)
	at io.grpc.stub.ServerCalls$StreamingServerCallHandler$StreamingServerCallListener.onCancel(ServerCalls.java:284)
	at io.grpc.internal.ServerCallImpl$ServerStreamListenerImpl.closedInternal(ServerCallImpl.java:353)
	at io.grpc.internal.ServerCallImpl$ServerStreamListenerImpl.closed(ServerCallImpl.java:341)
	at io.grpc.internal.ServerImpl$JumpToApplicationThreadServerStreamListener$1Closed.runInContext(ServerImpl.java:844)
	at io.grpc.internal.ContextRunnable.run(ContextRunnable.java:37)
dumbObserver.onCompleted shard: 0 client: 1 write:false 2022-12-09 14:21:29.656	at io.grpc.internal.SerializingExecutor.run(SerializingExecutor.java:123)

	at java.base/java.util.concurrent.ThreadPoolExecutor.runWorker(ThreadPoolExecutor.java:1128)
sendReply.onError shard: 1 client: 1 write:false 2022-12-09 14:21:29.656	at java.base/java.util.concurrent.ThreadPoolExecutor$Worker.run(ThreadPoolExecutor.java:628)

	at java.base/java.lang.Thread.run(Thread.java:829)
[grpc-default-executor-68] ERROR site.ycsb.db.rocksdb.Replicator - Encountered error in sendReply
dumbObserver.onCompleted shard: 2 client: 1 write:false 2022-12-09 14:21:29.656
io.grpc.StatusRuntimeException: CANCELLED: client cancelledsendReply.onError shard: 1 client: 1 write:true 2022-12-09 14:21:29.656

sendReply.onError shard: 0 client: 1 write:true 2022-12-09 14:21:29.656	at io.grpc.Status.asRuntimeException(Status.java:526)

	at io.grpc.stub.ServerCalls$StreamingServerCallHandler$StreamingServerCallListener.onCancel(ServerCalls.java:284)
dumbObserver.onCompleted shard: 1 client: 1 write:false 2022-12-09 14:21:29.656	at io.grpc.internal.ServerCallImpl$ServerStreamListenerImpl.closedInternal(ServerCallImpl.java:353)

	at io.grpc.internal.ServerCallImpl$ServerStreamListenerImpl.closed(ServerCallImpl.java:341)
	at io.grpc.internal.ServerImpl$JumpToApplicationThreadServerStreamListener$1Closed.runInContext(ServerImpl.java:844)
	at io.grpc.internal.ContextRunnable.run(ContextRunnable.java:37)
	at io.grpc.internal.SerializingExecutor.run(SerializingExecutor.java:123)
	at java.base/java.util.concurrent.ThreadPoolExecutor.runWorker(ThreadPoolExecutor.java:1128)
	at java.base/java.util.concurrent.ThreadPoolExecutor$Worker.run(ThreadPoolExecutor.java:628)
	at java.base/java.lang.Thread.run(Thread.java:829)
[grpc-default-executor-52] ERROR site.ycsb.db.rocksdb.Replicator - Encountered error in sendReply
[grpc-default-executor-54] ERROR site.ycsb.db.rocksdb.Replicator - Encountered error in sendReply
io.grpc.StatusRuntimeException: CANCELLED: client cancelled
	at io.grpc.Status.asRuntimeException(Status.java:526)
	at io.grpc.stub.ServerCalls$StreamingServerCallHandler$StreamingServerCallListener.onCancel(ServerCalls.java:284)
	at io.grpc.internal.ServerCallImpl$ServerStreamListenerImpl.closedInternal(ServerCallImpl.java:353)
	at io.grpc.internal.ServerCallImpl$ServerStreamListenerImpl.closed(ServerCallImpl.java:341)
	at io.grpc.internal.ServerImpl$JumpToApplicationThreadServerStreamListener$1Closed.runInContext(ServerImpl.java:844)
	at io.grpc.internal.ContextRunnable.run(ContextRunnable.java:37)
	at io.grpc.internal.SerializingExecutor.run(SerializingExecutor.java:123)
	at java.base/java.util.concurrent.ThreadPoolExecutor.runWorker(ThreadPoolExecutor.java:1128)
	at java.base/java.util.concurrent.ThreadPoolExecutor$Worker.run(ThreadPoolExecutor.java:628)
	at java.base/java.lang.Thread.run(Thread.java:829)
io.grpc.StatusRuntimeException: CANCELLED: client cancelled
	at io.grpc.Status.asRuntimeException(Status.java:526)
	at io.grpc.stub.ServerCalls$StreamingServerCallHandler$StreamingServerCallListener.onCancel(ServerCalls.java:284)
	at io.grpc.internal.ServerCallImpl$ServerStreamListenerImpl.closedInternal(ServerCallImpl.java:353)
	at io.grpc.internal.ServerCallImpl$ServerStreamListenerImpl.closed(ServerCallImpl.java:341)
	at io.grpc.internal.ServerImpl$JumpToApplicationThreadServerStreamListener$1Closed.runInContext(ServerImpl.java:844)
	at io.grpc.internal.ContextRunnable.run(ContextRunnable.java:37)
	at io.grpc.internal.SerializingExecutor.run(SerializingExecutor.java:123)
	at java.base/java.util.concurrent.ThreadPoolExecutor.runWorker(ThreadPoolExecutor.java:1128)
	at java.base/java.util.concurrent.ThreadPoolExecutor$Worker.run(ThreadPoolExecutor.java:628)
	at java.base/java.lang.Thread.run(Thread.java:829)
dumbObserver.onCompleted shard: 0 client: 1 write:true 2022-12-09 14:21:29.657
dumbObserver.onCompleted shard: 1 client: 1 write:true 2022-12-09 14:21:29.657
dumbObserver.onError shard: 2 client: 1 write:true 2022-12-09 14:21:29.657
sendReply.onError shard: 2 client: 1 write:true 2022-12-09 14:21:29.674
[grpc-default-executor-52] ERROR site.ycsb.db.rocksdb.Replicator - Encountered error in sendReply
io.grpc.StatusRuntimeException: CANCELLED: client cancelled
	at io.grpc.Status.asRuntimeException(Status.java:526)
	at io.grpc.stub.ServerCalls$StreamingServerCallHandler$StreamingServerCallListener.onCancel(ServerCalls.java:284)
	at io.grpc.internal.ServerCallImpl$ServerStreamListenerImpl.closedInternal(ServerCallImpl.java:353)
	at io.grpc.internal.ServerCallImpl$ServerStreamListenerImpl.closed(ServerCallImpl.java:341)
	at io.grpc.internal.ServerImpl$JumpToApplicationThreadServerStreamListener$1Closed.runInContext(ServerImpl.java:844)
	at io.grpc.internal.ContextRunnable.run(ContextRunnable.java:37)
	at io.grpc.internal.SerializingExecutor.run(SerializingExecutor.java:123)
	at java.base/java.util.concurrent.ThreadPoolExecutor.runWorker(ThreadPoolExecutor.java:1128)
	at java.base/java.util.concurrent.ThreadPoolExecutor$Worker.run(ThreadPoolExecutor.java:628)
	at java.base/java.lang.Thread.run(Thread.java:829)
tailObserver.onCompleted shard: 0 client: 0 write:false 2022-12-09 14:21:29.675
headObserver.onCompleted shard: 2 client: 0 write:true 2022-12-09 14:21:29.675
tailObserver.onCompleted shard: 2 client: 0 write:false 2022-12-09 14:21:29.675
tailObserver.onCompleted shard: 1 client: 0 write:false 2022-12-09 14:21:29.675
headObserver.onCompleted shard: 0 client: 0 write:true 2022-12-09 14:21:29.675
headObserver.onCompleted shard: 1 client: 0 write:true 2022-12-09 14:21:29.675
sendReply.onError shard: 2 client: 0 write:false 2022-12-09 14:21:29.675
[grpc-default-executor-58] ERROR site.ycsb.db.rocksdb.Replicator - Encountered error in sendReply
io.grpc.StatusRuntimeException: CANCELLED: client cancelled
sendReply.onError shard: 0 client: 0 write:false 2022-12-09 14:21:29.675
	at io.grpc.Status.asRuntimeException(Status.java:526)
	at io.grpc.stub.ServerCalls$StreamingServerCallHandler$StreamingServerCallListener.onCancel(ServerCalls.java:284)
sendReply.onError shard: 0 client: 0 write:true 2022-12-09 14:21:29.675	at io.grpc.internal.ServerCallImpl$ServerStreamListenerImpl.closedInternal(ServerCallImpl.java:353)

	at io.grpc.internal.ServerCallImpl$ServerStreamListenerImpl.closed(ServerCallImpl.java:341)
	at io.grpc.internal.ServerImpl$JumpToApplicationThreadServerStreamListener$1Closed.runInContext(ServerImpl.java:844)
	at io.grpc.internal.ContextRunnable.run(ContextRunnable.java:37)
	at io.grpc.internal.SerializingExecutor.run(SerializingExecutor.java:123)
	at java.base/java.util.concurrent.ThreadPoolExecutor.runWorker(ThreadPoolExecutor.java:1128)
	at java.base/java.util.concurrent.ThreadPoolExecutor$Worker.run(ThreadPoolExecutor.java:628)
	at java.base/java.lang.Thread.run(Thread.java:829)
[grpc-default-executor-54] ERROR site.ycsb.db.rocksdb.Replicator - Encountered error in sendReply
dumbObserver.onCompleted shard: 2 client: 0 write:false 2022-12-09 14:21:29.676
[grpc-default-executor-63] ERROR site.ycsb.db.rocksdb.Replicator - Encountered error in sendReply
io.grpc.StatusRuntimeException: CANCELLED: client cancelled
	at io.grpc.Status.asRuntimeException(Status.java:526)
	at io.grpc.stub.ServerCalls$StreamingServerCallHandler$StreamingServerCallListener.onCancel(ServerCalls.java:284)
	at io.grpc.internal.ServerCallImpl$ServerStreamListenerImpl.closedInternal(ServerCallImpl.java:353)
sendReply.onError shard: 1 client: 0 write:true 2022-12-09 14:21:29.676	at io.grpc.internal.ServerCallImpl$ServerStreamListenerImpl.closed(ServerCallImpl.java:341)

	at io.grpc.internal.ServerImpl$JumpToApplicationThreadServerStreamListener$1Closed.runInContext(ServerImpl.java:844)
sendReply.onError shard: 1 client: 0 write:false 2022-12-09 14:21:29.677	at io.grpc.internal.ContextRunnable.run(ContextRunnable.java:37)

sendReply.onError shard: 2 client: 0 write:true 2022-12-09 14:21:29.677	at io.grpc.internal.SerializingExecutor.run(SerializingExecutor.java:123)

	at java.base/java.util.concurrent.ThreadPoolExecutor.runWorker(ThreadPoolExecutor.java:1128)dumbObserver.onCompleted shard: 1 client: 0 write:true 2022-12-09 14:21:29.677

	at java.base/java.util.concurrent.ThreadPoolExecutor$Worker.run(ThreadPoolExecutor.java:628)
dumbObserver.onCompleted shard: 0 client: 0 write:false 2022-12-09 14:21:29.677	at java.base/java.lang.Thread.run(Thread.java:829)

[grpc-default-executor-58] ERROR site.ycsb.db.rocksdb.Replicator - Encountered error in sendReplydumbObserver.onCompleted shard: 0 client: 0 write:true 2022-12-09 14:21:29.677

[grpc-default-executor-66] ERROR site.ycsb.db.rocksdb.Replicator - Encountered error in sendReply
dumbObserver.onCompleted shard: 2 client: 0 write:true 2022-12-09 14:21:29.677
[grpc-default-executor-68] ERROR site.ycsb.db.rocksdb.Replicator - Encountered error in sendReply
io.grpc.StatusRuntimeException: CANCELLED: client cancelled
	at io.grpc.Status.asRuntimeException(Status.java:526)
dumbObserver.onCompleted shard: 1 client: 0 write:false 2022-12-09 14:21:29.677	at io.grpc.stub.ServerCalls$StreamingServerCallHandler$StreamingServerCallListener.onCancel(ServerCalls.java:284)

	at io.grpc.internal.ServerCallImpl$ServerStreamListenerImpl.closedInternal(ServerCallImpl.java:353)
	at io.grpc.internal.ServerCallImpl$ServerStreamListenerImpl.closed(ServerCallImpl.java:341)
	at io.grpc.internal.ServerImpl$JumpToApplicationThreadServerStreamListener$1Closed.runInContext(ServerImpl.java:844)
	at io.grpc.internal.ContextRunnable.run(ContextRunnable.java:37)
	at io.grpc.internal.SerializingExecutor.run(SerializingExecutor.java:123)
	at java.base/java.util.concurrent.ThreadPoolExecutor.runWorker(ThreadPoolExecutor.java:1128)
	at java.base/java.util.concurrent.ThreadPoolExecutor$Worker.run(ThreadPoolExecutor.java:628)
	at java.base/java.lang.Thread.run(Thread.java:829)
io.grpc.StatusRuntimeException: CANCELLED: client cancelled
	at io.grpc.Status.asRuntimeException(Status.java:526)
	at io.grpc.stub.ServerCalls$StreamingServerCallHandler$StreamingServerCallListener.onCancel(ServerCalls.java:284)
	at io.grpc.internal.ServerCallImpl$ServerStreamListenerImpl.closedInternal(ServerCallImpl.java:353)
	at io.grpc.internal.ServerCallImpl$ServerStreamListenerImpl.closed(ServerCallImpl.java:341)
	at io.grpc.internal.ServerImpl$JumpToApplicationThreadServerStreamListener$1Closed.runInContext(ServerImpl.java:844)
	at io.grpc.internal.ContextRunnable.run(ContextRunnable.java:37)
	at io.grpc.internal.SerializingExecutor.run(SerializingExecutor.java:123)
	at java.base/java.util.concurrent.ThreadPoolExecutor.runWorker(ThreadPoolExecutor.java:1128)
	at java.base/java.util.concurrent.ThreadPoolExecutor$Worker.run(ThreadPoolExecutor.java:628)
	at java.base/java.lang.Thread.run(Thread.java:829)
io.grpc.StatusRuntimeException: CANCELLED: client cancelled
	at io.grpc.Status.asRuntimeException(Status.java:526)
	at io.grpc.stub.ServerCalls$StreamingServerCallHandler$StreamingServerCallListener.onCancel(ServerCalls.java:284)
	at io.grpc.internal.ServerCallImpl$ServerStreamListenerImpl.closedInternal(ServerCallImpl.java:353)
	at io.grpc.internal.ServerCallImpl$ServerStreamListenerImpl.closed(ServerCallImpl.java:341)
	at io.grpc.internal.ServerImpl$JumpToApplicationThreadServerStreamListener$1Closed.runInContext(ServerImpl.java:844)
	at io.grpc.internal.ContextRunnable.run(ContextRunnable.java:37)
	at io.grpc.internal.SerializingExecutor.run(SerializingExecutor.java:123)
	at java.base/java.util.concurrent.ThreadPoolExecutor.runWorker(ThreadPoolExecutor.java:1128)
	at java.base/java.util.concurrent.ThreadPoolExecutor$Worker.run(ThreadPoolExecutor.java:628)
	at java.base/java.lang.Thread.run(Thread.java:829)
io.grpc.StatusRuntimeException: CANCELLED: client cancelled
	at io.grpc.Status.asRuntimeException(Status.java:526)
	at io.grpc.stub.ServerCalls$StreamingServerCallHandler$StreamingServerCallListener.onCancel(ServerCalls.java:284)
	at io.grpc.internal.ServerCallImpl$ServerStreamListenerImpl.closedInternal(ServerCallImpl.java:353)
	at io.grpc.internal.ServerCallImpl$ServerStreamListenerImpl.closed(ServerCallImpl.java:341)
	at io.grpc.internal.ServerImpl$JumpToApplicationThreadServerStreamListener$1Closed.runInContext(ServerImpl.java:844)
	at io.grpc.internal.ContextRunnable.run(ContextRunnable.java:37)
	at io.grpc.internal.SerializingExecutor.run(SerializingExecutor.java:123)
	at java.base/java.util.concurrent.ThreadPoolExecutor.runWorker(ThreadPoolExecutor.java:1128)
	at java.base/java.util.concurrent.ThreadPoolExecutor$Worker.run(ThreadPoolExecutor.java:628)
	at java.base/java.lang.Thread.run(Thread.java:829)
*** shutting down gRPC server since JVM is shutting down
